03/12 10:01:21 PM | <<<---->>> [Epoch 0/140, Batch 97/98] <<<---->>>
<<--ETA: 0:00:00		<<--LR: 0.000125	<<--Train Epoch Total loss:114.55987731777891
03/12 10:01:21 PM | 
---- Evaluating Model ----
03/12 10:01:29 PM | +-------+------------+---------+
| Index | Class name | AP      |
+-------+------------+---------+
| 0     | ship       | 0.11839 |
+-------+------------+---------+
03/12 10:01:29 PM | ---- mAP 0.11839078804138613
03/12 10:02:30 PM | <<<---->>> [Epoch 1/140, Batch 97/98] <<<---->>>
<<--ETA: 0:00:00		<<--LR: 0.000125	<<--Train Epoch Total loss:39.748715867801586
03/12 10:02:30 PM | 
---- Evaluating Model ----
03/12 10:02:38 PM | +-------+------------+---------+
| Index | Class name | AP      |
+-------+------------+---------+
| 0     | ship       | 0.38778 |
+-------+------------+---------+
03/12 10:02:38 PM | ---- mAP 0.3877786652706815
03/12 10:03:38 PM | <<<---->>> [Epoch 2/140, Batch 97/98] <<<---->>>
<<--ETA: 0:00:00		<<--LR: 0.000125	<<--Train Epoch Total loss:18.035445106272796
03/12 10:03:38 PM | 
---- Evaluating Model ----
03/12 10:03:46 PM | +-------+------------+---------+
| Index | Class name | AP      |
+-------+------------+---------+
| 0     | ship       | 0.58580 |
+-------+------------+---------+
03/12 10:03:46 PM | ---- mAP 0.585797241627539
03/12 10:04:46 PM | <<<---->>> [Epoch 3/140, Batch 97/98] <<<---->>>
<<--ETA: 0:00:00		<<--LR: 0.000125	<<--Train Epoch Total loss:11.255017952043183
03/12 10:04:46 PM | 
---- Evaluating Model ----
03/12 10:04:53 PM | +-------+------------+---------+
| Index | Class name | AP      |
+-------+------------+---------+
| 0     | ship       | 0.64466 |
+-------+------------+---------+
03/12 10:04:53 PM | ---- mAP 0.6446622846159129
03/12 10:05:54 PM | <<<---->>> [Epoch 4/140, Batch 97/98] <<<---->>>
<<--ETA: 0:00:00		<<--LR: 0.000125	<<--Train Epoch Total loss:8.236136952225042
03/12 10:05:54 PM | 
---- Evaluating Model ----
03/12 10:06:01 PM | +-------+------------+---------+
| Index | Class name | AP      |
+-------+------------+---------+
| 0     | ship       | 0.71694 |
+-------+------------+---------+
03/12 10:06:01 PM | ---- mAP 0.7169434704693018
03/12 10:07:01 PM | <<<---->>> [Epoch 5/140, Batch 97/98] <<<---->>>
<<--ETA: 0:00:00		<<--LR: 0.000125	<<--Train Epoch Total loss:6.530738397520416
03/12 10:07:01 PM | 
---- Evaluating Model ----
03/12 10:07:09 PM | +-------+------------+---------+
| Index | Class name | AP      |
+-------+------------+---------+
| 0     | ship       | 0.74924 |
+-------+------------+---------+
03/12 10:07:09 PM | ---- mAP 0.7492386375936628
03/12 10:08:09 PM | <<<---->>> [Epoch 6/140, Batch 97/98] <<<---->>>
<<--ETA: 0:00:00		<<--LR: 0.000125	<<--Train Epoch Total loss:5.282417287631911
03/12 10:08:09 PM | 
---- Evaluating Model ----
03/12 10:08:16 PM | +-------+------------+---------+
| Index | Class name | AP      |
+-------+------------+---------+
| 0     | ship       | 0.81416 |
+-------+------------+---------+
03/12 10:08:16 PM | ---- mAP 0.8141561093425023
03/12 10:09:17 PM | <<<---->>> [Epoch 7/140, Batch 97/98] <<<---->>>
<<--ETA: 0:00:00		<<--LR: 0.000125	<<--Train Epoch Total loss:4.389149422548255
03/12 10:09:17 PM | 
---- Evaluating Model ----
03/12 10:09:24 PM | +-------+------------+---------+
| Index | Class name | AP      |
+-------+------------+---------+
| 0     | ship       | 0.72709 |
+-------+------------+---------+
03/12 10:09:24 PM | ---- mAP 0.7270899843326712
03/12 10:10:24 PM | <<<---->>> [Epoch 8/140, Batch 97/98] <<<---->>>
<<--ETA: 0:00:00		<<--LR: 0.000125	<<--Train Epoch Total loss:3.782022230479182
03/12 10:10:24 PM | 
---- Evaluating Model ----
03/12 10:10:31 PM | +-------+------------+---------+
| Index | Class name | AP      |
+-------+------------+---------+
| 0     | ship       | 0.74834 |
+-------+------------+---------+
03/12 10:10:31 PM | ---- mAP 0.7483384565262355
03/12 10:11:32 PM | <<<---->>> [Epoch 9/140, Batch 97/98] <<<---->>>
<<--ETA: 0:00:00		<<--LR: 0.000125	<<--Train Epoch Total loss:3.230386816725439
03/12 10:11:32 PM | 
---- Evaluating Model ----
03/12 10:11:39 PM | +-------+------------+---------+
| Index | Class name | AP      |
+-------+------------+---------+
| 0     | ship       | 0.81761 |
+-------+------------+---------+
03/12 10:11:39 PM | ---- mAP 0.8176126914540807
03/12 10:12:39 PM | <<<---->>> [Epoch 10/140, Batch 97/98] <<<---->>>
<<--ETA: 0:00:00		<<--LR: 0.000125	<<--Train Epoch Total loss:2.8123296377610187
03/12 10:12:39 PM | 
---- Evaluating Model ----
03/12 10:12:46 PM | +-------+------------+---------+
| Index | Class name | AP      |
+-------+------------+---------+
| 0     | ship       | 0.77953 |
+-------+------------+---------+
03/12 10:12:46 PM | ---- mAP 0.7795335573062309
03/12 10:13:46 PM | <<<---->>> [Epoch 11/140, Batch 97/98] <<<---->>>
<<--ETA: 0:00:00		<<--LR: 0.000125	<<--Train Epoch Total loss:2.548835266609581
03/12 10:13:46 PM | 
---- Evaluating Model ----
03/12 10:13:53 PM | +-------+------------+---------+
| Index | Class name | AP      |
+-------+------------+---------+
| 0     | ship       | 0.82687 |
+-------+------------+---------+
03/12 10:13:53 PM | ---- mAP 0.8268725896791831
03/12 10:14:54 PM | <<<---->>> [Epoch 12/140, Batch 97/98] <<<---->>>
<<--ETA: 0:00:00		<<--LR: 0.000125	<<--Train Epoch Total loss:2.269689690093605
03/12 10:14:54 PM | 
---- Evaluating Model ----
03/12 10:15:01 PM | +-------+------------+---------+
| Index | Class name | AP      |
+-------+------------+---------+
| 0     | ship       | 0.81008 |
+-------+------------+---------+
03/12 10:15:01 PM | ---- mAP 0.810075890376202
03/12 10:16:01 PM | <<<---->>> [Epoch 13/140, Batch 97/98] <<<---->>>
<<--ETA: 0:00:00		<<--LR: 0.000125	<<--Train Epoch Total loss:2.0191959726567172
03/12 10:16:01 PM | 
---- Evaluating Model ----
03/12 10:16:08 PM | +-------+------------+---------+
| Index | Class name | AP      |
+-------+------------+---------+
| 0     | ship       | 0.82097 |
+-------+------------+---------+
03/12 10:16:08 PM | ---- mAP 0.8209730069526522
03/12 10:17:08 PM | <<<---->>> [Epoch 14/140, Batch 97/98] <<<---->>>
<<--ETA: 0:00:00		<<--LR: 0.000125	<<--Train Epoch Total loss:1.8337921439384928
03/12 10:17:08 PM | 
---- Evaluating Model ----
03/12 10:17:15 PM | +-------+------------+---------+
| Index | Class name | AP      |
+-------+------------+---------+
| 0     | ship       | 0.84777 |
+-------+------------+---------+
03/12 10:17:15 PM | ---- mAP 0.8477706310222259
03/12 10:18:15 PM | <<<---->>> [Epoch 15/140, Batch 97/98] <<<---->>>
<<--ETA: 0:00:00		<<--LR: 0.000125	<<--Train Epoch Total loss:1.6434304045171153
03/12 10:18:15 PM | 
---- Evaluating Model ----
03/12 10:18:22 PM | +-------+------------+---------+
| Index | Class name | AP      |
+-------+------------+---------+
| 0     | ship       | 0.85491 |
+-------+------------+---------+
03/12 10:18:22 PM | ---- mAP 0.8549095257779337
03/12 10:19:23 PM | <<<---->>> [Epoch 16/140, Batch 97/98] <<<---->>>
<<--ETA: 0:00:00		<<--LR: 0.000125	<<--Train Epoch Total loss:1.5265303558232832
03/12 10:19:23 PM | 
---- Evaluating Model ----
03/12 10:19:30 PM | +-------+------------+---------+
| Index | Class name | AP      |
+-------+------------+---------+
| 0     | ship       | 0.84809 |
+-------+------------+---------+
03/12 10:19:30 PM | ---- mAP 0.8480851979268047
03/12 10:20:30 PM | <<<---->>> [Epoch 17/140, Batch 97/98] <<<---->>>
<<--ETA: 0:00:00		<<--LR: 0.000125	<<--Train Epoch Total loss:1.3247211958680833
03/12 10:20:30 PM | 
---- Evaluating Model ----
03/12 10:20:37 PM | +-------+------------+---------+
| Index | Class name | AP      |
+-------+------------+---------+
| 0     | ship       | 0.83926 |
+-------+------------+---------+
03/12 10:20:37 PM | ---- mAP 0.8392615258738603
03/12 10:21:37 PM | <<<---->>> [Epoch 18/140, Batch 97/98] <<<---->>>
<<--ETA: 0:00:00		<<--LR: 0.000125	<<--Train Epoch Total loss:1.2287344616286608
03/12 10:21:37 PM | 
---- Evaluating Model ----
03/12 10:21:45 PM | +-------+------------+---------+
| Index | Class name | AP      |
+-------+------------+---------+
| 0     | ship       | 0.87953 |
+-------+------------+---------+
03/12 10:21:45 PM | ---- mAP 0.8795334244979696
03/12 10:22:45 PM | <<<---->>> [Epoch 19/140, Batch 97/98] <<<---->>>
<<--ETA: 0:00:00		<<--LR: 0.000125	<<--Train Epoch Total loss:1.1477564232689994
03/12 10:22:45 PM | 
---- Evaluating Model ----
03/12 10:22:52 PM | +-------+------------+---------+
| Index | Class name | AP      |
+-------+------------+---------+
| 0     | ship       | 0.83485 |
+-------+------------+---------+
03/12 10:22:52 PM | ---- mAP 0.8348547097160467
03/12 10:23:52 PM | <<<---->>> [Epoch 20/140, Batch 97/98] <<<---->>>
<<--ETA: 0:00:00		<<--LR: 0.000125	<<--Train Epoch Total loss:1.0328758431940663
03/12 10:23:52 PM | 
---- Evaluating Model ----
03/12 10:23:59 PM | +-------+------------+---------+
| Index | Class name | AP      |
+-------+------------+---------+
| 0     | ship       | 0.87361 |
+-------+------------+---------+
03/12 10:23:59 PM | ---- mAP 0.8736065293099704
03/12 10:24:59 PM | <<<---->>> [Epoch 21/140, Batch 97/98] <<<---->>>
<<--ETA: 0:00:00		<<--LR: 0.000125	<<--Train Epoch Total loss:0.9312314524942514
03/12 10:24:59 PM | 
---- Evaluating Model ----
03/12 10:25:06 PM | +-------+------------+---------+
| Index | Class name | AP      |
+-------+------------+---------+
| 0     | ship       | 0.88090 |
+-------+------------+---------+
03/12 10:25:06 PM | ---- mAP 0.8808973556167103
03/12 10:26:07 PM | <<<---->>> [Epoch 22/140, Batch 97/98] <<<---->>>
<<--ETA: 0:00:00		<<--LR: 0.000125	<<--Train Epoch Total loss:0.8979780315136423
03/12 10:26:07 PM | 
---- Evaluating Model ----
03/12 10:26:14 PM | +-------+------------+---------+
| Index | Class name | AP      |
+-------+------------+---------+
| 0     | ship       | 0.87993 |
+-------+------------+---------+
03/12 10:26:14 PM | ---- mAP 0.8799262160548227
03/12 10:27:14 PM | <<<---->>> [Epoch 23/140, Batch 97/98] <<<---->>>
<<--ETA: 0:00:00		<<--LR: 0.000125	<<--Train Epoch Total loss:0.8112815916538239
03/12 10:27:14 PM | 
---- Evaluating Model ----
03/12 10:27:21 PM | +-------+------------+---------+
| Index | Class name | AP      |
+-------+------------+---------+
| 0     | ship       | 0.87837 |
+-------+------------+---------+
03/12 10:27:21 PM | ---- mAP 0.8783678613713113
03/12 10:28:22 PM | <<<---->>> [Epoch 24/140, Batch 97/98] <<<---->>>
<<--ETA: 0:00:00		<<--LR: 0.000125	<<--Train Epoch Total loss:0.7634219356945583
03/12 10:28:22 PM | 
---- Evaluating Model ----
03/12 10:28:29 PM | +-------+------------+---------+
| Index | Class name | AP      |
+-------+------------+---------+
| 0     | ship       | 0.86718 |
+-------+------------+---------+
03/12 10:28:29 PM | ---- mAP 0.8671833383561034
03/12 10:29:29 PM | <<<---->>> [Epoch 25/140, Batch 97/98] <<<---->>>
<<--ETA: 0:00:00		<<--LR: 0.000125	<<--Train Epoch Total loss:0.8263970114746872
03/12 10:29:29 PM | 
---- Evaluating Model ----
03/12 10:29:36 PM | +-------+------------+---------+
| Index | Class name | AP      |
+-------+------------+---------+
| 0     | ship       | 0.86351 |
+-------+------------+---------+
03/12 10:29:36 PM | ---- mAP 0.86350962056042
03/12 10:30:37 PM | <<<---->>> [Epoch 26/140, Batch 97/98] <<<---->>>
<<--ETA: 0:00:00		<<--LR: 0.000125	<<--Train Epoch Total loss:0.7772828352694608
03/12 10:30:37 PM | 
---- Evaluating Model ----
03/12 10:30:44 PM | +-------+------------+---------+
| Index | Class name | AP      |
+-------+------------+---------+
| 0     | ship       | 0.87958 |
+-------+------------+---------+
03/12 10:30:44 PM | ---- mAP 0.8795787810531994
03/12 10:31:44 PM | <<<---->>> [Epoch 27/140, Batch 97/98] <<<---->>>
<<--ETA: 0:00:00		<<--LR: 0.000125	<<--Train Epoch Total loss:0.7202437118608125
03/12 10:31:44 PM | 
---- Evaluating Model ----
03/12 10:31:51 PM | +-------+------------+---------+
| Index | Class name | AP      |
+-------+------------+---------+
| 0     | ship       | 0.88185 |
+-------+------------+---------+
03/12 10:31:51 PM | ---- mAP 0.8818510381341513
03/12 10:32:51 PM | <<<---->>> [Epoch 28/140, Batch 97/98] <<<---->>>
<<--ETA: 0:00:00		<<--LR: 0.000125	<<--Train Epoch Total loss:0.7149414106899378
03/12 10:32:51 PM | 
---- Evaluating Model ----
03/12 10:32:58 PM | +-------+------------+---------+
| Index | Class name | AP      |
+-------+------------+---------+
| 0     | ship       | 0.88517 |
+-------+------------+---------+
03/12 10:32:58 PM | ---- mAP 0.8851700109063669
03/12 10:33:59 PM | <<<---->>> [Epoch 29/140, Batch 97/98] <<<---->>>
<<--ETA: 0:00:00		<<--LR: 0.000125	<<--Train Epoch Total loss:0.691964290579971
03/12 10:33:59 PM | 
---- Evaluating Model ----
03/12 10:34:05 PM | +-------+------------+---------+
| Index | Class name | AP      |
+-------+------------+---------+
| 0     | ship       | 0.87916 |
+-------+------------+---------+
03/12 10:34:05 PM | ---- mAP 0.8791619089738459
03/12 10:35:06 PM | <<<---->>> [Epoch 30/140, Batch 97/98] <<<---->>>
<<--ETA: 0:00:00		<<--LR: 0.000125	<<--Train Epoch Total loss:0.5606525899196158
03/12 10:35:06 PM | 
---- Evaluating Model ----
03/12 10:35:13 PM | +-------+------------+---------+
| Index | Class name | AP      |
+-------+------------+---------+
| 0     | ship       | 0.88221 |
+-------+------------+---------+
03/12 10:35:13 PM | ---- mAP 0.8822129384429985
03/12 10:36:13 PM | <<<---->>> [Epoch 31/140, Batch 97/98] <<<---->>>
<<--ETA: 0:00:00		<<--LR: 0.000125	<<--Train Epoch Total loss:0.5072850064963711
03/12 10:36:13 PM | 
---- Evaluating Model ----
03/12 10:36:20 PM | +-------+------------+---------+
| Index | Class name | AP      |
+-------+------------+---------+
| 0     | ship       | 0.89149 |
+-------+------------+---------+
03/12 10:36:20 PM | ---- mAP 0.8914892989979288
03/12 10:37:20 PM | <<<---->>> [Epoch 32/140, Batch 97/98] <<<---->>>
<<--ETA: 0:00:00		<<--LR: 0.000125	<<--Train Epoch Total loss:0.48504216756139484
03/12 10:37:20 PM | 
---- Evaluating Model ----
03/12 10:37:27 PM | +-------+------------+---------+
| Index | Class name | AP      |
+-------+------------+---------+
| 0     | ship       | 0.88284 |
+-------+------------+---------+
03/12 10:37:27 PM | ---- mAP 0.8828384442735947
03/12 10:38:27 PM | <<<---->>> [Epoch 33/140, Batch 97/98] <<<---->>>
<<--ETA: 0:00:00		<<--LR: 0.000125	<<--Train Epoch Total loss:0.4328799083524821
03/12 10:38:27 PM | 
---- Evaluating Model ----
03/12 10:38:34 PM | +-------+------------+---------+
| Index | Class name | AP      |
+-------+------------+---------+
| 0     | ship       | 0.88777 |
+-------+------------+---------+
03/12 10:38:34 PM | ---- mAP 0.8877715499358764
03/12 10:39:34 PM | <<<---->>> [Epoch 34/140, Batch 97/98] <<<---->>>
<<--ETA: 0:00:00		<<--LR: 0.000125	<<--Train Epoch Total loss:0.42520182321266253
03/12 10:39:34 PM | 
---- Evaluating Model ----
03/12 10:39:41 PM | +-------+------------+---------+
| Index | Class name | AP      |
+-------+------------+---------+
| 0     | ship       | 0.89496 |
+-------+------------+---------+
03/12 10:39:41 PM | ---- mAP 0.8949580306268657
03/12 10:40:41 PM | <<<---->>> [Epoch 35/140, Batch 97/98] <<<---->>>
<<--ETA: 0:00:00		<<--LR: 0.000125	<<--Train Epoch Total loss:0.38093132723350914
03/12 10:40:41 PM | 
---- Evaluating Model ----
03/12 10:40:48 PM | +-------+------------+---------+
| Index | Class name | AP      |
+-------+------------+---------+
| 0     | ship       | 0.88861 |
+-------+------------+---------+
03/12 10:40:48 PM | ---- mAP 0.8886080900141633
03/12 10:41:48 PM | <<<---->>> [Epoch 36/140, Batch 97/98] <<<---->>>
<<--ETA: 0:00:00		<<--LR: 0.000125	<<--Train Epoch Total loss:0.38772852262672114
03/12 10:41:48 PM | 
---- Evaluating Model ----
03/12 10:41:55 PM | +-------+------------+---------+
| Index | Class name | AP      |
+-------+------------+---------+
| 0     | ship       | 0.87595 |
+-------+------------+---------+
03/12 10:41:55 PM | ---- mAP 0.8759513366476075
03/12 10:42:56 PM | <<<---->>> [Epoch 37/140, Batch 97/98] <<<---->>>
<<--ETA: 0:00:00		<<--LR: 0.000125	<<--Train Epoch Total loss:0.38077979884585555
03/12 10:42:56 PM | 
---- Evaluating Model ----
03/12 10:43:03 PM | +-------+------------+---------+
| Index | Class name | AP      |
+-------+------------+---------+
| 0     | ship       | 0.87121 |
+-------+------------+---------+
03/12 10:43:03 PM | ---- mAP 0.8712128971531365
03/12 10:44:03 PM | <<<---->>> [Epoch 38/140, Batch 97/98] <<<---->>>
<<--ETA: 0:00:00		<<--LR: 0.000125	<<--Train Epoch Total loss:0.4044309221968359
03/12 10:44:03 PM | 
---- Evaluating Model ----
03/12 10:44:10 PM | +-------+------------+---------+
| Index | Class name | AP      |
+-------+------------+---------+
| 0     | ship       | 0.89962 |
+-------+------------+---------+
03/12 10:44:10 PM | ---- mAP 0.8996195027640976
03/12 10:45:10 PM | <<<---->>> [Epoch 39/140, Batch 97/98] <<<---->>>
<<--ETA: 0:00:00		<<--LR: 0.000125	<<--Train Epoch Total loss:0.35772840496228664
03/12 10:45:10 PM | 
---- Evaluating Model ----
03/12 10:45:17 PM | +-------+------------+---------+
| Index | Class name | AP      |
+-------+------------+---------+
| 0     | ship       | 0.89271 |
+-------+------------+---------+
03/12 10:45:17 PM | ---- mAP 0.8927081139263855
03/12 10:46:17 PM | <<<---->>> [Epoch 40/140, Batch 97/98] <<<---->>>
<<--ETA: 0:00:00		<<--LR: 0.000125	<<--Train Epoch Total loss:0.44062621769856436
03/12 10:46:17 PM | 
---- Evaluating Model ----
03/12 10:46:24 PM | +-------+------------+---------+
| Index | Class name | AP      |
+-------+------------+---------+
| 0     | ship       | 0.88394 |
+-------+------------+---------+
03/12 10:46:24 PM | ---- mAP 0.8839398676610061
03/12 10:47:24 PM | <<<---->>> [Epoch 41/140, Batch 97/98] <<<---->>>
<<--ETA: 0:00:00		<<--LR: 0.000125	<<--Train Epoch Total loss:0.7068010966996757
03/12 10:47:24 PM | 
---- Evaluating Model ----
03/12 10:47:32 PM | +-------+------------+---------+
| Index | Class name | AP      |
+-------+------------+---------+
| 0     | ship       | 0.88348 |
+-------+------------+---------+
03/12 10:47:32 PM | ---- mAP 0.8834791696969576
03/12 10:48:32 PM | <<<---->>> [Epoch 42/140, Batch 97/98] <<<---->>>
<<--ETA: 0:00:00		<<--LR: 0.000125	<<--Train Epoch Total loss:0.8254589912842731
03/12 10:48:32 PM | 
---- Evaluating Model ----
03/12 10:48:39 PM | +-------+------------+---------+
| Index | Class name | AP      |
+-------+------------+---------+
| 0     | ship       | 0.86257 |
+-------+------------+---------+
03/12 10:48:39 PM | ---- mAP 0.862573905913097
03/12 10:49:40 PM | <<<---->>> [Epoch 43/140, Batch 97/98] <<<---->>>
<<--ETA: 0:00:00		<<--LR: 0.000125	<<--Train Epoch Total loss:0.8393864613406512
03/12 10:49:40 PM | 
---- Evaluating Model ----
03/12 10:49:47 PM | +-------+------------+---------+
| Index | Class name | AP      |
+-------+------------+---------+
| 0     | ship       | 0.86223 |
+-------+------------+---------+
03/12 10:49:47 PM | ---- mAP 0.862227866782675
03/12 10:50:47 PM | <<<---->>> [Epoch 44/140, Batch 97/98] <<<---->>>
<<--ETA: 0:00:00		<<--LR: 0.000125	<<--Train Epoch Total loss:0.6202178560957616
03/12 10:50:47 PM | 
---- Evaluating Model ----
03/12 10:50:54 PM | +-------+------------+---------+
| Index | Class name | AP      |
+-------+------------+---------+
| 0     | ship       | 0.86239 |
+-------+------------+---------+
03/12 10:50:54 PM | ---- mAP 0.8623854443833245
03/12 10:51:54 PM | <<<---->>> [Epoch 45/140, Batch 97/98] <<<---->>>
<<--ETA: 0:00:00		<<--LR: 0.000125	<<--Train Epoch Total loss:0.5415581920925452
03/12 10:51:54 PM | 
---- Evaluating Model ----
03/12 10:52:01 PM | +-------+------------+---------+
| Index | Class name | AP      |
+-------+------------+---------+
| 0     | ship       | 0.86880 |
+-------+------------+---------+
03/12 10:52:01 PM | ---- mAP 0.8688038342923412
03/12 10:53:01 PM | <<<---->>> [Epoch 46/140, Batch 97/98] <<<---->>>
<<--ETA: 0:00:00		<<--LR: 0.000125	<<--Train Epoch Total loss:0.5532758491379874
03/12 10:53:01 PM | 
---- Evaluating Model ----
03/12 10:53:09 PM | +-------+------------+---------+
| Index | Class name | AP      |
+-------+------------+---------+
| 0     | ship       | 0.84445 |
+-------+------------+---------+
03/12 10:53:09 PM | ---- mAP 0.8444502245632285
03/12 10:54:08 PM | <<<---->>> [Epoch 47/140, Batch 97/98] <<<---->>>
<<--ETA: 0:00:00		<<--LR: 0.000125	<<--Train Epoch Total loss:0.4522767441005123
03/12 10:54:08 PM | 
---- Evaluating Model ----
03/12 10:54:16 PM | +-------+------------+---------+
| Index | Class name | AP      |
+-------+------------+---------+
| 0     | ship       | 0.88844 |
+-------+------------+---------+
03/12 10:54:16 PM | ---- mAP 0.8884401050750701
03/12 10:55:16 PM | <<<---->>> [Epoch 48/140, Batch 97/98] <<<---->>>
<<--ETA: 0:00:00		<<--LR: 0.000125	<<--Train Epoch Total loss:0.4140449207352132
03/12 10:55:16 PM | 
---- Evaluating Model ----
03/12 10:55:23 PM | +-------+------------+---------+
| Index | Class name | AP      |
+-------+------------+---------+
| 0     | ship       | 0.86893 |
+-------+------------+---------+
03/12 10:55:23 PM | ---- mAP 0.8689258037033188
03/12 10:56:23 PM | <<<---->>> [Epoch 49/140, Batch 97/98] <<<---->>>
<<--ETA: 0:00:00		<<--LR: 0.000125	<<--Train Epoch Total loss:0.36481527239084244
03/12 10:56:23 PM | 
---- Evaluating Model ----
03/12 10:56:30 PM | +-------+------------+---------+
| Index | Class name | AP      |
+-------+------------+---------+
| 0     | ship       | 0.87711 |
+-------+------------+---------+
03/12 10:56:30 PM | ---- mAP 0.8771135666744525
03/12 10:57:30 PM | <<<---->>> [Epoch 50/140, Batch 97/98] <<<---->>>
<<--ETA: 0:00:00		<<--LR: 0.000125	<<--Train Epoch Total loss:0.3136759994893658
03/12 10:57:30 PM | 
---- Evaluating Model ----
03/12 10:57:37 PM | +-------+------------+---------+
| Index | Class name | AP      |
+-------+------------+---------+
| 0     | ship       | 0.89614 |
+-------+------------+---------+
03/12 10:57:37 PM | ---- mAP 0.8961371930624675
03/12 10:58:39 PM | <<<---->>> [Epoch 51/140, Batch 97/98] <<<---->>>
<<--ETA: 0:00:00		<<--LR: 0.000125	<<--Train Epoch Total loss:0.2754654739888347
03/12 10:58:39 PM | 
---- Evaluating Model ----
03/12 10:58:46 PM | +-------+------------+---------+
| Index | Class name | AP      |
+-------+------------+---------+
| 0     | ship       | 0.88768 |
+-------+------------+---------+
03/12 10:58:46 PM | ---- mAP 0.8876764773044641
03/12 10:59:46 PM | <<<---->>> [Epoch 52/140, Batch 97/98] <<<---->>>
<<--ETA: 0:00:00		<<--LR: 0.000125	<<--Train Epoch Total loss:0.26762477536590734
03/12 10:59:46 PM | 
---- Evaluating Model ----
03/12 10:59:53 PM | +-------+------------+---------+
| Index | Class name | AP      |
+-------+------------+---------+
| 0     | ship       | 0.89844 |
+-------+------------+---------+
03/12 10:59:53 PM | ---- mAP 0.8984385612164074
03/12 11:00:54 PM | <<<---->>> [Epoch 53/140, Batch 97/98] <<<---->>>
<<--ETA: 0:00:00		<<--LR: 0.000125	<<--Train Epoch Total loss:0.25287131204897045
03/12 11:00:54 PM | 
---- Evaluating Model ----
03/12 11:01:01 PM | +-------+------------+---------+
| Index | Class name | AP      |
+-------+------------+---------+
| 0     | ship       | 0.88273 |
+-------+------------+---------+
03/12 11:01:01 PM | ---- mAP 0.8827303691867299
03/12 11:02:01 PM | <<<---->>> [Epoch 54/140, Batch 97/98] <<<---->>>
<<--ETA: 0:00:00		<<--LR: 0.000125	<<--Train Epoch Total loss:0.2602746722345449
03/12 11:02:01 PM | 
---- Evaluating Model ----
03/12 11:02:08 PM | +-------+------------+---------+
| Index | Class name | AP      |
+-------+------------+---------+
| 0     | ship       | 0.89176 |
+-------+------------+---------+
03/12 11:02:08 PM | ---- mAP 0.8917579386801202
03/12 11:03:08 PM | <<<---->>> [Epoch 55/140, Batch 97/98] <<<---->>>
<<--ETA: 0:00:00		<<--LR: 0.000125	<<--Train Epoch Total loss:0.2704620954333519
03/12 11:03:08 PM | 
---- Evaluating Model ----
03/12 11:03:15 PM | +-------+------------+---------+
| Index | Class name | AP      |
+-------+------------+---------+
| 0     | ship       | 0.88133 |
+-------+------------+---------+
03/12 11:03:15 PM | ---- mAP 0.8813307593931593
03/12 11:04:15 PM | <<<---->>> [Epoch 56/140, Batch 97/98] <<<---->>>
<<--ETA: 0:00:00		<<--LR: 0.000125	<<--Train Epoch Total loss:0.23517408282781133
03/12 11:04:15 PM | 
---- Evaluating Model ----
03/12 11:04:22 PM | +-------+------------+---------+
| Index | Class name | AP      |
+-------+------------+---------+
| 0     | ship       | 0.89173 |
+-------+------------+---------+
03/12 11:04:22 PM | ---- mAP 0.8917290870958192
03/12 11:05:22 PM | <<<---->>> [Epoch 57/140, Batch 97/98] <<<---->>>
<<--ETA: 0:00:00		<<--LR: 0.000125	<<--Train Epoch Total loss:0.22046111721773537
03/12 11:05:22 PM | 
---- Evaluating Model ----
03/12 11:05:29 PM | +-------+------------+---------+
| Index | Class name | AP      |
+-------+------------+---------+
| 0     | ship       | 0.87588 |
+-------+------------+---------+
03/12 11:05:29 PM | ---- mAP 0.8758845219675497
03/12 11:06:30 PM | <<<---->>> [Epoch 58/140, Batch 97/98] <<<---->>>
<<--ETA: 0:00:00		<<--LR: 0.000125	<<--Train Epoch Total loss:0.2550947416801842
03/12 11:06:30 PM | 
---- Evaluating Model ----
03/12 11:06:37 PM | +-------+------------+---------+
| Index | Class name | AP      |
+-------+------------+---------+
| 0     | ship       | 0.89180 |
+-------+------------+---------+
03/12 11:06:37 PM | ---- mAP 0.8918027041383895
03/12 11:07:37 PM | <<<---->>> [Epoch 59/140, Batch 97/98] <<<---->>>
<<--ETA: 0:00:00		<<--LR: 0.000125	<<--Train Epoch Total loss:0.214566670814339
03/12 11:07:37 PM | 
---- Evaluating Model ----
03/12 11:07:44 PM | +-------+------------+---------+
| Index | Class name | AP      |
+-------+------------+---------+
| 0     | ship       | 0.90701 |
+-------+------------+---------+
03/12 11:07:44 PM | ---- mAP 0.9070114090409076
03/12 11:08:45 PM | <<<---->>> [Epoch 60/140, Batch 97/98] <<<---->>>
<<--ETA: 0:00:00		<<--LR: 0.000125	<<--Train Epoch Total loss:0.2507551017464424
03/12 11:08:45 PM | 
---- Evaluating Model ----
03/12 11:08:52 PM | +-------+------------+---------+
| Index | Class name | AP      |
+-------+------------+---------+
| 0     | ship       | 0.89305 |
+-------+------------+---------+
03/12 11:08:52 PM | ---- mAP 0.8930499006138067
03/12 11:09:52 PM | <<<---->>> [Epoch 61/140, Batch 97/98] <<<---->>>
<<--ETA: 0:00:00		<<--LR: 0.000125	<<--Train Epoch Total loss:0.20923972433927107
03/12 11:09:52 PM | 
---- Evaluating Model ----
03/12 11:09:59 PM | +-------+------------+---------+
| Index | Class name | AP      |
+-------+------------+---------+
| 0     | ship       | 0.88014 |
+-------+------------+---------+
03/12 11:09:59 PM | ---- mAP 0.880138501504729
03/12 11:10:59 PM | <<<---->>> [Epoch 62/140, Batch 97/98] <<<---->>>
<<--ETA: 0:00:00		<<--LR: 0.000125	<<--Train Epoch Total loss:0.2606526379074369
03/12 11:10:59 PM | 
---- Evaluating Model ----
03/12 11:11:06 PM | +-------+------------+---------+
| Index | Class name | AP      |
+-------+------------+---------+
| 0     | ship       | 0.87011 |
+-------+------------+---------+
03/12 11:11:06 PM | ---- mAP 0.8701073934549457
03/12 11:12:06 PM | <<<---->>> [Epoch 63/140, Batch 97/98] <<<---->>>
<<--ETA: 0:00:00		<<--LR: 0.000125	<<--Train Epoch Total loss:0.5369011869235915
03/12 11:12:06 PM | 
---- Evaluating Model ----
03/12 11:12:13 PM | +-------+------------+---------+
| Index | Class name | AP      |
+-------+------------+---------+
| 0     | ship       | 0.84840 |
+-------+------------+---------+
03/12 11:12:13 PM | ---- mAP 0.8483972690836421
03/12 11:13:14 PM | <<<---->>> [Epoch 64/140, Batch 97/98] <<<---->>>
<<--ETA: 0:00:00		<<--LR: 0.000125	<<--Train Epoch Total loss:0.35190578717358256
03/12 11:13:14 PM | 
---- Evaluating Model ----
03/12 11:13:21 PM | +-------+------------+---------+
| Index | Class name | AP      |
+-------+------------+---------+
| 0     | ship       | 0.88535 |
+-------+------------+---------+
03/12 11:13:21 PM | ---- mAP 0.8853457291099895
03/12 11:14:21 PM | <<<---->>> [Epoch 65/140, Batch 97/98] <<<---->>>
<<--ETA: 0:00:00		<<--LR: 0.000125	<<--Train Epoch Total loss:0.30988443445186226
03/12 11:14:21 PM | 
---- Evaluating Model ----
03/12 11:14:28 PM | +-------+------------+---------+
| Index | Class name | AP      |
+-------+------------+---------+
| 0     | ship       | 0.89119 |
+-------+------------+---------+
03/12 11:14:28 PM | ---- mAP 0.891194768091195
03/12 11:15:29 PM | <<<---->>> [Epoch 66/140, Batch 97/98] <<<---->>>
<<--ETA: 0:00:00		<<--LR: 0.000125	<<--Train Epoch Total loss:0.3100590658735256
03/12 11:15:29 PM | 
---- Evaluating Model ----
03/12 11:15:36 PM | +-------+------------+---------+
| Index | Class name | AP      |
+-------+------------+---------+
| 0     | ship       | 0.88014 |
+-------+------------+---------+
03/12 11:15:36 PM | ---- mAP 0.8801372906331638
03/12 11:16:35 PM | <<<---->>> [Epoch 67/140, Batch 97/98] <<<---->>>
<<--ETA: 0:00:00		<<--LR: 0.000125	<<--Train Epoch Total loss:0.27367581746407915
03/12 11:16:35 PM | 
---- Evaluating Model ----
03/12 11:16:42 PM | +-------+------------+---------+
| Index | Class name | AP      |
+-------+------------+---------+
| 0     | ship       | 0.90766 |
+-------+------------+---------+
03/12 11:16:42 PM | ---- mAP 0.9076593437694503
03/12 11:17:43 PM | <<<---->>> [Epoch 68/140, Batch 97/98] <<<---->>>
<<--ETA: 0:00:00		<<--LR: 0.000125	<<--Train Epoch Total loss:0.3812511859803784
03/12 11:17:43 PM | 
---- Evaluating Model ----
03/12 11:17:50 PM | +-------+------------+---------+
| Index | Class name | AP      |
+-------+------------+---------+
| 0     | ship       | 0.88214 |
+-------+------------+---------+
03/12 11:17:50 PM | ---- mAP 0.8821383644359085
03/12 11:18:50 PM | <<<---->>> [Epoch 69/140, Batch 97/98] <<<---->>>
<<--ETA: 0:00:00		<<--LR: 0.000125	<<--Train Epoch Total loss:0.4229749474598437
03/12 11:18:50 PM | 
---- Evaluating Model ----
03/12 11:18:57 PM | +-------+------------+---------+
| Index | Class name | AP      |
+-------+------------+---------+
| 0     | ship       | 0.88435 |
+-------+------------+---------+
03/12 11:18:57 PM | ---- mAP 0.8843547972901448
03/12 11:19:57 PM | <<<---->>> [Epoch 70/140, Batch 97/98] <<<---->>>
<<--ETA: 0:00:00		<<--LR: 0.000125	<<--Train Epoch Total loss:0.467194034128773
03/12 11:19:57 PM | 
---- Evaluating Model ----
03/12 11:20:04 PM | +-------+------------+---------+
| Index | Class name | AP      |
+-------+------------+---------+
| 0     | ship       | 0.87687 |
+-------+------------+---------+
03/12 11:20:04 PM | ---- mAP 0.8768696915395418
03/12 11:21:04 PM | <<<---->>> [Epoch 71/140, Batch 97/98] <<<---->>>
<<--ETA: 0:00:00		<<--LR: 0.000125	<<--Train Epoch Total loss:0.4639381778483488
03/12 11:21:04 PM | 
---- Evaluating Model ----
03/12 11:21:11 PM | +-------+------------+---------+
| Index | Class name | AP      |
+-------+------------+---------+
| 0     | ship       | 0.87826 |
+-------+------------+---------+
03/12 11:21:11 PM | ---- mAP 0.8782575183262258
03/12 11:22:11 PM | <<<---->>> [Epoch 72/140, Batch 97/98] <<<---->>>
<<--ETA: 0:00:00		<<--LR: 0.000125	<<--Train Epoch Total loss:0.2869448097688811
03/12 11:22:11 PM | 
---- Evaluating Model ----
03/12 11:22:18 PM | +-------+------------+---------+
| Index | Class name | AP      |
+-------+------------+---------+
| 0     | ship       | 0.89038 |
+-------+------------+---------+
03/12 11:22:18 PM | ---- mAP 0.8903815201485605
03/12 11:23:18 PM | <<<---->>> [Epoch 73/140, Batch 97/98] <<<---->>>
<<--ETA: 0:00:00		<<--LR: 0.000125	<<--Train Epoch Total loss:0.2721904517740619
03/12 11:23:18 PM | 
---- Evaluating Model ----
03/12 11:23:25 PM | +-------+------------+---------+
| Index | Class name | AP      |
+-------+------------+---------+
| 0     | ship       | 0.89564 |
+-------+------------+---------+
03/12 11:23:25 PM | ---- mAP 0.8956383278899047
03/12 11:24:25 PM | <<<---->>> [Epoch 74/140, Batch 97/98] <<<---->>>
<<--ETA: 0:00:00		<<--LR: 0.000125	<<--Train Epoch Total loss:0.22366638694490706
03/12 11:24:25 PM | 
---- Evaluating Model ----
03/12 11:24:32 PM | +-------+------------+---------+
| Index | Class name | AP      |
+-------+------------+---------+
| 0     | ship       | 0.90414 |
+-------+------------+---------+
03/12 11:24:32 PM | ---- mAP 0.9041419070498029
03/12 11:25:33 PM | <<<---->>> [Epoch 75/140, Batch 97/98] <<<---->>>
<<--ETA: 0:00:00		<<--LR: 0.000125	<<--Train Epoch Total loss:0.17609624800329304
03/12 11:25:33 PM | 
---- Evaluating Model ----
03/12 11:25:40 PM | +-------+------------+---------+
| Index | Class name | AP      |
+-------+------------+---------+
| 0     | ship       | 0.88436 |
+-------+------------+---------+
03/12 11:25:40 PM | ---- mAP 0.8843569526221221
03/12 11:26:40 PM | <<<---->>> [Epoch 76/140, Batch 97/98] <<<---->>>
<<--ETA: 0:00:00		<<--LR: 0.000125	<<--Train Epoch Total loss:0.14498940672801466
03/12 11:26:40 PM | 
---- Evaluating Model ----
03/12 11:26:47 PM | +-------+------------+---------+
| Index | Class name | AP      |
+-------+------------+---------+
| 0     | ship       | 0.89628 |
+-------+------------+---------+
03/12 11:26:47 PM | ---- mAP 0.8962820226014506
03/12 11:27:47 PM | <<<---->>> [Epoch 77/140, Batch 97/98] <<<---->>>
<<--ETA: 0:00:00		<<--LR: 0.000125	<<--Train Epoch Total loss:0.13613665924996746
03/12 11:27:47 PM | 
---- Evaluating Model ----
03/12 11:27:54 PM | +-------+------------+---------+
| Index | Class name | AP      |
+-------+------------+---------+
| 0     | ship       | 0.90394 |
+-------+------------+---------+
03/12 11:27:54 PM | ---- mAP 0.9039396912722291
03/12 11:28:54 PM | <<<---->>> [Epoch 78/140, Batch 97/98] <<<---->>>
<<--ETA: 0:00:00		<<--LR: 0.000125	<<--Train Epoch Total loss:0.13174988420642153
03/12 11:28:54 PM | 
---- Evaluating Model ----
03/12 11:29:01 PM | +-------+------------+---------+
| Index | Class name | AP      |
+-------+------------+---------+
| 0     | ship       | 0.89631 |
+-------+------------+---------+
03/12 11:29:01 PM | ---- mAP 0.8963121187025135
03/12 11:30:01 PM | <<<---->>> [Epoch 79/140, Batch 97/98] <<<---->>>
<<--ETA: 0:00:00		<<--LR: 0.000125	<<--Train Epoch Total loss:0.12162622185994168
03/12 11:30:02 PM | 
---- Evaluating Model ----
03/12 11:30:08 PM | +-------+------------+---------+
| Index | Class name | AP      |
+-------+------------+---------+
| 0     | ship       | 0.89828 |
+-------+------------+---------+
03/12 11:30:08 PM | ---- mAP 0.8982760722930764
03/12 11:31:09 PM | <<<---->>> [Epoch 80/140, Batch 97/98] <<<---->>>
<<--ETA: 0:00:00		<<--LR: 0.000125	<<--Train Epoch Total loss:0.12192589903668481
03/12 11:31:09 PM | 
---- Evaluating Model ----
03/12 11:31:16 PM | +-------+------------+---------+
| Index | Class name | AP      |
+-------+------------+---------+
| 0     | ship       | 0.90262 |
+-------+------------+---------+
03/12 11:31:16 PM | ---- mAP 0.902624065038209
03/12 11:32:16 PM | <<<---->>> [Epoch 81/140, Batch 97/98] <<<---->>>
<<--ETA: 0:00:00		<<--LR: 0.000125	<<--Train Epoch Total loss:0.12339549131539403
03/12 11:32:16 PM | 
---- Evaluating Model ----
03/12 11:32:23 PM | +-------+------------+---------+
| Index | Class name | AP      |
+-------+------------+---------+
| 0     | ship       | 0.90195 |
+-------+------------+---------+
03/12 11:32:23 PM | ---- mAP 0.9019453084151149
03/12 11:33:23 PM | <<<---->>> [Epoch 82/140, Batch 97/98] <<<---->>>
<<--ETA: 0:00:00		<<--LR: 0.000125	<<--Train Epoch Total loss:0.10585523419538323
03/12 11:33:23 PM | 
---- Evaluating Model ----
03/12 11:33:30 PM | +-------+------------+---------+
| Index | Class name | AP      |
+-------+------------+---------+
| 0     | ship       | 0.89924 |
+-------+------------+---------+
03/12 11:33:30 PM | ---- mAP 0.8992429825681673
03/12 11:34:30 PM | <<<---->>> [Epoch 83/140, Batch 97/98] <<<---->>>
<<--ETA: 0:00:00		<<--LR: 0.000125	<<--Train Epoch Total loss:0.16912380735180815
03/12 11:34:30 PM | 
---- Evaluating Model ----
03/12 11:34:37 PM | +-------+------------+---------+
| Index | Class name | AP      |
+-------+------------+---------+
| 0     | ship       | 0.88852 |
+-------+------------+---------+
03/12 11:34:37 PM | ---- mAP 0.8885231079042908
03/12 11:35:37 PM | <<<---->>> [Epoch 84/140, Batch 97/98] <<<---->>>
<<--ETA: 0:00:00		<<--LR: 0.000125	<<--Train Epoch Total loss:0.1358076770390783
03/12 11:35:37 PM | 
---- Evaluating Model ----
03/12 11:35:44 PM | +-------+------------+---------+
| Index | Class name | AP      |
+-------+------------+---------+
| 0     | ship       | 0.89404 |
+-------+------------+---------+
03/12 11:35:44 PM | ---- mAP 0.8940371010131376
03/12 11:36:45 PM | <<<---->>> [Epoch 85/140, Batch 97/98] <<<---->>>
<<--ETA: 0:00:00		<<--LR: 0.000125	<<--Train Epoch Total loss:0.11075105761386911
03/12 11:36:45 PM | 
---- Evaluating Model ----
03/12 11:36:52 PM | +-------+------------+---------+
| Index | Class name | AP      |
+-------+------------+---------+
| 0     | ship       | 0.90259 |
+-------+------------+---------+
03/12 11:36:52 PM | ---- mAP 0.9025881082786169
03/12 11:37:52 PM | <<<---->>> [Epoch 86/140, Batch 97/98] <<<---->>>
<<--ETA: 0:00:00		<<--LR: 0.000125	<<--Train Epoch Total loss:0.11697086060837823
03/12 11:37:52 PM | 
---- Evaluating Model ----
03/12 11:37:59 PM | +-------+------------+---------+
| Index | Class name | AP      |
+-------+------------+---------+
| 0     | ship       | 0.88671 |
+-------+------------+---------+
03/12 11:37:59 PM | ---- mAP 0.886705054020479
03/12 11:38:59 PM | <<<---->>> [Epoch 87/140, Batch 97/98] <<<---->>>
<<--ETA: 0:00:00		<<--LR: 0.000125	<<--Train Epoch Total loss:0.10646655205257084
03/12 11:38:59 PM | 
---- Evaluating Model ----
03/12 11:39:06 PM | +-------+------------+---------+
| Index | Class name | AP      |
+-------+------------+---------+
| 0     | ship       | 0.89257 |
+-------+------------+---------+
03/12 11:39:06 PM | ---- mAP 0.8925663066426969
03/12 11:40:06 PM | <<<---->>> [Epoch 88/140, Batch 97/98] <<<---->>>
<<--ETA: 0:00:00		<<--LR: 0.000125	<<--Train Epoch Total loss:0.09945137087939954
03/12 11:40:06 PM | 
---- Evaluating Model ----
03/12 11:40:13 PM | +-------+------------+---------+
| Index | Class name | AP      |
+-------+------------+---------+
| 0     | ship       | 0.90450 |
+-------+------------+---------+
03/12 11:40:13 PM | ---- mAP 0.9044979472287568
03/12 11:41:14 PM | <<<---->>> [Epoch 89/140, Batch 97/98] <<<---->>>
<<--ETA: 0:00:00		<<--LR: 0.000125	<<--Train Epoch Total loss:0.10225604341498443
03/12 11:41:14 PM | 
---- Evaluating Model ----
03/12 11:41:20 PM | +-------+------------+---------+
| Index | Class name | AP      |
+-------+------------+---------+
| 0     | ship       | 0.90124 |
+-------+------------+---------+
03/12 11:41:20 PM | ---- mAP 0.9012378888846113
03/12 11:42:21 PM | <<<---->>> [Epoch 90/140, Batch 97/98] <<<---->>>
<<--ETA: 0:00:00		<<--LR: 1.25e-06	<<--Train Epoch Total loss:0.10377771901536961
03/12 11:42:21 PM | 
---- Evaluating Model ----
03/12 11:42:28 PM | +-------+------------+---------+
| Index | Class name | AP      |
+-------+------------+---------+
| 0     | ship       | 0.90146 |
+-------+------------+---------+
03/12 11:42:28 PM | ---- mAP 0.9014649168314373
03/12 11:43:28 PM | <<<---->>> [Epoch 91/140, Batch 97/98] <<<---->>>
<<--ETA: 0:00:00		<<--LR: 1.25e-05	<<--Train Epoch Total loss:0.08073213768704814
03/12 11:43:28 PM | 
---- Evaluating Model ----
03/12 11:43:35 PM | +-------+------------+---------+
| Index | Class name | AP      |
+-------+------------+---------+
| 0     | ship       | 0.89717 |
+-------+------------+---------+
03/12 11:43:35 PM | ---- mAP 0.8971706395727179
03/12 11:44:36 PM | <<<---->>> [Epoch 92/140, Batch 97/98] <<<---->>>
<<--ETA: 0:00:00		<<--LR: 1.25e-05	<<--Train Epoch Total loss:0.07217749976077859
03/12 11:44:36 PM | 
---- Evaluating Model ----
03/12 11:44:43 PM | +-------+------------+---------+
| Index | Class name | AP      |
+-------+------------+---------+
| 0     | ship       | 0.89642 |
+-------+------------+---------+
03/12 11:44:43 PM | ---- mAP 0.8964190839350097
03/12 11:45:43 PM | <<<---->>> [Epoch 93/140, Batch 97/98] <<<---->>>
<<--ETA: 0:00:00		<<--LR: 1.25e-05	<<--Train Epoch Total loss:0.06907422354026717
03/12 11:45:43 PM | 
---- Evaluating Model ----
03/12 11:45:50 PM | +-------+------------+---------+
| Index | Class name | AP      |
+-------+------------+---------+
| 0     | ship       | 0.90587 |
+-------+------------+---------+
03/12 11:45:50 PM | ---- mAP 0.9058734519425047
03/12 11:46:50 PM | <<<---->>> [Epoch 94/140, Batch 97/98] <<<---->>>
<<--ETA: 0:00:00		<<--LR: 1.25e-05	<<--Train Epoch Total loss:0.06466536098444949
03/12 11:46:50 PM | 
---- Evaluating Model ----
03/12 11:46:57 PM | +-------+------------+---------+
| Index | Class name | AP      |
+-------+------------+---------+
| 0     | ship       | 0.90110 |
+-------+------------+---------+
03/12 11:46:57 PM | ---- mAP 0.9011005223052877
03/12 11:47:57 PM | <<<---->>> [Epoch 95/140, Batch 97/98] <<<---->>>
<<--ETA: 0:00:00		<<--LR: 1.25e-05	<<--Train Epoch Total loss:0.06343605308508386
03/12 11:47:57 PM | 
---- Evaluating Model ----
03/12 11:48:03 PM | +-------+------------+---------+
| Index | Class name | AP      |
+-------+------------+---------+
| 0     | ship       | 0.90542 |
+-------+------------+---------+
03/12 11:48:03 PM | ---- mAP 0.9054205409821232
03/12 11:49:04 PM | <<<---->>> [Epoch 96/140, Batch 97/98] <<<---->>>
<<--ETA: 0:00:00		<<--LR: 1.25e-05	<<--Train Epoch Total loss:0.06377776613344951
03/12 11:49:04 PM | 
---- Evaluating Model ----
03/12 11:49:11 PM | +-------+------------+---------+
| Index | Class name | AP      |
+-------+------------+---------+
| 0     | ship       | 0.90231 |
+-------+------------+---------+
03/12 11:49:11 PM | ---- mAP 0.9023102016355243
03/12 11:50:11 PM | <<<---->>> [Epoch 97/140, Batch 97/98] <<<---->>>
<<--ETA: 0:00:00		<<--LR: 1.25e-05	<<--Train Epoch Total loss:0.06327924656928802
03/12 11:50:11 PM | 
---- Evaluating Model ----
03/12 11:50:18 PM | +-------+------------+---------+
| Index | Class name | AP      |
+-------+------------+---------+
| 0     | ship       | 0.90718 |
+-------+------------+---------+
03/12 11:50:18 PM | ---- mAP 0.9071765315197904
03/12 11:51:19 PM | <<<---->>> [Epoch 98/140, Batch 97/98] <<<---->>>
<<--ETA: 0:00:00		<<--LR: 1.25e-05	<<--Train Epoch Total loss:0.06012200457709176
03/12 11:51:19 PM | 
---- Evaluating Model ----
03/12 11:51:25 PM | +-------+------------+---------+
| Index | Class name | AP      |
+-------+------------+---------+
| 0     | ship       | 0.90192 |
+-------+------------+---------+
03/12 11:51:25 PM | ---- mAP 0.9019182809052857
03/12 11:52:25 PM | <<<---->>> [Epoch 99/140, Batch 97/98] <<<---->>>
<<--ETA: 0:00:00		<<--LR: 1.25e-05	<<--Train Epoch Total loss:0.05891880480458542
03/12 11:52:25 PM | 
---- Evaluating Model ----
03/12 11:52:32 PM | +-------+------------+---------+
| Index | Class name | AP      |
+-------+------------+---------+
| 0     | ship       | 0.89303 |
+-------+------------+---------+
03/12 11:52:32 PM | ---- mAP 0.8930259410602983
03/12 11:53:33 PM | <<<---->>> [Epoch 100/140, Batch 97/98] <<<---->>>
<<--ETA: 0:00:00		<<--LR: 1.25e-05	<<--Train Epoch Total loss:0.059291153461957465
03/12 11:53:33 PM | 
---- Evaluating Model ----
03/12 11:53:40 PM | +-------+------------+---------+
| Index | Class name | AP      |
+-------+------------+---------+
| 0     | ship       | 0.90114 |
+-------+------------+---------+
03/12 11:53:40 PM | ---- mAP 0.9011441510923098
03/12 11:54:41 PM | <<<---->>> [Epoch 101/140, Batch 97/98] <<<---->>>
<<--ETA: 0:00:00		<<--LR: 1.25e-05	<<--Train Epoch Total loss:0.05778094027571532
03/12 11:54:41 PM | 
---- Evaluating Model ----
03/12 11:54:48 PM | +-------+------------+---------+
| Index | Class name | AP      |
+-------+------------+---------+
| 0     | ship       | 0.90342 |
+-------+------------+---------+
03/12 11:54:48 PM | ---- mAP 0.9034196419416571
03/12 11:55:48 PM | <<<---->>> [Epoch 102/140, Batch 97/98] <<<---->>>
<<--ETA: 0:00:00		<<--LR: 1.25e-05	<<--Train Epoch Total loss:0.055789663057242124
03/12 11:55:48 PM | 
---- Evaluating Model ----
03/12 11:55:55 PM | +-------+------------+---------+
| Index | Class name | AP      |
+-------+------------+---------+
| 0     | ship       | 0.90231 |
+-------+------------+---------+
03/12 11:55:55 PM | ---- mAP 0.9023074184858818
03/12 11:56:56 PM | <<<---->>> [Epoch 103/140, Batch 97/98] <<<---->>>
<<--ETA: 0:00:00		<<--LR: 1.25e-05	<<--Train Epoch Total loss:0.05513420837874315
03/12 11:56:56 PM | 
---- Evaluating Model ----
03/12 11:57:03 PM | +-------+------------+---------+
| Index | Class name | AP      |
+-------+------------+---------+
| 0     | ship       | 0.89670 |
+-------+------------+---------+
03/12 11:57:03 PM | ---- mAP 0.8966955954574448
03/12 11:58:03 PM | <<<---->>> [Epoch 104/140, Batch 97/98] <<<---->>>
<<--ETA: 0:00:00		<<--LR: 1.25e-05	<<--Train Epoch Total loss:0.0551645533770931
03/12 11:58:03 PM | 
---- Evaluating Model ----
03/12 11:58:10 PM | +-------+------------+---------+
| Index | Class name | AP      |
+-------+------------+---------+
| 0     | ship       | 0.90290 |
+-------+------------+---------+
03/12 11:58:10 PM | ---- mAP 0.9028960551489589
03/12 11:59:10 PM | <<<---->>> [Epoch 105/140, Batch 97/98] <<<---->>>
<<--ETA: 0:00:00		<<--LR: 1.25e-05	<<--Train Epoch Total loss:0.05361552509878363
03/12 11:59:10 PM | 
---- Evaluating Model ----
03/12 11:59:17 PM | +-------+------------+---------+
| Index | Class name | AP      |
+-------+------------+---------+
| 0     | ship       | 0.90197 |
+-------+------------+---------+
03/12 11:59:17 PM | ---- mAP 0.9019713942544592
03/13 12:00:18 AM | <<<---->>> [Epoch 106/140, Batch 97/98] <<<---->>>
<<--ETA: 0:00:00		<<--LR: 1.25e-05	<<--Train Epoch Total loss:0.05430475504574727
03/13 12:00:18 AM | 
---- Evaluating Model ----
03/13 12:00:25 AM | +-------+------------+---------+
| Index | Class name | AP      |
+-------+------------+---------+
| 0     | ship       | 0.90434 |
+-------+------------+---------+
03/13 12:00:25 AM | ---- mAP 0.9043367877231123
03/13 12:01:26 AM | <<<---->>> [Epoch 107/140, Batch 97/98] <<<---->>>
<<--ETA: 0:00:00		<<--LR: 1.25e-05	<<--Train Epoch Total loss:0.053477550495644004
03/13 12:01:26 AM | 
---- Evaluating Model ----
03/13 12:01:33 AM | +-------+------------+---------+
| Index | Class name | AP      |
+-------+------------+---------+
| 0     | ship       | 0.90285 |
+-------+------------+---------+
03/13 12:01:33 AM | ---- mAP 0.9028476310391795
03/13 12:02:33 AM | <<<---->>> [Epoch 108/140, Batch 97/98] <<<---->>>
<<--ETA: 0:00:00		<<--LR: 1.25e-05	<<--Train Epoch Total loss:0.05224623139567521
03/13 12:02:33 AM | 
---- Evaluating Model ----
03/13 12:02:40 AM | +-------+------------+---------+
| Index | Class name | AP      |
+-------+------------+---------+
| 0     | ship       | 0.90070 |
+-------+------------+---------+
03/13 12:02:40 AM | ---- mAP 0.9006995193714009
03/13 12:03:40 AM | <<<---->>> [Epoch 109/140, Batch 97/98] <<<---->>>
<<--ETA: 0:00:00		<<--LR: 1.25e-05	<<--Train Epoch Total loss:0.05221998969054952
03/13 12:03:40 AM | 
---- Evaluating Model ----
03/13 12:03:47 AM | +-------+------------+---------+
| Index | Class name | AP      |
+-------+------------+---------+
| 0     | ship       | 0.90269 |
+-------+------------+---------+
03/13 12:03:47 AM | ---- mAP 0.9026866354228352
03/13 12:04:47 AM | <<<---->>> [Epoch 110/140, Batch 97/98] <<<---->>>
<<--ETA: 0:00:00		<<--LR: 1.25e-05	<<--Train Epoch Total loss:0.05082169346207259
03/13 12:04:47 AM | 
---- Evaluating Model ----
03/13 12:04:54 AM | +-------+------------+---------+
| Index | Class name | AP      |
+-------+------------+---------+
| 0     | ship       | 0.90193 |
+-------+------------+---------+
03/13 12:04:54 AM | ---- mAP 0.9019309800174771
03/13 12:05:54 AM | <<<---->>> [Epoch 111/140, Batch 97/98] <<<---->>>
<<--ETA: 0:00:00		<<--LR: 1.25e-05	<<--Train Epoch Total loss:0.050815800166859916
03/13 12:05:54 AM | 
---- Evaluating Model ----
03/13 12:06:01 AM | +-------+------------+---------+
| Index | Class name | AP      |
+-------+------------+---------+
| 0     | ship       | 0.90156 |
+-------+------------+---------+
03/13 12:06:01 AM | ---- mAP 0.9015646712032297
03/13 12:07:01 AM | <<<---->>> [Epoch 112/140, Batch 97/98] <<<---->>>
<<--ETA: 0:00:00		<<--LR: 1.25e-05	<<--Train Epoch Total loss:0.051652277154581885
03/13 12:07:01 AM | 
---- Evaluating Model ----
03/13 12:07:08 AM | +-------+------------+---------+
| Index | Class name | AP      |
+-------+------------+---------+
| 0     | ship       | 0.90471 |
+-------+------------+---------+
03/13 12:07:08 AM | ---- mAP 0.9047071192218819
03/13 12:08:09 AM | <<<---->>> [Epoch 113/140, Batch 97/98] <<<---->>>
<<--ETA: 0:00:00		<<--LR: 1.25e-05	<<--Train Epoch Total loss:0.05123162261989652
03/13 12:08:09 AM | 
---- Evaluating Model ----
03/13 12:08:15 AM | +-------+------------+---------+
| Index | Class name | AP      |
+-------+------------+---------+
| 0     | ship       | 0.90531 |
+-------+------------+---------+
03/13 12:08:15 AM | ---- mAP 0.9053108614824422
03/13 12:09:16 AM | <<<---->>> [Epoch 114/140, Batch 97/98] <<<---->>>
<<--ETA: 0:00:00		<<--LR: 1.25e-05	<<--Train Epoch Total loss:0.04857712835833734
03/13 12:09:16 AM | 
---- Evaluating Model ----
03/13 12:09:23 AM | +-------+------------+---------+
| Index | Class name | AP      |
+-------+------------+---------+
| 0     | ship       | 0.90229 |
+-------+------------+---------+
03/13 12:09:23 AM | ---- mAP 0.9022893443646732
03/13 12:10:23 AM | <<<---->>> [Epoch 115/140, Batch 97/98] <<<---->>>
<<--ETA: 0:00:00		<<--LR: 1.25e-05	<<--Train Epoch Total loss:0.050331459703798195
03/13 12:10:23 AM | 
---- Evaluating Model ----
03/13 12:10:30 AM | +-------+------------+---------+
| Index | Class name | AP      |
+-------+------------+---------+
| 0     | ship       | 0.90016 |
+-------+------------+---------+
03/13 12:10:30 AM | ---- mAP 0.9001558616658012
03/13 12:11:30 AM | <<<---->>> [Epoch 116/140, Batch 97/98] <<<---->>>
<<--ETA: 0:00:00		<<--LR: 1.25e-05	<<--Train Epoch Total loss:0.04756580456635173
03/13 12:11:30 AM | 
---- Evaluating Model ----
03/13 12:11:37 AM | +-------+------------+---------+
| Index | Class name | AP      |
+-------+------------+---------+
| 0     | ship       | 0.90560 |
+-------+------------+---------+
03/13 12:11:37 AM | ---- mAP 0.905599680663925
03/13 12:12:37 AM | <<<---->>> [Epoch 117/140, Batch 97/98] <<<---->>>
<<--ETA: 0:00:00		<<--LR: 1.25e-05	<<--Train Epoch Total loss:0.04957147277131373
03/13 12:12:37 AM | 
---- Evaluating Model ----
03/13 12:12:44 AM | +-------+------------+---------+
| Index | Class name | AP      |
+-------+------------+---------+
| 0     | ship       | 0.90478 |
+-------+------------+---------+
03/13 12:12:44 AM | ---- mAP 0.9047798238956406
03/13 12:13:44 AM | <<<---->>> [Epoch 118/140, Batch 97/98] <<<---->>>
<<--ETA: 0:00:00		<<--LR: 1.25e-05	<<--Train Epoch Total loss:0.048896342877070516
03/13 12:13:44 AM | 
---- Evaluating Model ----
03/13 12:13:51 AM | +-------+------------+---------+
| Index | Class name | AP      |
+-------+------------+---------+
| 0     | ship       | 0.90124 |
+-------+------------+---------+
03/13 12:13:51 AM | ---- mAP 0.9012386176336519
03/13 12:14:51 AM | <<<---->>> [Epoch 119/140, Batch 97/98] <<<---->>>
<<--ETA: 0:00:00		<<--LR: 1.25e-05	<<--Train Epoch Total loss:0.04623207064079387
03/13 12:14:51 AM | 
---- Evaluating Model ----
03/13 12:14:58 AM | +-------+------------+---------+
| Index | Class name | AP      |
+-------+------------+---------+
| 0     | ship       | 0.90447 |
+-------+------------+---------+
03/13 12:14:58 AM | ---- mAP 0.9044654784530477
03/13 12:15:58 AM | <<<---->>> [Epoch 120/140, Batch 97/98] <<<---->>>
<<--ETA: 0:00:00		<<--LR: 1.2500000000000002e-07	<<--Train Epoch Total loss:0.04697024457308711
03/13 12:15:58 AM | 
---- Evaluating Model ----
03/13 12:16:05 AM | +-------+------------+---------+
| Index | Class name | AP      |
+-------+------------+---------+
| 0     | ship       | 0.90418 |
+-------+------------+---------+
03/13 12:16:05 AM | ---- mAP 0.9041773020556431
03/13 12:17:05 AM | <<<---->>> [Epoch 121/140, Batch 97/98] <<<---->>>
<<--ETA: 0:00:00		<<--LR: 1.25e-06	<<--Train Epoch Total loss:0.045980864888703336
03/13 12:17:05 AM | 
---- Evaluating Model ----
03/13 12:17:12 AM | +-------+------------+---------+
| Index | Class name | AP      |
+-------+------------+---------+
| 0     | ship       | 0.90502 |
+-------+------------+---------+
03/13 12:17:12 AM | ---- mAP 0.905024967382094
03/13 12:18:12 AM | <<<---->>> [Epoch 122/140, Batch 97/98] <<<---->>>
<<--ETA: 0:00:00		<<--LR: 1.25e-06	<<--Train Epoch Total loss:0.0474185367704046
03/13 12:18:12 AM | 
---- Evaluating Model ----
03/13 12:18:19 AM | +-------+------------+---------+
| Index | Class name | AP      |
+-------+------------+---------+
| 0     | ship       | 0.90295 |
+-------+------------+---------+
03/13 12:18:19 AM | ---- mAP 0.9029520370099251
03/13 12:19:19 AM | <<<---->>> [Epoch 123/140, Batch 97/98] <<<---->>>
<<--ETA: 0:00:00		<<--LR: 1.25e-06	<<--Train Epoch Total loss:0.04499682867709471
03/13 12:19:19 AM | 
---- Evaluating Model ----
03/13 12:19:26 AM | +-------+------------+---------+
| Index | Class name | AP      |
+-------+------------+---------+
| 0     | ship       | 0.90335 |
+-------+------------+---------+
03/13 12:19:26 AM | ---- mAP 0.9033541712953673
03/13 12:20:26 AM | <<<---->>> [Epoch 124/140, Batch 97/98] <<<---->>>
<<--ETA: 0:00:00		<<--LR: 1.25e-06	<<--Train Epoch Total loss:0.046215110249361216
03/13 12:20:26 AM | 
---- Evaluating Model ----
03/13 12:20:33 AM | +-------+------------+---------+
| Index | Class name | AP      |
+-------+------------+---------+
| 0     | ship       | 0.90006 |
+-------+------------+---------+
03/13 12:20:33 AM | ---- mAP 0.9000587685407723
03/13 12:21:33 AM | <<<---->>> [Epoch 125/140, Batch 97/98] <<<---->>>
<<--ETA: 0:00:00		<<--LR: 1.25e-06	<<--Train Epoch Total loss:0.04583874622321859
03/13 12:21:33 AM | 
---- Evaluating Model ----
03/13 12:21:40 AM | +-------+------------+---------+
| Index | Class name | AP      |
+-------+------------+---------+
| 0     | ship       | 0.90176 |
+-------+------------+---------+
03/13 12:21:40 AM | ---- mAP 0.9017613933269775
03/13 12:22:41 AM | <<<---->>> [Epoch 126/140, Batch 97/98] <<<---->>>
<<--ETA: 0:00:00		<<--LR: 1.25e-06	<<--Train Epoch Total loss:0.04436965096665888
03/13 12:22:41 AM | 
---- Evaluating Model ----
03/13 12:22:48 AM | +-------+------------+---------+
| Index | Class name | AP      |
+-------+------------+---------+
| 0     | ship       | 0.90530 |
+-------+------------+---------+
03/13 12:22:48 AM | ---- mAP 0.9052984982013534
03/13 12:23:48 AM | <<<---->>> [Epoch 127/140, Batch 97/98] <<<---->>>
<<--ETA: 0:00:00		<<--LR: 1.25e-06	<<--Train Epoch Total loss:0.04694250990085456
03/13 12:23:48 AM | 
---- Evaluating Model ----
03/13 12:23:55 AM | +-------+------------+---------+
| Index | Class name | AP      |
+-------+------------+---------+
| 0     | ship       | 0.90443 |
+-------+------------+---------+
03/13 12:23:55 AM | ---- mAP 0.9044277371034526
03/13 12:24:55 AM | <<<---->>> [Epoch 128/140, Batch 97/98] <<<---->>>
<<--ETA: 0:00:00		<<--LR: 1.25e-06	<<--Train Epoch Total loss:0.04622988068327612
03/13 12:24:55 AM | 
---- Evaluating Model ----
03/13 12:25:02 AM | +-------+------------+---------+
| Index | Class name | AP      |
+-------+------------+---------+
| 0     | ship       | 0.90344 |
+-------+------------+---------+
03/13 12:25:02 AM | ---- mAP 0.9034350527206139
03/13 12:26:02 AM | <<<---->>> [Epoch 129/140, Batch 97/98] <<<---->>>
<<--ETA: 0:00:00		<<--LR: 1.25e-06	<<--Train Epoch Total loss:0.04500419190343546
03/13 12:26:02 AM | 
---- Evaluating Model ----
03/13 12:26:09 AM | +-------+------------+---------+
| Index | Class name | AP      |
+-------+------------+---------+
| 0     | ship       | 0.90390 |
+-------+------------+---------+
03/13 12:26:09 AM | ---- mAP 0.9039048658351139
03/13 12:27:10 AM | <<<---->>> [Epoch 130/140, Batch 97/98] <<<---->>>
<<--ETA: 0:00:00		<<--LR: 1.25e-06	<<--Train Epoch Total loss:0.04474428379718138
03/13 12:27:10 AM | 
---- Evaluating Model ----
03/13 12:27:17 AM | +-------+------------+---------+
| Index | Class name | AP      |
+-------+------------+---------+
| 0     | ship       | 0.90439 |
+-------+------------+---------+
03/13 12:27:17 AM | ---- mAP 0.9043902983060322
03/13 12:28:17 AM | <<<---->>> [Epoch 131/140, Batch 97/98] <<<---->>>
<<--ETA: 0:00:00		<<--LR: 1.25e-06	<<--Train Epoch Total loss:0.04488336863186287
03/13 12:28:17 AM | 
---- Evaluating Model ----
03/13 12:28:24 AM | +-------+------------+---------+
| Index | Class name | AP      |
+-------+------------+---------+
| 0     | ship       | 0.90174 |
+-------+------------+---------+
03/13 12:28:24 AM | ---- mAP 0.9017357412955735
03/13 12:29:24 AM | <<<---->>> [Epoch 132/140, Batch 97/98] <<<---->>>
<<--ETA: 0:00:00		<<--LR: 1.25e-06	<<--Train Epoch Total loss:0.045943835256051044
03/13 12:29:24 AM | 
---- Evaluating Model ----
03/13 12:29:31 AM | +-------+------------+---------+
| Index | Class name | AP      |
+-------+------------+---------+
| 0     | ship       | 0.90256 |
+-------+------------+---------+
03/13 12:29:31 AM | ---- mAP 0.902562349762627
03/13 12:30:31 AM | <<<---->>> [Epoch 133/140, Batch 97/98] <<<---->>>
<<--ETA: 0:00:00		<<--LR: 1.25e-06	<<--Train Epoch Total loss:0.04513446889741688
03/13 12:30:31 AM | 
---- Evaluating Model ----
03/13 12:30:38 AM | +-------+------------+---------+
| Index | Class name | AP      |
+-------+------------+---------+
| 0     | ship       | 0.90552 |
+-------+------------+---------+
03/13 12:30:38 AM | ---- mAP 0.9055167477270718
03/13 12:31:38 AM | <<<---->>> [Epoch 134/140, Batch 97/98] <<<---->>>
<<--ETA: 0:00:00		<<--LR: 1.25e-06	<<--Train Epoch Total loss:0.043391850301805805
03/13 12:31:38 AM | 
---- Evaluating Model ----
03/13 12:31:45 AM | +-------+------------+---------+
| Index | Class name | AP      |
+-------+------------+---------+
| 0     | ship       | 0.90386 |
+-------+------------+---------+
03/13 12:31:45 AM | ---- mAP 0.903858861125376
03/13 12:32:45 AM | <<<---->>> [Epoch 135/140, Batch 97/98] <<<---->>>
<<--ETA: 0:00:00		<<--LR: 1.25e-06	<<--Train Epoch Total loss:0.045423232665171426
03/13 12:32:45 AM | 
---- Evaluating Model ----
03/13 12:32:52 AM | +-------+------------+---------+
| Index | Class name | AP      |
+-------+------------+---------+
| 0     | ship       | 0.90543 |
+-------+------------+---------+
03/13 12:32:52 AM | ---- mAP 0.9054338162994371
03/13 12:33:53 AM | <<<---->>> [Epoch 136/140, Batch 97/98] <<<---->>>
<<--ETA: 0:00:00		<<--LR: 1.25e-06	<<--Train Epoch Total loss:0.045132607354649475
03/13 12:33:53 AM | 
---- Evaluating Model ----
03/13 12:33:59 AM | +-------+------------+---------+
| Index | Class name | AP      |
+-------+------------+---------+
| 0     | ship       | 0.90427 |
+-------+------------+---------+
03/13 12:33:59 AM | ---- mAP 0.9042743268271005
03/13 12:35:00 AM | <<<---->>> [Epoch 137/140, Batch 97/98] <<<---->>>
<<--ETA: 0:00:00		<<--LR: 1.25e-06	<<--Train Epoch Total loss:0.04599241391584581
03/13 12:35:00 AM | 
---- Evaluating Model ----
03/13 12:35:07 AM | +-------+------------+---------+
| Index | Class name | AP      |
+-------+------------+---------+
| 0     | ship       | 0.90221 |
+-------+------------+---------+
03/13 12:35:07 AM | ---- mAP 0.9022073105704658
03/13 12:36:07 AM | <<<---->>> [Epoch 138/140, Batch 97/98] <<<---->>>
<<--ETA: 0:00:00		<<--LR: 1.25e-06	<<--Train Epoch Total loss:0.04485763189363844
03/13 12:36:07 AM | 
---- Evaluating Model ----
03/13 12:36:14 AM | +-------+------------+---------+
| Index | Class name | AP      |
+-------+------------+---------+
| 0     | ship       | 0.90616 |
+-------+------------+---------+
03/13 12:36:14 AM | ---- mAP 0.9061626031745714
03/13 12:37:14 AM | <<<---->>> [Epoch 139/140, Batch 97/98] <<<---->>>
<<--ETA: 0:00:00		<<--LR: 1.25e-06	<<--Train Epoch Total loss:0.04440313446506554
03/13 12:37:14 AM | 
---- Evaluating Model ----
03/13 12:37:21 AM | +-------+------------+---------+
| Index | Class name | AP      |
+-------+------------+---------+
| 0     | ship       | 0.90440 |
+-------+------------+---------+
03/13 12:37:21 AM | ---- mAP 0.9044015036037725
