03/13 03:30:28 PM | <<<---->>> [Epoch 0/140, Batch 97/98] <<<---->>>
<<--ETA: 0:00:00		<<--LR: 0.000125	<<--Train Epoch Total loss:106.49707747478874
03/13 03:30:28 PM | 
---- Evaluating Model ----
03/13 03:30:36 PM | +-------+------------+---------+
| Index | Class name | AP      |
+-------+------------+---------+
| 0     | ship       | 0.02004 |
+-------+------------+---------+
03/13 03:30:36 PM | ---- mAP 0.020041426187156736
03/13 03:31:36 PM | <<<---->>> [Epoch 1/140, Batch 97/98] <<<---->>>
<<--ETA: 0:00:00		<<--LR: 0.000125	<<--Train Epoch Total loss:33.83440685272217
03/13 03:31:36 PM | 
---- Evaluating Model ----
03/13 03:31:44 PM | +-------+------------+---------+
| Index | Class name | AP      |
+-------+------------+---------+
| 0     | ship       | 0.35473 |
+-------+------------+---------+
03/13 03:31:44 PM | ---- mAP 0.3547260595002939
03/13 03:32:42 PM | <<<---->>> [Epoch 2/140, Batch 97/98] <<<---->>>
<<--ETA: 0:00:00		<<--LR: 0.000125	<<--Train Epoch Total loss:19.818351317425165
03/13 03:32:42 PM | 
---- Evaluating Model ----
03/13 03:32:50 PM | +-------+------------+---------+
| Index | Class name | AP      |
+-------+------------+---------+
| 0     | ship       | 0.50918 |
+-------+------------+---------+
03/13 03:32:50 PM | ---- mAP 0.5091762755120277
03/13 03:33:49 PM | <<<---->>> [Epoch 3/140, Batch 97/98] <<<---->>>
<<--ETA: 0:00:00		<<--LR: 0.000125	<<--Train Epoch Total loss:13.215665690752925
03/13 03:33:49 PM | 
---- Evaluating Model ----
03/13 03:33:57 PM | +-------+------------+---------+
| Index | Class name | AP      |
+-------+------------+---------+
| 0     | ship       | 0.65740 |
+-------+------------+---------+
03/13 03:33:57 PM | ---- mAP 0.6573988634134976
03/13 03:34:56 PM | <<<---->>> [Epoch 4/140, Batch 97/98] <<<---->>>
<<--ETA: 0:00:00		<<--LR: 0.000125	<<--Train Epoch Total loss:9.821407167278991
03/13 03:34:56 PM | 
---- Evaluating Model ----
03/13 03:35:03 PM | +-------+------------+---------+
| Index | Class name | AP      |
+-------+------------+---------+
| 0     | ship       | 0.75940 |
+-------+------------+---------+
03/13 03:35:03 PM | ---- mAP 0.75939528238648
03/13 03:36:02 PM | <<<---->>> [Epoch 5/140, Batch 97/98] <<<---->>>
<<--ETA: 0:00:00		<<--LR: 0.000125	<<--Train Epoch Total loss:7.662643846200437
03/13 03:36:02 PM | 
---- Evaluating Model ----
03/13 03:36:10 PM | +-------+------------+---------+
| Index | Class name | AP      |
+-------+------------+---------+
| 0     | ship       | 0.78563 |
+-------+------------+---------+
03/13 03:36:10 PM | ---- mAP 0.7856322501664438
03/13 03:37:08 PM | <<<---->>> [Epoch 6/140, Batch 97/98] <<<---->>>
<<--ETA: 0:00:00		<<--LR: 0.000125	<<--Train Epoch Total loss:6.155920271970788
03/13 03:37:08 PM | 
---- Evaluating Model ----
03/13 03:37:15 PM | +-------+------------+---------+
| Index | Class name | AP      |
+-------+------------+---------+
| 0     | ship       | 0.81333 |
+-------+------------+---------+
03/13 03:37:15 PM | ---- mAP 0.8133319219172755
03/13 03:38:15 PM | <<<---->>> [Epoch 7/140, Batch 97/98] <<<---->>>
<<--ETA: 0:00:00		<<--LR: 0.000125	<<--Train Epoch Total loss:5.13709252464528
03/13 03:38:15 PM | 
---- Evaluating Model ----
03/13 03:38:22 PM | +-------+------------+---------+
| Index | Class name | AP      |
+-------+------------+---------+
| 0     | ship       | 0.82417 |
+-------+------------+---------+
03/13 03:38:22 PM | ---- mAP 0.8241668983113557
03/13 03:39:21 PM | <<<---->>> [Epoch 8/140, Batch 97/98] <<<---->>>
<<--ETA: 0:00:00		<<--LR: 0.000125	<<--Train Epoch Total loss:4.32880809112471
03/13 03:39:21 PM | 
---- Evaluating Model ----
03/13 03:39:28 PM | +-------+------------+---------+
| Index | Class name | AP      |
+-------+------------+---------+
| 0     | ship       | 0.81797 |
+-------+------------+---------+
03/13 03:39:28 PM | ---- mAP 0.8179681410699629
03/13 03:40:26 PM | <<<---->>> [Epoch 9/140, Batch 97/98] <<<---->>>
<<--ETA: 0:00:00		<<--LR: 0.000125	<<--Train Epoch Total loss:3.7763535197900264
03/13 03:40:26 PM | 
---- Evaluating Model ----
03/13 03:40:33 PM | +-------+------------+---------+
| Index | Class name | AP      |
+-------+------------+---------+
| 0     | ship       | 0.83346 |
+-------+------------+---------+
03/13 03:40:33 PM | ---- mAP 0.8334597825781034
03/13 03:41:32 PM | <<<---->>> [Epoch 10/140, Batch 97/98] <<<---->>>
<<--ETA: 0:00:00		<<--LR: 0.000125	<<--Train Epoch Total loss:3.2039825283751195
03/13 03:41:32 PM | 
---- Evaluating Model ----
03/13 03:41:39 PM | +-------+------------+---------+
| Index | Class name | AP      |
+-------+------------+---------+
| 0     | ship       | 0.82963 |
+-------+------------+---------+
03/13 03:41:39 PM | ---- mAP 0.829628947834157
03/13 03:42:37 PM | <<<---->>> [Epoch 11/140, Batch 97/98] <<<---->>>
<<--ETA: 0:00:00		<<--LR: 0.000125	<<--Train Epoch Total loss:2.8961357340520744
03/13 03:42:37 PM | 
---- Evaluating Model ----
03/13 03:42:44 PM | +-------+------------+---------+
| Index | Class name | AP      |
+-------+------------+---------+
| 0     | ship       | 0.84258 |
+-------+------------+---------+
03/13 03:42:44 PM | ---- mAP 0.8425802049140392
03/13 03:43:43 PM | <<<---->>> [Epoch 12/140, Batch 97/98] <<<---->>>
<<--ETA: 0:00:00		<<--LR: 0.000125	<<--Train Epoch Total loss:2.5595851552729703
03/13 03:43:43 PM | 
---- Evaluating Model ----
03/13 03:43:50 PM | +-------+------------+---------+
| Index | Class name | AP      |
+-------+------------+---------+
| 0     | ship       | 0.83402 |
+-------+------------+---------+
03/13 03:43:50 PM | ---- mAP 0.8340234451764017
03/13 03:44:49 PM | <<<---->>> [Epoch 13/140, Batch 97/98] <<<---->>>
<<--ETA: 0:00:00		<<--LR: 0.000125	<<--Train Epoch Total loss:2.2533466390201022
03/13 03:44:49 PM | 
---- Evaluating Model ----
03/13 03:44:55 PM | +-------+------------+---------+
| Index | Class name | AP      |
+-------+------------+---------+
| 0     | ship       | 0.84474 |
+-------+------------+---------+
03/13 03:44:55 PM | ---- mAP 0.8447428523295745
03/13 03:45:54 PM | <<<---->>> [Epoch 14/140, Batch 97/98] <<<---->>>
<<--ETA: 0:00:00		<<--LR: 0.000125	<<--Train Epoch Total loss:1.9856074063145384
03/13 03:45:54 PM | 
---- Evaluating Model ----
03/13 03:46:01 PM | +-------+------------+---------+
| Index | Class name | AP      |
+-------+------------+---------+
| 0     | ship       | 0.86790 |
+-------+------------+---------+
03/13 03:46:01 PM | ---- mAP 0.8678951667549913
03/13 03:47:00 PM | <<<---->>> [Epoch 15/140, Batch 97/98] <<<---->>>
<<--ETA: 0:00:00		<<--LR: 0.000125	<<--Train Epoch Total loss:1.798861529145922
03/13 03:47:00 PM | 
---- Evaluating Model ----
03/13 03:47:07 PM | +-------+------------+---------+
| Index | Class name | AP      |
+-------+------------+---------+
| 0     | ship       | 0.85492 |
+-------+------------+---------+
03/13 03:47:07 PM | ---- mAP 0.8549177540286117
03/13 03:48:06 PM | <<<---->>> [Epoch 16/140, Batch 97/98] <<<---->>>
<<--ETA: 0:00:00		<<--LR: 0.000125	<<--Train Epoch Total loss:1.690441642488752
03/13 03:48:06 PM | 
---- Evaluating Model ----
03/13 03:48:13 PM | +-------+------------+---------+
| Index | Class name | AP      |
+-------+------------+---------+
| 0     | ship       | 0.85552 |
+-------+------------+---------+
03/13 03:48:13 PM | ---- mAP 0.855518422067508
03/13 03:49:12 PM | <<<---->>> [Epoch 17/140, Batch 97/98] <<<---->>>
<<--ETA: 0:00:00		<<--LR: 0.000125	<<--Train Epoch Total loss:1.4824288815868145
03/13 03:49:12 PM | 
---- Evaluating Model ----
03/13 03:49:19 PM | +-------+------------+---------+
| Index | Class name | AP      |
+-------+------------+---------+
| 0     | ship       | 0.85683 |
+-------+------------+---------+
03/13 03:49:19 PM | ---- mAP 0.8568309185648171
03/13 03:50:18 PM | <<<---->>> [Epoch 18/140, Batch 97/98] <<<---->>>
<<--ETA: 0:00:00		<<--LR: 0.000125	<<--Train Epoch Total loss:1.2727937753103218
03/13 03:50:18 PM | 
---- Evaluating Model ----
03/13 03:50:25 PM | +-------+------------+---------+
| Index | Class name | AP      |
+-------+------------+---------+
| 0     | ship       | 0.87143 |
+-------+------------+---------+
03/13 03:50:25 PM | ---- mAP 0.8714347757803397
03/13 03:51:24 PM | <<<---->>> [Epoch 19/140, Batch 97/98] <<<---->>>
<<--ETA: 0:00:00		<<--LR: 0.000125	<<--Train Epoch Total loss:1.1866113403621985
03/13 03:51:24 PM | 
---- Evaluating Model ----
03/13 03:51:31 PM | +-------+------------+---------+
| Index | Class name | AP      |
+-------+------------+---------+
| 0     | ship       | 0.87458 |
+-------+------------+---------+
03/13 03:51:31 PM | ---- mAP 0.8745831975682616
03/13 03:52:30 PM | <<<---->>> [Epoch 20/140, Batch 97/98] <<<---->>>
<<--ETA: 0:00:00		<<--LR: 0.000125	<<--Train Epoch Total loss:1.062469240354032
03/13 03:52:30 PM | 
---- Evaluating Model ----
03/13 03:52:37 PM | +-------+------------+---------+
| Index | Class name | AP      |
+-------+------------+---------+
| 0     | ship       | 0.88127 |
+-------+------------+---------+
03/13 03:52:37 PM | ---- mAP 0.8812682584549557
03/13 03:53:36 PM | <<<---->>> [Epoch 21/140, Batch 97/98] <<<---->>>
<<--ETA: 0:00:00		<<--LR: 0.000125	<<--Train Epoch Total loss:0.9903367806454094
03/13 03:53:36 PM | 
---- Evaluating Model ----
03/13 03:53:42 PM | +-------+------------+---------+
| Index | Class name | AP      |
+-------+------------+---------+
| 0     | ship       | 0.87725 |
+-------+------------+---------+
03/13 03:53:42 PM | ---- mAP 0.8772487260400114
03/13 03:54:41 PM | <<<---->>> [Epoch 22/140, Batch 97/98] <<<---->>>
<<--ETA: 0:00:00		<<--LR: 0.000125	<<--Train Epoch Total loss:0.9435641601377603
03/13 03:54:41 PM | 
---- Evaluating Model ----
03/13 03:54:48 PM | +-------+------------+---------+
| Index | Class name | AP      |
+-------+------------+---------+
| 0     | ship       | 0.85973 |
+-------+------------+---------+
03/13 03:54:48 PM | ---- mAP 0.859729002670327
03/13 03:55:47 PM | <<<---->>> [Epoch 23/140, Batch 97/98] <<<---->>>
<<--ETA: 0:00:00		<<--LR: 0.000125	<<--Train Epoch Total loss:1.2298885298018554
03/13 03:55:47 PM | 
---- Evaluating Model ----
03/13 03:55:54 PM | +-------+------------+---------+
| Index | Class name | AP      |
+-------+------------+---------+
| 0     | ship       | 0.85007 |
+-------+------------+---------+
03/13 03:55:54 PM | ---- mAP 0.8500678069921668
03/13 03:56:52 PM | <<<---->>> [Epoch 24/140, Batch 97/98] <<<---->>>
<<--ETA: 0:00:00		<<--LR: 0.000125	<<--Train Epoch Total loss:1.0105453455934719
03/13 03:56:52 PM | 
---- Evaluating Model ----
03/13 03:56:59 PM | +-------+------------+---------+
| Index | Class name | AP      |
+-------+------------+---------+
| 0     | ship       | 0.87397 |
+-------+------------+---------+
03/13 03:56:59 PM | ---- mAP 0.8739694709796231
03/13 03:57:58 PM | <<<---->>> [Epoch 25/140, Batch 97/98] <<<---->>>
<<--ETA: 0:00:00		<<--LR: 0.000125	<<--Train Epoch Total loss:0.8922284537432145
03/13 03:57:58 PM | 
---- Evaluating Model ----
03/13 03:58:05 PM | +-------+------------+---------+
| Index | Class name | AP      |
+-------+------------+---------+
| 0     | ship       | 0.88021 |
+-------+------------+---------+
03/13 03:58:05 PM | ---- mAP 0.880208113794154
03/13 03:59:04 PM | <<<---->>> [Epoch 26/140, Batch 97/98] <<<---->>>
<<--ETA: 0:00:00		<<--LR: 0.000125	<<--Train Epoch Total loss:0.8180447938490887
03/13 03:59:04 PM | 
---- Evaluating Model ----
03/13 03:59:11 PM | +-------+------------+---------+
| Index | Class name | AP      |
+-------+------------+---------+
| 0     | ship       | 0.88123 |
+-------+------------+---------+
03/13 03:59:11 PM | ---- mAP 0.8812281608285383
03/13 04:00:09 PM | <<<---->>> [Epoch 27/140, Batch 97/98] <<<---->>>
<<--ETA: 0:00:00		<<--LR: 0.000125	<<--Train Epoch Total loss:0.7482141292825037
03/13 04:00:09 PM | 
---- Evaluating Model ----
03/13 04:00:16 PM | +-------+------------+---------+
| Index | Class name | AP      |
+-------+------------+---------+
| 0     | ship       | 0.86157 |
+-------+------------+---------+
03/13 04:00:16 PM | ---- mAP 0.861572643065028
03/13 04:01:15 PM | <<<---->>> [Epoch 28/140, Batch 97/98] <<<---->>>
<<--ETA: 0:00:00		<<--LR: 0.000125	<<--Train Epoch Total loss:0.6717818637891692
03/13 04:01:15 PM | 
---- Evaluating Model ----
03/13 04:01:22 PM | +-------+------------+---------+
| Index | Class name | AP      |
+-------+------------+---------+
| 0     | ship       | 0.89388 |
+-------+------------+---------+
03/13 04:01:22 PM | ---- mAP 0.8938844144286822
03/13 04:02:20 PM | <<<---->>> [Epoch 29/140, Batch 97/98] <<<---->>>
<<--ETA: 0:00:00		<<--LR: 0.000125	<<--Train Epoch Total loss:0.5876850945000746
03/13 04:02:20 PM | 
---- Evaluating Model ----
03/13 04:02:27 PM | +-------+------------+---------+
| Index | Class name | AP      |
+-------+------------+---------+
| 0     | ship       | 0.89910 |
+-------+------------+---------+
03/13 04:02:27 PM | ---- mAP 0.8990956203805502
03/13 04:03:26 PM | <<<---->>> [Epoch 30/140, Batch 97/98] <<<---->>>
<<--ETA: 0:00:00		<<--LR: 0.000125	<<--Train Epoch Total loss:0.5631056978386275
03/13 04:03:26 PM | 
---- Evaluating Model ----
03/13 04:03:33 PM | +-------+------------+---------+
| Index | Class name | AP      |
+-------+------------+---------+
| 0     | ship       | 0.88806 |
+-------+------------+---------+
03/13 04:03:33 PM | ---- mAP 0.8880632344473725
03/13 04:04:31 PM | <<<---->>> [Epoch 31/140, Batch 97/98] <<<---->>>
<<--ETA: 0:00:00		<<--LR: 0.000125	<<--Train Epoch Total loss:0.5534215466100343
03/13 04:04:31 PM | 
---- Evaluating Model ----
03/13 04:04:38 PM | +-------+------------+---------+
| Index | Class name | AP      |
+-------+------------+---------+
| 0     | ship       | 0.88420 |
+-------+------------+---------+
03/13 04:04:38 PM | ---- mAP 0.8842044475844681
03/13 04:05:37 PM | <<<---->>> [Epoch 32/140, Batch 97/98] <<<---->>>
<<--ETA: 0:00:00		<<--LR: 0.000125	<<--Train Epoch Total loss:0.4951629538317116
03/13 04:05:37 PM | 
---- Evaluating Model ----
03/13 04:05:44 PM | +-------+------------+---------+
| Index | Class name | AP      |
+-------+------------+---------+
| 0     | ship       | 0.89412 |
+-------+------------+---------+
03/13 04:05:44 PM | ---- mAP 0.8941170681745307
03/13 04:06:43 PM | <<<---->>> [Epoch 33/140, Batch 97/98] <<<---->>>
<<--ETA: 0:00:00		<<--LR: 0.000125	<<--Train Epoch Total loss:0.506473956667647
03/13 04:06:43 PM | 
---- Evaluating Model ----
03/13 04:06:49 PM | +-------+------------+---------+
| Index | Class name | AP      |
+-------+------------+---------+
| 0     | ship       | 0.90420 |
+-------+------------+---------+
03/13 04:06:49 PM | ---- mAP 0.9041988526346338
03/13 04:07:49 PM | <<<---->>> [Epoch 34/140, Batch 97/98] <<<---->>>
<<--ETA: 0:00:00		<<--LR: 0.000125	<<--Train Epoch Total loss:0.520331108752562
03/13 04:07:49 PM | 
---- Evaluating Model ----
03/13 04:07:55 PM | +-------+------------+---------+
| Index | Class name | AP      |
+-------+------------+---------+
| 0     | ship       | 0.89285 |
+-------+------------+---------+
03/13 04:07:55 PM | ---- mAP 0.8928537878606614
03/13 04:08:54 PM | <<<---->>> [Epoch 35/140, Batch 97/98] <<<---->>>
<<--ETA: 0:00:00		<<--LR: 0.000125	<<--Train Epoch Total loss:0.45067702477075616
03/13 04:08:54 PM | 
---- Evaluating Model ----
03/13 04:09:01 PM | +-------+------------+---------+
| Index | Class name | AP      |
+-------+------------+---------+
| 0     | ship       | 0.91378 |
+-------+------------+---------+
03/13 04:09:01 PM | ---- mAP 0.913784982371368
03/13 04:09:59 PM | <<<---->>> [Epoch 36/140, Batch 97/98] <<<---->>>
<<--ETA: 0:00:00		<<--LR: 0.000125	<<--Train Epoch Total loss:0.44224739713328226
03/13 04:09:59 PM | 
---- Evaluating Model ----
03/13 04:10:06 PM | +-------+------------+---------+
| Index | Class name | AP      |
+-------+------------+---------+
| 0     | ship       | 0.91547 |
+-------+------------+---------+
03/13 04:10:06 PM | ---- mAP 0.9154651472580657
03/13 04:11:04 PM | <<<---->>> [Epoch 37/140, Batch 97/98] <<<---->>>
<<--ETA: 0:00:00		<<--LR: 0.000125	<<--Train Epoch Total loss:0.49656311741897036
03/13 04:11:04 PM | 
---- Evaluating Model ----
03/13 04:11:11 PM | +-------+------------+---------+
| Index | Class name | AP      |
+-------+------------+---------+
| 0     | ship       | 0.89237 |
+-------+------------+---------+
03/13 04:11:11 PM | ---- mAP 0.8923668669766599
03/13 04:12:10 PM | <<<---->>> [Epoch 38/140, Batch 97/98] <<<---->>>
<<--ETA: 0:00:00		<<--LR: 0.000125	<<--Train Epoch Total loss:0.48122401444279417
03/13 04:12:10 PM | 
---- Evaluating Model ----
03/13 04:12:17 PM | +-------+------------+---------+
| Index | Class name | AP      |
+-------+------------+---------+
| 0     | ship       | 0.89268 |
+-------+------------+---------+
03/13 04:12:17 PM | ---- mAP 0.8926798133518732
03/13 04:13:16 PM | <<<---->>> [Epoch 39/140, Batch 97/98] <<<---->>>
<<--ETA: 0:00:00		<<--LR: 0.000125	<<--Train Epoch Total loss:0.43125227139312394
03/13 04:13:16 PM | 
---- Evaluating Model ----
03/13 04:13:22 PM | +-------+------------+---------+
| Index | Class name | AP      |
+-------+------------+---------+
| 0     | ship       | 0.89428 |
+-------+------------+---------+
03/13 04:13:22 PM | ---- mAP 0.8942781470535369
03/13 04:14:21 PM | <<<---->>> [Epoch 40/140, Batch 97/98] <<<---->>>
<<--ETA: 0:00:00		<<--LR: 0.000125	<<--Train Epoch Total loss:0.38141834766280897
03/13 04:14:21 PM | 
---- Evaluating Model ----
03/13 04:14:28 PM | +-------+------------+---------+
| Index | Class name | AP      |
+-------+------------+---------+
| 0     | ship       | 0.90059 |
+-------+------------+---------+
03/13 04:14:28 PM | ---- mAP 0.9005932281693558
03/13 04:15:27 PM | <<<---->>> [Epoch 41/140, Batch 97/98] <<<---->>>
<<--ETA: 0:00:00		<<--LR: 0.000125	<<--Train Epoch Total loss:0.3951254541776618
03/13 04:15:27 PM | 
---- Evaluating Model ----
03/13 04:15:34 PM | +-------+------------+---------+
| Index | Class name | AP      |
+-------+------------+---------+
| 0     | ship       | 0.87963 |
+-------+------------+---------+
03/13 04:15:34 PM | ---- mAP 0.8796281834313511
03/13 04:16:32 PM | <<<---->>> [Epoch 42/140, Batch 97/98] <<<---->>>
<<--ETA: 0:00:00		<<--LR: 0.000125	<<--Train Epoch Total loss:0.7554251405657554
03/13 04:16:32 PM | 
---- Evaluating Model ----
03/13 04:16:39 PM | +-------+------------+---------+
| Index | Class name | AP      |
+-------+------------+---------+
| 0     | ship       | 0.86351 |
+-------+------------+---------+
03/13 04:16:39 PM | ---- mAP 0.8635112190065586
03/13 04:17:38 PM | <<<---->>> [Epoch 43/140, Batch 97/98] <<<---->>>
<<--ETA: 0:00:00		<<--LR: 0.000125	<<--Train Epoch Total loss:0.8322615912374185
03/13 04:17:38 PM | 
---- Evaluating Model ----
03/13 04:17:44 PM | +-------+------------+---------+
| Index | Class name | AP      |
+-------+------------+---------+
| 0     | ship       | 0.83799 |
+-------+------------+---------+
03/13 04:17:44 PM | ---- mAP 0.8379905048752834
03/13 04:18:44 PM | <<<---->>> [Epoch 44/140, Batch 97/98] <<<---->>>
<<--ETA: 0:00:00		<<--LR: 0.000125	<<--Train Epoch Total loss:0.7468704100774259
03/13 04:18:44 PM | 
---- Evaluating Model ----
03/13 04:18:50 PM | +-------+------------+---------+
| Index | Class name | AP      |
+-------+------------+---------+
| 0     | ship       | 0.87962 |
+-------+------------+---------+
03/13 04:18:50 PM | ---- mAP 0.8796209696166606
03/13 04:19:50 PM | <<<---->>> [Epoch 45/140, Batch 97/98] <<<---->>>
<<--ETA: 0:00:00		<<--LR: 0.000125	<<--Train Epoch Total loss:0.5812935348676176
03/13 04:19:50 PM | 
---- Evaluating Model ----
03/13 04:19:56 PM | +-------+------------+---------+
| Index | Class name | AP      |
+-------+------------+---------+
| 0     | ship       | 0.89926 |
+-------+------------+---------+
03/13 04:19:56 PM | ---- mAP 0.8992600936295402
03/13 04:20:55 PM | <<<---->>> [Epoch 46/140, Batch 97/98] <<<---->>>
<<--ETA: 0:00:00		<<--LR: 0.000125	<<--Train Epoch Total loss:0.46495411408190823
03/13 04:20:55 PM | 
---- Evaluating Model ----
03/13 04:21:02 PM | +-------+------------+---------+
| Index | Class name | AP      |
+-------+------------+---------+
| 0     | ship       | 0.90544 |
+-------+------------+---------+
03/13 04:21:02 PM | ---- mAP 0.9054393317342055
03/13 04:22:01 PM | <<<---->>> [Epoch 47/140, Batch 97/98] <<<---->>>
<<--ETA: 0:00:00		<<--LR: 0.000125	<<--Train Epoch Total loss:0.3686337604814646
03/13 04:22:01 PM | 
---- Evaluating Model ----
03/13 04:22:08 PM | +-------+------------+---------+
| Index | Class name | AP      |
+-------+------------+---------+
| 0     | ship       | 0.89197 |
+-------+------------+---------+
03/13 04:22:08 PM | ---- mAP 0.891966944701693
03/13 04:23:06 PM | <<<---->>> [Epoch 48/140, Batch 97/98] <<<---->>>
<<--ETA: 0:00:00		<<--LR: 0.000125	<<--Train Epoch Total loss:0.3051542210943845
03/13 04:23:06 PM | 
---- Evaluating Model ----
03/13 04:23:13 PM | +-------+------------+---------+
| Index | Class name | AP      |
+-------+------------+---------+
| 0     | ship       | 0.90493 |
+-------+------------+---------+
03/13 04:23:13 PM | ---- mAP 0.9049281412870429
03/13 04:24:12 PM | <<<---->>> [Epoch 49/140, Batch 97/98] <<<---->>>
<<--ETA: 0:00:00		<<--LR: 0.000125	<<--Train Epoch Total loss:0.29187292879333304
03/13 04:24:12 PM | 
---- Evaluating Model ----
03/13 04:24:19 PM | +-------+------------+---------+
| Index | Class name | AP      |
+-------+------------+---------+
| 0     | ship       | 0.91478 |
+-------+------------+---------+
03/13 04:24:19 PM | ---- mAP 0.9147757910597785
03/13 04:25:18 PM | <<<---->>> [Epoch 50/140, Batch 97/98] <<<---->>>
<<--ETA: 0:00:00		<<--LR: 0.000125	<<--Train Epoch Total loss:0.28222470684927337
03/13 04:25:18 PM | 
---- Evaluating Model ----
03/13 04:25:25 PM | +-------+------------+---------+
| Index | Class name | AP      |
+-------+------------+---------+
| 0     | ship       | 0.88233 |
+-------+------------+---------+
03/13 04:25:25 PM | ---- mAP 0.8823296442906109
03/13 04:26:25 PM | <<<---->>> [Epoch 51/140, Batch 97/98] <<<---->>>
<<--ETA: 0:00:00		<<--LR: 0.000125	<<--Train Epoch Total loss:0.2624547718739023
03/13 04:26:25 PM | 
---- Evaluating Model ----
03/13 04:26:31 PM | +-------+------------+---------+
| Index | Class name | AP      |
+-------+------------+---------+
| 0     | ship       | 0.90561 |
+-------+------------+---------+
03/13 04:26:31 PM | ---- mAP 0.9056067728056184
03/13 04:27:30 PM | <<<---->>> [Epoch 52/140, Batch 97/98] <<<---->>>
<<--ETA: 0:00:00		<<--LR: 0.000125	<<--Train Epoch Total loss:0.24092242577854467
03/13 04:27:30 PM | 
---- Evaluating Model ----
03/13 04:27:37 PM | +-------+------------+---------+
| Index | Class name | AP      |
+-------+------------+---------+
| 0     | ship       | 0.88433 |
+-------+------------+---------+
03/13 04:27:37 PM | ---- mAP 0.884328869834814
03/13 04:28:36 PM | <<<---->>> [Epoch 53/140, Batch 97/98] <<<---->>>
<<--ETA: 0:00:00		<<--LR: 0.000125	<<--Train Epoch Total loss:0.25524966145048333
03/13 04:28:36 PM | 
---- Evaluating Model ----
03/13 04:28:43 PM | +-------+------------+---------+
| Index | Class name | AP      |
+-------+------------+---------+
| 0     | ship       | 0.90083 |
+-------+------------+---------+
03/13 04:28:43 PM | ---- mAP 0.9008260517316875
03/13 04:29:42 PM | <<<---->>> [Epoch 54/140, Batch 97/98] <<<---->>>
<<--ETA: 0:00:00		<<--LR: 0.000125	<<--Train Epoch Total loss:0.3067479335836002
03/13 04:29:42 PM | 
---- Evaluating Model ----
03/13 04:29:48 PM | +-------+------------+---------+
| Index | Class name | AP      |
+-------+------------+---------+
| 0     | ship       | 0.89817 |
+-------+------------+---------+
03/13 04:29:48 PM | ---- mAP 0.8981668644013607
03/13 04:30:47 PM | <<<---->>> [Epoch 55/140, Batch 97/98] <<<---->>>
<<--ETA: 0:00:00		<<--LR: 0.000125	<<--Train Epoch Total loss:0.2958857871744098
03/13 04:30:47 PM | 
---- Evaluating Model ----
03/13 04:30:54 PM | +-------+------------+---------+
| Index | Class name | AP      |
+-------+------------+---------+
| 0     | ship       | 0.90865 |
+-------+------------+---------+
03/13 04:30:54 PM | ---- mAP 0.9086501551142435
03/13 04:31:52 PM | <<<---->>> [Epoch 56/140, Batch 97/98] <<<---->>>
<<--ETA: 0:00:00		<<--LR: 0.000125	<<--Train Epoch Total loss:0.25951534737737814
03/13 04:31:52 PM | 
---- Evaluating Model ----
03/13 04:31:59 PM | +-------+------------+---------+
| Index | Class name | AP      |
+-------+------------+---------+
| 0     | ship       | 0.91807 |
+-------+------------+---------+
03/13 04:31:59 PM | ---- mAP 0.9180721298079089
03/13 04:32:58 PM | <<<---->>> [Epoch 57/140, Batch 97/98] <<<---->>>
<<--ETA: 0:00:00		<<--LR: 0.000125	<<--Train Epoch Total loss:0.2777375855616161
03/13 04:32:58 PM | 
---- Evaluating Model ----
03/13 04:33:04 PM | +-------+------------+---------+
| Index | Class name | AP      |
+-------+------------+---------+
| 0     | ship       | 0.87487 |
+-------+------------+---------+
03/13 04:33:04 PM | ---- mAP 0.8748744747490587
03/13 04:34:04 PM | <<<---->>> [Epoch 58/140, Batch 97/98] <<<---->>>
<<--ETA: 0:00:00		<<--LR: 0.000125	<<--Train Epoch Total loss:0.2923376069081073
03/13 04:34:04 PM | 
---- Evaluating Model ----
03/13 04:34:10 PM | +-------+------------+---------+
| Index | Class name | AP      |
+-------+------------+---------+
| 0     | ship       | 0.88742 |
+-------+------------+---------+
03/13 04:34:10 PM | ---- mAP 0.8874245200709845
03/13 04:35:09 PM | <<<---->>> [Epoch 59/140, Batch 97/98] <<<---->>>
<<--ETA: 0:00:00		<<--LR: 0.000125	<<--Train Epoch Total loss:0.29729180448517506
03/13 04:35:09 PM | 
---- Evaluating Model ----
03/13 04:35:16 PM | +-------+------------+---------+
| Index | Class name | AP      |
+-------+------------+---------+
| 0     | ship       | 0.89157 |
+-------+------------+---------+
03/13 04:35:16 PM | ---- mAP 0.8915666347196133
03/13 04:36:15 PM | <<<---->>> [Epoch 60/140, Batch 97/98] <<<---->>>
<<--ETA: 0:00:00		<<--LR: 0.000125	<<--Train Epoch Total loss:0.30261948476640543
03/13 04:36:15 PM | 
---- Evaluating Model ----
03/13 04:36:21 PM | +-------+------------+---------+
| Index | Class name | AP      |
+-------+------------+---------+
| 0     | ship       | 0.89218 |
+-------+------------+---------+
03/13 04:36:21 PM | ---- mAP 0.8921806725564188
03/13 04:37:20 PM | <<<---->>> [Epoch 61/140, Batch 97/98] <<<---->>>
<<--ETA: 0:00:00		<<--LR: 0.000125	<<--Train Epoch Total loss:0.31712777486869265
03/13 04:37:20 PM | 
---- Evaluating Model ----
03/13 04:37:26 PM | +-------+------------+---------+
| Index | Class name | AP      |
+-------+------------+---------+
| 0     | ship       | 0.89522 |
+-------+------------+---------+
03/13 04:37:26 PM | ---- mAP 0.8952235947113059
03/13 04:38:26 PM | <<<---->>> [Epoch 62/140, Batch 97/98] <<<---->>>
<<--ETA: 0:00:00		<<--LR: 0.000125	<<--Train Epoch Total loss:0.2746842619107694
03/13 04:38:26 PM | 
---- Evaluating Model ----
03/13 04:38:32 PM | +-------+------------+---------+
| Index | Class name | AP      |
+-------+------------+---------+
| 0     | ship       | 0.89890 |
+-------+------------+---------+
03/13 04:38:32 PM | ---- mAP 0.8988950570426737
03/13 04:39:31 PM | <<<---->>> [Epoch 63/140, Batch 97/98] <<<---->>>
<<--ETA: 0:00:00		<<--LR: 0.000125	<<--Train Epoch Total loss:0.4289252291224441
03/13 04:39:31 PM | 
---- Evaluating Model ----
03/13 04:39:38 PM | +-------+------------+---------+
| Index | Class name | AP      |
+-------+------------+---------+
| 0     | ship       | 0.80354 |
+-------+------------+---------+
03/13 04:39:38 PM | ---- mAP 0.8035385525487945
03/13 04:40:36 PM | <<<---->>> [Epoch 64/140, Batch 97/98] <<<---->>>
<<--ETA: 0:00:00		<<--LR: 0.000125	<<--Train Epoch Total loss:0.407971131102163
03/13 04:40:36 PM | 
---- Evaluating Model ----
03/13 04:40:43 PM | +-------+------------+---------+
| Index | Class name | AP      |
+-------+------------+---------+
| 0     | ship       | 0.90333 |
+-------+------------+---------+
03/13 04:40:43 PM | ---- mAP 0.903334990881649
03/13 04:41:42 PM | <<<---->>> [Epoch 65/140, Batch 97/98] <<<---->>>
<<--ETA: 0:00:00		<<--LR: 0.000125	<<--Train Epoch Total loss:0.5042293202512118
03/13 04:41:42 PM | 
---- Evaluating Model ----
03/13 04:41:48 PM | +-------+------------+---------+
| Index | Class name | AP      |
+-------+------------+---------+
| 0     | ship       | 0.86525 |
+-------+------------+---------+
03/13 04:41:48 PM | ---- mAP 0.8652474355086841
03/13 04:42:47 PM | <<<---->>> [Epoch 66/140, Batch 97/98] <<<---->>>
<<--ETA: 0:00:00		<<--LR: 0.000125	<<--Train Epoch Total loss:0.4598744516165889
03/13 04:42:47 PM | 
---- Evaluating Model ----
03/13 04:42:53 PM | +-------+------------+---------+
| Index | Class name | AP      |
+-------+------------+---------+
| 0     | ship       | 0.89824 |
+-------+------------+---------+
03/13 04:42:53 PM | ---- mAP 0.898242856309904
03/13 04:43:52 PM | <<<---->>> [Epoch 67/140, Batch 97/98] <<<---->>>
<<--ETA: 0:00:00		<<--LR: 0.000125	<<--Train Epoch Total loss:0.4966944748041581
03/13 04:43:52 PM | 
---- Evaluating Model ----
03/13 04:43:59 PM | +-------+------------+---------+
| Index | Class name | AP      |
+-------+------------+---------+
| 0     | ship       | 0.90905 |
+-------+------------+---------+
03/13 04:43:59 PM | ---- mAP 0.9090485938013197
03/13 04:44:58 PM | <<<---->>> [Epoch 68/140, Batch 97/98] <<<---->>>
<<--ETA: 0:00:00		<<--LR: 0.000125	<<--Train Epoch Total loss:0.5250242265815638
03/13 04:44:58 PM | 
---- Evaluating Model ----
03/13 04:45:05 PM | +-------+------------+---------+
| Index | Class name | AP      |
+-------+------------+---------+
| 0     | ship       | 0.88024 |
+-------+------------+---------+
03/13 04:45:05 PM | ---- mAP 0.8802392935402907
03/13 04:46:04 PM | <<<---->>> [Epoch 69/140, Batch 97/98] <<<---->>>
<<--ETA: 0:00:00		<<--LR: 0.000125	<<--Train Epoch Total loss:0.3728559322807254
03/13 04:46:04 PM | 
---- Evaluating Model ----
03/13 04:46:11 PM | +-------+------------+---------+
| Index | Class name | AP      |
+-------+------------+---------+
| 0     | ship       | 0.87594 |
+-------+------------+---------+
03/13 04:46:11 PM | ---- mAP 0.8759412148480521
03/13 04:47:10 PM | <<<---->>> [Epoch 70/140, Batch 97/98] <<<---->>>
<<--ETA: 0:00:00		<<--LR: 0.000125	<<--Train Epoch Total loss:0.2941256650552458
03/13 04:47:10 PM | 
---- Evaluating Model ----
03/13 04:47:17 PM | +-------+------------+---------+
| Index | Class name | AP      |
+-------+------------+---------+
| 0     | ship       | 0.90402 |
+-------+------------+---------+
03/13 04:47:17 PM | ---- mAP 0.904016932347923
03/13 04:48:16 PM | <<<---->>> [Epoch 71/140, Batch 97/98] <<<---->>>
<<--ETA: 0:00:00		<<--LR: 0.000125	<<--Train Epoch Total loss:0.2885474319360694
03/13 04:48:16 PM | 
---- Evaluating Model ----
03/13 04:48:23 PM | +-------+------------+---------+
| Index | Class name | AP      |
+-------+------------+---------+
| 0     | ship       | 0.90161 |
+-------+------------+---------+
03/13 04:48:23 PM | ---- mAP 0.9016116642425496
03/13 04:49:21 PM | <<<---->>> [Epoch 72/140, Batch 97/98] <<<---->>>
<<--ETA: 0:00:00		<<--LR: 0.000125	<<--Train Epoch Total loss:0.24216839214976954
03/13 04:49:21 PM | 
---- Evaluating Model ----
03/13 04:49:28 PM | +-------+------------+---------+
| Index | Class name | AP      |
+-------+------------+---------+
| 0     | ship       | 0.92050 |
+-------+------------+---------+
03/13 04:49:28 PM | ---- mAP 0.920498999453899
03/13 04:50:27 PM | <<<---->>> [Epoch 73/140, Batch 97/98] <<<---->>>
<<--ETA: 0:00:00		<<--LR: 0.000125	<<--Train Epoch Total loss:0.1964941687729894
03/13 04:50:27 PM | 
---- Evaluating Model ----
03/13 04:50:34 PM | +-------+------------+---------+
| Index | Class name | AP      |
+-------+------------+---------+
| 0     | ship       | 0.91947 |
+-------+------------+---------+
03/13 04:50:34 PM | ---- mAP 0.9194711953748484
03/13 04:51:33 PM | <<<---->>> [Epoch 74/140, Batch 97/98] <<<---->>>
<<--ETA: 0:00:00		<<--LR: 0.000125	<<--Train Epoch Total loss:0.1788812559478137
03/13 04:51:33 PM | 
---- Evaluating Model ----
03/13 04:51:40 PM | +-------+------------+---------+
| Index | Class name | AP      |
+-------+------------+---------+
| 0     | ship       | 0.91626 |
+-------+------------+---------+
03/13 04:51:40 PM | ---- mAP 0.9162613431351206
03/13 04:52:39 PM | <<<---->>> [Epoch 75/140, Batch 97/98] <<<---->>>
<<--ETA: 0:00:00		<<--LR: 0.000125	<<--Train Epoch Total loss:0.17970662153497033
03/13 04:52:39 PM | 
---- Evaluating Model ----
03/13 04:52:45 PM | +-------+------------+---------+
| Index | Class name | AP      |
+-------+------------+---------+
| 0     | ship       | 0.91881 |
+-------+------------+---------+
03/13 04:52:45 PM | ---- mAP 0.9188064677359293
03/13 04:53:44 PM | <<<---->>> [Epoch 76/140, Batch 97/98] <<<---->>>
<<--ETA: 0:00:00		<<--LR: 0.000125	<<--Train Epoch Total loss:0.15537398772276179
03/13 04:53:44 PM | 
---- Evaluating Model ----
03/13 04:53:51 PM | +-------+------------+---------+
| Index | Class name | AP      |
+-------+------------+---------+
| 0     | ship       | 0.91171 |
+-------+------------+---------+
03/13 04:53:51 PM | ---- mAP 0.9117114668442597
03/13 04:54:50 PM | <<<---->>> [Epoch 77/140, Batch 97/98] <<<---->>>
<<--ETA: 0:00:00		<<--LR: 0.000125	<<--Train Epoch Total loss:0.16296390907800928
03/13 04:54:50 PM | 
---- Evaluating Model ----
03/13 04:54:57 PM | +-------+------------+---------+
| Index | Class name | AP      |
+-------+------------+---------+
| 0     | ship       | 0.91214 |
+-------+------------+---------+
03/13 04:54:57 PM | ---- mAP 0.912135211364414
03/13 04:55:55 PM | <<<---->>> [Epoch 78/140, Batch 97/98] <<<---->>>
<<--ETA: 0:00:00		<<--LR: 0.000125	<<--Train Epoch Total loss:0.15167199113235183
03/13 04:55:55 PM | 
---- Evaluating Model ----
03/13 04:56:02 PM | +-------+------------+---------+
| Index | Class name | AP      |
+-------+------------+---------+
| 0     | ship       | 0.90636 |
+-------+------------+---------+
03/13 04:56:02 PM | ---- mAP 0.9063578677759383
03/13 04:57:01 PM | <<<---->>> [Epoch 79/140, Batch 97/98] <<<---->>>
<<--ETA: 0:00:00		<<--LR: 0.000125	<<--Train Epoch Total loss:0.1353845981766983
03/13 04:57:01 PM | 
---- Evaluating Model ----
03/13 04:57:08 PM | +-------+------------+---------+
| Index | Class name | AP      |
+-------+------------+---------+
| 0     | ship       | 0.90335 |
+-------+------------+---------+
03/13 04:57:08 PM | ---- mAP 0.9033487964579588
03/13 04:58:07 PM | <<<---->>> [Epoch 80/140, Batch 97/98] <<<---->>>
<<--ETA: 0:00:00		<<--LR: 0.000125	<<--Train Epoch Total loss:0.1419211573594687
03/13 04:58:07 PM | 
---- Evaluating Model ----
03/13 04:58:13 PM | +-------+------------+---------+
| Index | Class name | AP      |
+-------+------------+---------+
| 0     | ship       | 0.90486 |
+-------+------------+---------+
03/13 04:58:13 PM | ---- mAP 0.9048645701674753
03/13 04:59:12 PM | <<<---->>> [Epoch 81/140, Batch 97/98] <<<---->>>
<<--ETA: 0:00:00		<<--LR: 0.000125	<<--Train Epoch Total loss:0.13725049139893786
03/13 04:59:12 PM | 
---- Evaluating Model ----
03/13 04:59:19 PM | +-------+------------+---------+
| Index | Class name | AP      |
+-------+------------+---------+
| 0     | ship       | 0.90822 |
+-------+------------+---------+
03/13 04:59:19 PM | ---- mAP 0.9082229960512069
03/13 05:00:18 PM | <<<---->>> [Epoch 82/140, Batch 97/98] <<<---->>>
<<--ETA: 0:00:00		<<--LR: 0.000125	<<--Train Epoch Total loss:0.11414997751007275
03/13 05:00:18 PM | 
---- Evaluating Model ----
03/13 05:00:25 PM | +-------+------------+---------+
| Index | Class name | AP      |
+-------+------------+---------+
| 0     | ship       | 0.90826 |
+-------+------------+---------+
03/13 05:00:25 PM | ---- mAP 0.9082614522424701
03/13 05:01:23 PM | <<<---->>> [Epoch 83/140, Batch 97/98] <<<---->>>
<<--ETA: 0:00:00		<<--LR: 0.000125	<<--Train Epoch Total loss:0.10663807498557228
03/13 05:01:23 PM | 
---- Evaluating Model ----
03/13 05:01:30 PM | +-------+------------+---------+
| Index | Class name | AP      |
+-------+------------+---------+
| 0     | ship       | 0.92297 |
+-------+------------+---------+
03/13 05:01:30 PM | ---- mAP 0.9229702503690762
03/13 05:02:28 PM | <<<---->>> [Epoch 84/140, Batch 97/98] <<<---->>>
<<--ETA: 0:00:00		<<--LR: 0.000125	<<--Train Epoch Total loss:0.10801733429638707
03/13 05:02:28 PM | 
---- Evaluating Model ----
03/13 05:02:35 PM | +-------+------------+---------+
| Index | Class name | AP      |
+-------+------------+---------+
| 0     | ship       | 0.90585 |
+-------+------------+---------+
03/13 05:02:35 PM | ---- mAP 0.9058525747129068
03/13 05:03:34 PM | <<<---->>> [Epoch 85/140, Batch 97/98] <<<---->>>
<<--ETA: 0:00:00		<<--LR: 0.000125	<<--Train Epoch Total loss:0.10397771122504254
03/13 05:03:34 PM | 
---- Evaluating Model ----
03/13 05:03:40 PM | +-------+------------+---------+
| Index | Class name | AP      |
+-------+------------+---------+
| 0     | ship       | 0.90732 |
+-------+------------+---------+
03/13 05:03:40 PM | ---- mAP 0.90731687709741
03/13 05:04:39 PM | <<<---->>> [Epoch 86/140, Batch 97/98] <<<---->>>
<<--ETA: 0:00:00		<<--LR: 0.000125	<<--Train Epoch Total loss:0.09553904911237103
03/13 05:04:39 PM | 
---- Evaluating Model ----
03/13 05:04:46 PM | +-------+------------+---------+
| Index | Class name | AP      |
+-------+------------+---------+
| 0     | ship       | 0.91090 |
+-------+------------+---------+
03/13 05:04:46 PM | ---- mAP 0.9109049947206169
03/13 05:05:45 PM | <<<---->>> [Epoch 87/140, Batch 97/98] <<<---->>>
<<--ETA: 0:00:00		<<--LR: 0.000125	<<--Train Epoch Total loss:0.09656634299578715
03/13 05:05:45 PM | 
---- Evaluating Model ----
03/13 05:05:52 PM | +-------+------------+---------+
| Index | Class name | AP      |
+-------+------------+---------+
| 0     | ship       | 0.91486 |
+-------+------------+---------+
03/13 05:05:52 PM | ---- mAP 0.9148642096210677
03/13 05:06:51 PM | <<<---->>> [Epoch 88/140, Batch 97/98] <<<---->>>
<<--ETA: 0:00:00		<<--LR: 0.000125	<<--Train Epoch Total loss:0.10278659682644874
03/13 05:06:51 PM | 
---- Evaluating Model ----
03/13 05:06:57 PM | +-------+------------+---------+
| Index | Class name | AP      |
+-------+------------+---------+
| 0     | ship       | 0.90213 |
+-------+------------+---------+
03/13 05:06:57 PM | ---- mAP 0.9021334369867666
03/13 05:07:56 PM | <<<---->>> [Epoch 89/140, Batch 97/98] <<<---->>>
<<--ETA: 0:00:00		<<--LR: 0.000125	<<--Train Epoch Total loss:0.08516683395267749
03/13 05:07:56 PM | 
---- Evaluating Model ----
03/13 05:08:03 PM | +-------+------------+---------+
| Index | Class name | AP      |
+-------+------------+---------+
| 0     | ship       | 0.90946 |
+-------+------------+---------+
03/13 05:08:03 PM | ---- mAP 0.9094612085399053
03/13 05:09:02 PM | <<<---->>> [Epoch 90/140, Batch 97/98] <<<---->>>
<<--ETA: 0:00:00		<<--LR: 1.25e-06	<<--Train Epoch Total loss:0.07436458831082801
03/13 05:09:02 PM | 
---- Evaluating Model ----
03/13 05:09:09 PM | +-------+------------+---------+
| Index | Class name | AP      |
+-------+------------+---------+
| 0     | ship       | 0.91415 |
+-------+------------+---------+
03/13 05:09:09 PM | ---- mAP 0.9141524150481617
03/13 05:10:08 PM | <<<---->>> [Epoch 91/140, Batch 97/98] <<<---->>>
<<--ETA: 0:00:00		<<--LR: 1.25e-05	<<--Train Epoch Total loss:0.06570115274920756
03/13 05:10:08 PM | 
---- Evaluating Model ----
03/13 05:10:15 PM | +-------+------------+---------+
| Index | Class name | AP      |
+-------+------------+---------+
| 0     | ship       | 0.91673 |
+-------+------------+---------+
03/13 05:10:15 PM | ---- mAP 0.9167337134577578
03/13 05:11:13 PM | <<<---->>> [Epoch 92/140, Batch 97/98] <<<---->>>
<<--ETA: 0:00:00		<<--LR: 1.25e-05	<<--Train Epoch Total loss:0.06259956982518945
03/13 05:11:13 PM | 
---- Evaluating Model ----
03/13 05:11:20 PM | +-------+------------+---------+
| Index | Class name | AP      |
+-------+------------+---------+
| 0     | ship       | 0.91981 |
+-------+------------+---------+
03/13 05:11:20 PM | ---- mAP 0.91980552230679
03/13 05:12:19 PM | <<<---->>> [Epoch 93/140, Batch 97/98] <<<---->>>
<<--ETA: 0:00:00		<<--LR: 1.25e-05	<<--Train Epoch Total loss:0.060099973932516815
03/13 05:12:19 PM | 
---- Evaluating Model ----
03/13 05:12:26 PM | +-------+------------+---------+
| Index | Class name | AP      |
+-------+------------+---------+
| 0     | ship       | 0.91242 |
+-------+------------+---------+
03/13 05:12:26 PM | ---- mAP 0.9124221050270351
03/13 05:13:24 PM | <<<---->>> [Epoch 94/140, Batch 97/98] <<<---->>>
<<--ETA: 0:00:00		<<--LR: 1.25e-05	<<--Train Epoch Total loss:0.06162905826100281
03/13 05:13:24 PM | 
---- Evaluating Model ----
03/13 05:13:31 PM | +-------+------------+---------+
| Index | Class name | AP      |
+-------+------------+---------+
| 0     | ship       | 0.92057 |
+-------+------------+---------+
03/13 05:13:31 PM | ---- mAP 0.9205726019149199
03/13 05:14:30 PM | <<<---->>> [Epoch 95/140, Batch 97/98] <<<---->>>
<<--ETA: 0:00:00		<<--LR: 1.25e-05	<<--Train Epoch Total loss:0.05821326888185375
03/13 05:14:30 PM | 
---- Evaluating Model ----
03/13 05:14:37 PM | +-------+------------+---------+
| Index | Class name | AP      |
+-------+------------+---------+
| 0     | ship       | 0.92027 |
+-------+------------+---------+
03/13 05:14:37 PM | ---- mAP 0.9202653048248353
03/13 05:15:35 PM | <<<---->>> [Epoch 96/140, Batch 97/98] <<<---->>>
<<--ETA: 0:00:00		<<--LR: 1.25e-05	<<--Train Epoch Total loss:0.05948409898092552
03/13 05:15:35 PM | 
---- Evaluating Model ----
03/13 05:15:42 PM | +-------+------------+---------+
| Index | Class name | AP      |
+-------+------------+---------+
| 0     | ship       | 0.91961 |
+-------+------------+---------+
03/13 05:15:42 PM | ---- mAP 0.9196086792302158
03/13 05:16:41 PM | <<<---->>> [Epoch 97/140, Batch 97/98] <<<---->>>
<<--ETA: 0:00:00		<<--LR: 1.25e-05	<<--Train Epoch Total loss:0.05634961988092685
03/13 05:16:41 PM | 
---- Evaluating Model ----
03/13 05:16:47 PM | +-------+------------+---------+
| Index | Class name | AP      |
+-------+------------+---------+
| 0     | ship       | 0.91518 |
+-------+------------+---------+
03/13 05:16:47 PM | ---- mAP 0.9151783542797862
03/13 05:17:46 PM | <<<---->>> [Epoch 98/140, Batch 97/98] <<<---->>>
<<--ETA: 0:00:00		<<--LR: 1.25e-05	<<--Train Epoch Total loss:0.05760761764736808
03/13 05:17:46 PM | 
---- Evaluating Model ----
03/13 05:17:53 PM | +-------+------------+---------+
| Index | Class name | AP      |
+-------+------------+---------+
| 0     | ship       | 0.91756 |
+-------+------------+---------+
03/13 05:17:53 PM | ---- mAP 0.9175614084286554
03/13 05:18:51 PM | <<<---->>> [Epoch 99/140, Batch 97/98] <<<---->>>
<<--ETA: 0:00:00		<<--LR: 1.25e-05	<<--Train Epoch Total loss:0.05556609724857369
03/13 05:18:51 PM | 
---- Evaluating Model ----
03/13 05:18:58 PM | +-------+------------+---------+
| Index | Class name | AP      |
+-------+------------+---------+
| 0     | ship       | 0.91785 |
+-------+------------+---------+
03/13 05:18:58 PM | ---- mAP 0.9178540924220435
03/13 05:19:57 PM | <<<---->>> [Epoch 100/140, Batch 97/98] <<<---->>>
<<--ETA: 0:00:00		<<--LR: 1.25e-05	<<--Train Epoch Total loss:0.05494452214666775
03/13 05:19:57 PM | 
---- Evaluating Model ----
03/13 05:20:03 PM | +-------+------------+---------+
| Index | Class name | AP      |
+-------+------------+---------+
| 0     | ship       | 0.91635 |
+-------+------------+---------+
03/13 05:20:03 PM | ---- mAP 0.916349974855888
03/13 05:21:04 PM | <<<---->>> [Epoch 101/140, Batch 97/98] <<<---->>>
<<--ETA: 0:00:00		<<--LR: 1.25e-05	<<--Train Epoch Total loss:0.05541326930480344
03/13 06:08:50 PM | 
---- Evaluating Model ----
03/13 06:08:56 PM | +-------+------------+---------+
| Index | Class name | AP      |
+-------+------------+---------+
| 0     | ship       | 0.91739 |
+-------+------------+---------+
03/13 06:08:56 PM | ---- mAP 0.9173930639164994
03/13 06:09:54 PM | <<<---->>> [Epoch 102/140, Batch 97/98] <<<---->>>
<<--ETA: 0:00:00		<<--LR: 1.25e-05	<<--Train Epoch Total loss:0.054539326502352346
03/13 06:09:54 PM | 
---- Evaluating Model ----
03/13 06:10:01 PM | +-------+------------+---------+
| Index | Class name | AP      |
+-------+------------+---------+
| 0     | ship       | 0.91752 |
+-------+------------+---------+
03/13 06:10:01 PM | ---- mAP 0.9175185460660489
03/13 06:10:59 PM | <<<---->>> [Epoch 103/140, Batch 97/98] <<<---->>>
<<--ETA: 0:00:00		<<--LR: 1.25e-05	<<--Train Epoch Total loss:0.052401624695987116
03/13 06:10:59 PM | 
---- Evaluating Model ----
03/13 06:11:05 PM | +-------+------------+---------+
| Index | Class name | AP      |
+-------+------------+---------+
| 0     | ship       | 0.91750 |
+-------+------------+---------+
03/13 06:11:05 PM | ---- mAP 0.9175018768442461
03/13 06:12:03 PM | <<<---->>> [Epoch 104/140, Batch 97/98] <<<---->>>
<<--ETA: 0:00:00		<<--LR: 1.25e-05	<<--Train Epoch Total loss:0.05146812696998217
03/13 06:12:03 PM | 
---- Evaluating Model ----
03/13 06:12:10 PM | +-------+------------+---------+
| Index | Class name | AP      |
+-------+------------+---------+
| 0     | ship       | 0.91906 |
+-------+------------+---------+
03/13 06:12:10 PM | ---- mAP 0.91906126525768
03/13 06:13:08 PM | <<<---->>> [Epoch 105/140, Batch 97/98] <<<---->>>
<<--ETA: 0:00:00		<<--LR: 1.25e-05	<<--Train Epoch Total loss:0.053585437943740766
03/13 06:13:08 PM | 
---- Evaluating Model ----
03/13 06:13:15 PM | +-------+------------+---------+
| Index | Class name | AP      |
+-------+------------+---------+
| 0     | ship       | 0.91663 |
+-------+------------+---------+
03/13 06:13:15 PM | ---- mAP 0.916633434546432
03/13 06:14:13 PM | <<<---->>> [Epoch 106/140, Batch 97/98] <<<---->>>
<<--ETA: 0:00:00		<<--LR: 1.25e-05	<<--Train Epoch Total loss:0.051229404380583037
03/13 06:14:13 PM | 
---- Evaluating Model ----
03/13 06:14:19 PM | +-------+------------+---------+
| Index | Class name | AP      |
+-------+------------+---------+
| 0     | ship       | 0.91912 |
+-------+------------+---------+
03/13 06:14:19 PM | ---- mAP 0.9191238116263499
03/13 06:15:18 PM | <<<---->>> [Epoch 107/140, Batch 97/98] <<<---->>>
<<--ETA: 0:00:00		<<--LR: 1.25e-05	<<--Train Epoch Total loss:0.05100623297752166
03/13 06:15:18 PM | 
---- Evaluating Model ----
03/13 06:15:24 PM | +-------+------------+---------+
| Index | Class name | AP      |
+-------+------------+---------+
| 0     | ship       | 0.91815 |
+-------+------------+---------+
03/13 06:15:24 PM | ---- mAP 0.9181500239193243
03/13 06:16:22 PM | <<<---->>> [Epoch 108/140, Batch 97/98] <<<---->>>
<<--ETA: 0:00:00		<<--LR: 1.25e-05	<<--Train Epoch Total loss:0.05127280617931059
03/13 06:16:22 PM | 
---- Evaluating Model ----
03/13 06:16:29 PM | +-------+------------+---------+
| Index | Class name | AP      |
+-------+------------+---------+
| 0     | ship       | 0.91667 |
+-------+------------+---------+
03/13 06:16:29 PM | ---- mAP 0.9166697483564348
03/13 06:17:27 PM | <<<---->>> [Epoch 109/140, Batch 97/98] <<<---->>>
<<--ETA: 0:00:00		<<--LR: 1.25e-05	<<--Train Epoch Total loss:0.049025402898539086
03/13 06:17:27 PM | 
---- Evaluating Model ----
03/13 06:17:33 PM | +-------+------------+---------+
| Index | Class name | AP      |
+-------+------------+---------+
| 0     | ship       | 0.91904 |
+-------+------------+---------+
03/13 06:17:33 PM | ---- mAP 0.9190370375576089
03/13 06:18:32 PM | <<<---->>> [Epoch 110/140, Batch 97/98] <<<---->>>
<<--ETA: 0:00:00		<<--LR: 1.25e-05	<<--Train Epoch Total loss:0.0485870942131293
03/13 06:18:32 PM | 
---- Evaluating Model ----
03/13 06:18:38 PM | +-------+------------+---------+
| Index | Class name | AP      |
+-------+------------+---------+
| 0     | ship       | 0.91848 |
+-------+------------+---------+
03/13 06:18:38 PM | ---- mAP 0.9184840834936783
03/13 06:19:36 PM | <<<---->>> [Epoch 111/140, Batch 97/98] <<<---->>>
<<--ETA: 0:00:00		<<--LR: 1.25e-05	<<--Train Epoch Total loss:0.048576481070141404
03/13 06:19:36 PM | 
---- Evaluating Model ----
03/13 06:19:43 PM | +-------+------------+---------+
| Index | Class name | AP      |
+-------+------------+---------+
| 0     | ship       | 0.91696 |
+-------+------------+---------+
03/13 06:19:43 PM | ---- mAP 0.9169645663088718
03/13 06:20:41 PM | <<<---->>> [Epoch 112/140, Batch 97/98] <<<---->>>
<<--ETA: 0:00:00		<<--LR: 1.25e-05	<<--Train Epoch Total loss:0.04780905674762872
03/13 06:20:41 PM | 
---- Evaluating Model ----
03/13 06:20:47 PM | +-------+------------+---------+
| Index | Class name | AP      |
+-------+------------+---------+
| 0     | ship       | 0.91903 |
+-------+------------+---------+
03/13 06:20:47 PM | ---- mAP 0.9190342779178904
03/13 06:21:45 PM | <<<---->>> [Epoch 113/140, Batch 97/98] <<<---->>>
<<--ETA: 0:00:00		<<--LR: 1.25e-05	<<--Train Epoch Total loss:0.04882569732714673
03/13 06:21:45 PM | 
---- Evaluating Model ----
03/13 06:21:52 PM | +-------+------------+---------+
| Index | Class name | AP      |
+-------+------------+---------+
| 0     | ship       | 0.91960 |
+-------+------------+---------+
03/13 06:21:52 PM | ---- mAP 0.9196000842020766
03/13 06:22:50 PM | <<<---->>> [Epoch 114/140, Batch 97/98] <<<---->>>
<<--ETA: 0:00:00		<<--LR: 1.25e-05	<<--Train Epoch Total loss:0.04660280752090775
03/13 06:22:50 PM | 
---- Evaluating Model ----
03/13 06:22:57 PM | +-------+------------+---------+
| Index | Class name | AP      |
+-------+------------+---------+
| 0     | ship       | 0.91558 |
+-------+------------+---------+
03/13 06:22:57 PM | ---- mAP 0.9155771187949133
03/13 06:23:55 PM | <<<---->>> [Epoch 115/140, Batch 97/98] <<<---->>>
<<--ETA: 0:00:00		<<--LR: 1.25e-05	<<--Train Epoch Total loss:0.04804998592530586
03/13 06:23:55 PM | 
---- Evaluating Model ----
03/13 06:24:02 PM | +-------+------------+---------+
| Index | Class name | AP      |
+-------+------------+---------+
| 0     | ship       | 0.90900 |
+-------+------------+---------+
03/13 06:24:02 PM | ---- mAP 0.9090046764907651
03/13 06:25:00 PM | <<<---->>> [Epoch 116/140, Batch 97/98] <<<---->>>
<<--ETA: 0:00:00		<<--LR: 1.25e-05	<<--Train Epoch Total loss:0.04674753457383842
03/13 06:25:00 PM | 
---- Evaluating Model ----
03/13 06:25:06 PM | +-------+------------+---------+
| Index | Class name | AP      |
+-------+------------+---------+
| 0     | ship       | 0.91843 |
+-------+------------+---------+
03/13 06:25:06 PM | ---- mAP 0.9184309447396684
03/13 06:26:05 PM | <<<---->>> [Epoch 117/140, Batch 97/98] <<<---->>>
<<--ETA: 0:00:00		<<--LR: 1.25e-05	<<--Train Epoch Total loss:0.0447474036707866
03/13 06:26:05 PM | 
---- Evaluating Model ----
03/13 06:26:12 PM | +-------+------------+---------+
| Index | Class name | AP      |
+-------+------------+---------+
| 0     | ship       | 0.91615 |
+-------+------------+---------+
03/13 06:26:12 PM | ---- mAP 0.9161542291381296
03/13 06:27:10 PM | <<<---->>> [Epoch 118/140, Batch 97/98] <<<---->>>
<<--ETA: 0:00:00		<<--LR: 1.25e-05	<<--Train Epoch Total loss:0.04400166969898404
03/13 06:27:10 PM | 
---- Evaluating Model ----
03/13 06:27:17 PM | +-------+------------+---------+
| Index | Class name | AP      |
+-------+------------+---------+
| 0     | ship       | 0.91493 |
+-------+------------+---------+
03/13 06:27:17 PM | ---- mAP 0.9149339959230849
03/13 06:28:14 PM | <<<---->>> [Epoch 119/140, Batch 97/98] <<<---->>>
<<--ETA: 0:00:00		<<--LR: 1.25e-05	<<--Train Epoch Total loss:0.04447514731056836
03/13 06:28:14 PM | 
---- Evaluating Model ----
03/13 06:28:21 PM | +-------+------------+---------+
| Index | Class name | AP      |
+-------+------------+---------+
| 0     | ship       | 0.91504 |
+-------+------------+---------+
03/13 06:28:21 PM | ---- mAP 0.9150352677857286
03/13 06:29:19 PM | <<<---->>> [Epoch 120/140, Batch 97/98] <<<---->>>
<<--ETA: 0:00:00		<<--LR: 1.2500000000000002e-07	<<--Train Epoch Total loss:0.04438712516305398
03/13 06:29:19 PM | 
---- Evaluating Model ----
03/13 06:29:26 PM | +-------+------------+---------+
| Index | Class name | AP      |
+-------+------------+---------+
| 0     | ship       | 0.91926 |
+-------+------------+---------+
03/13 06:29:26 PM | ---- mAP 0.9192560760592813
03/13 06:30:24 PM | <<<---->>> [Epoch 121/140, Batch 97/98] <<<---->>>
<<--ETA: 0:00:00		<<--LR: 1.25e-06	<<--Train Epoch Total loss:0.04464418982744825
03/13 06:30:24 PM | 
---- Evaluating Model ----
03/13 06:30:30 PM | +-------+------------+---------+
| Index | Class name | AP      |
+-------+------------+---------+
| 0     | ship       | 0.91801 |
+-------+------------+---------+
03/13 06:30:30 PM | ---- mAP 0.918012029197576
03/13 06:31:28 PM | <<<---->>> [Epoch 122/140, Batch 97/98] <<<---->>>
<<--ETA: 0:00:00		<<--LR: 1.25e-06	<<--Train Epoch Total loss:0.04389676115266523
03/13 06:31:28 PM | 
---- Evaluating Model ----
03/13 06:31:35 PM | +-------+------------+---------+
| Index | Class name | AP      |
+-------+------------+---------+
| 0     | ship       | 0.91539 |
+-------+------------+---------+
03/13 06:31:35 PM | ---- mAP 0.9153873421442905
03/13 06:32:33 PM | <<<---->>> [Epoch 123/140, Batch 97/98] <<<---->>>
<<--ETA: 0:00:00		<<--LR: 1.25e-06	<<--Train Epoch Total loss:0.0437194628793062
03/13 06:32:33 PM | 
---- Evaluating Model ----
03/13 06:32:40 PM | +-------+------------+---------+
| Index | Class name | AP      |
+-------+------------+---------+
| 0     | ship       | 0.91869 |
+-------+------------+---------+
03/13 06:32:40 PM | ---- mAP 0.9186918260988791
03/13 06:33:38 PM | <<<---->>> [Epoch 124/140, Batch 97/98] <<<---->>>
<<--ETA: 0:00:00		<<--LR: 1.25e-06	<<--Train Epoch Total loss:0.04518137779086828
03/13 06:33:38 PM | 
---- Evaluating Model ----
03/13 06:33:45 PM | +-------+------------+---------+
| Index | Class name | AP      |
+-------+------------+---------+
| 0     | ship       | 0.91621 |
+-------+------------+---------+
03/13 06:33:45 PM | ---- mAP 0.9162097411664925
03/13 06:34:43 PM | <<<---->>> [Epoch 125/140, Batch 97/98] <<<---->>>
<<--ETA: 0:00:00		<<--LR: 1.25e-06	<<--Train Epoch Total loss:0.04259283899576688
03/13 06:34:43 PM | 
---- Evaluating Model ----
03/13 06:34:50 PM | +-------+------------+---------+
| Index | Class name | AP      |
+-------+------------+---------+
| 0     | ship       | 0.92051 |
+-------+------------+---------+
03/13 06:34:50 PM | ---- mAP 0.9205095674653774
03/13 06:35:48 PM | <<<---->>> [Epoch 126/140, Batch 97/98] <<<---->>>
<<--ETA: 0:00:00		<<--LR: 1.25e-06	<<--Train Epoch Total loss:0.04283397958366847
03/13 06:35:48 PM | 
---- Evaluating Model ----
03/13 06:35:54 PM | +-------+------------+---------+
| Index | Class name | AP      |
+-------+------------+---------+
| 0     | ship       | 0.91989 |
+-------+------------+---------+
03/13 06:35:54 PM | ---- mAP 0.9198942859563206
03/13 06:36:52 PM | <<<---->>> [Epoch 127/140, Batch 97/98] <<<---->>>
<<--ETA: 0:00:00		<<--LR: 1.25e-06	<<--Train Epoch Total loss:0.043964361828960935
03/13 06:36:52 PM | 
---- Evaluating Model ----
03/13 06:36:59 PM | +-------+------------+---------+
| Index | Class name | AP      |
+-------+------------+---------+
| 0     | ship       | 0.91611 |
+-------+------------+---------+
03/13 06:36:59 PM | ---- mAP 0.9161115410914116
03/13 06:37:57 PM | <<<---->>> [Epoch 128/140, Batch 97/98] <<<---->>>
<<--ETA: 0:00:00		<<--LR: 1.25e-06	<<--Train Epoch Total loss:0.04266567026474038
03/13 06:37:57 PM | 
---- Evaluating Model ----
03/13 06:38:04 PM | +-------+------------+---------+
| Index | Class name | AP      |
+-------+------------+---------+
| 0     | ship       | 0.91699 |
+-------+------------+---------+
03/13 06:38:04 PM | ---- mAP 0.9169859856008603
03/13 06:39:02 PM | <<<---->>> [Epoch 129/140, Batch 97/98] <<<---->>>
<<--ETA: 0:00:00		<<--LR: 1.25e-06	<<--Train Epoch Total loss:0.04235726705163109
03/13 06:39:02 PM | 
---- Evaluating Model ----
03/13 06:39:08 PM | +-------+------------+---------+
| Index | Class name | AP      |
+-------+------------+---------+
| 0     | ship       | 0.91779 |
+-------+------------+---------+
03/13 06:39:08 PM | ---- mAP 0.9177925036158934
03/13 06:40:07 PM | <<<---->>> [Epoch 130/140, Batch 97/98] <<<---->>>
<<--ETA: 0:00:00		<<--LR: 1.25e-06	<<--Train Epoch Total loss:0.0428904033627133
03/13 06:40:07 PM | 
---- Evaluating Model ----
03/13 06:40:14 PM | +-------+------------+---------+
| Index | Class name | AP      |
+-------+------------+---------+
| 0     | ship       | 0.91774 |
+-------+------------+---------+
03/13 06:40:14 PM | ---- mAP 0.9177430683214991
03/13 06:41:11 PM | <<<---->>> [Epoch 131/140, Batch 97/98] <<<---->>>
<<--ETA: 0:00:00		<<--LR: 1.25e-06	<<--Train Epoch Total loss:0.04450268435234926
03/13 06:41:11 PM | 
---- Evaluating Model ----
03/13 06:41:18 PM | +-------+------------+---------+
| Index | Class name | AP      |
+-------+------------+---------+
| 0     | ship       | 0.91812 |
+-------+------------+---------+
03/13 06:41:18 PM | ---- mAP 0.9181195153986583
03/13 06:42:16 PM | <<<---->>> [Epoch 132/140, Batch 97/98] <<<---->>>
<<--ETA: 0:00:00		<<--LR: 1.25e-06	<<--Train Epoch Total loss:0.04461337760927118
03/13 06:42:16 PM | 
---- Evaluating Model ----
03/13 06:42:23 PM | +-------+------------+---------+
| Index | Class name | AP      |
+-------+------------+---------+
| 0     | ship       | 0.91993 |
+-------+------------+---------+
03/13 06:42:23 PM | ---- mAP 0.9199331629698455
03/13 06:43:21 PM | <<<---->>> [Epoch 133/140, Batch 97/98] <<<---->>>
<<--ETA: 0:00:00		<<--LR: 1.25e-06	<<--Train Epoch Total loss:0.041894267655300854
03/13 06:43:21 PM | 
---- Evaluating Model ----
03/13 06:43:27 PM | +-------+------------+---------+
| Index | Class name | AP      |
+-------+------------+---------+
| 0     | ship       | 0.91908 |
+-------+------------+---------+
03/13 06:43:27 PM | ---- mAP 0.9190834340999342
03/13 06:44:25 PM | <<<---->>> [Epoch 134/140, Batch 97/98] <<<---->>>
<<--ETA: 0:00:00		<<--LR: 1.25e-06	<<--Train Epoch Total loss:0.042146528842954
03/13 06:44:25 PM | 
---- Evaluating Model ----
03/13 06:44:32 PM | +-------+------------+---------+
| Index | Class name | AP      |
+-------+------------+---------+
| 0     | ship       | 0.91703 |
+-------+------------+---------+
03/13 06:44:32 PM | ---- mAP 0.9170305323612752
03/13 06:45:30 PM | <<<---->>> [Epoch 135/140, Batch 97/98] <<<---->>>
<<--ETA: 0:00:00		<<--LR: 1.25e-06	<<--Train Epoch Total loss:0.042267434279985576
03/13 06:45:30 PM | 
---- Evaluating Model ----
03/13 06:45:36 PM | +-------+------------+---------+
| Index | Class name | AP      |
+-------+------------+---------+
| 0     | ship       | 0.91702 |
+-------+------------+---------+
03/13 06:45:36 PM | ---- mAP 0.917018194929747
03/13 06:46:35 PM | <<<---->>> [Epoch 136/140, Batch 97/98] <<<---->>>
<<--ETA: 0:00:00		<<--LR: 1.25e-06	<<--Train Epoch Total loss:0.043061207200647614
03/13 06:46:35 PM | 
---- Evaluating Model ----
03/13 06:46:42 PM | +-------+------------+---------+
| Index | Class name | AP      |
+-------+------------+---------+
| 0     | ship       | 0.91601 |
+-------+------------+---------+
03/13 06:46:42 PM | ---- mAP 0.9160127559363533
03/13 06:47:40 PM | <<<---->>> [Epoch 137/140, Batch 97/98] <<<---->>>
<<--ETA: 0:00:00		<<--LR: 1.25e-06	<<--Train Epoch Total loss:0.04220284593804759
03/13 06:47:40 PM | 
---- Evaluating Model ----
03/13 06:47:47 PM | +-------+------------+---------+
| Index | Class name | AP      |
+-------+------------+---------+
| 0     | ship       | 0.91641 |
+-------+------------+---------+
03/13 06:47:47 PM | ---- mAP 0.9164090665694029
03/13 06:48:45 PM | <<<---->>> [Epoch 138/140, Batch 97/98] <<<---->>>
<<--ETA: 0:00:00		<<--LR: 1.25e-06	<<--Train Epoch Total loss:0.04224185712103333
03/13 06:48:45 PM | 
---- Evaluating Model ----
03/13 06:48:52 PM | +-------+------------+---------+
| Index | Class name | AP      |
+-------+------------+---------+
| 0     | ship       | 0.91823 |
+-------+------------+---------+
03/13 06:48:52 PM | ---- mAP 0.9182295374673877
03/13 06:49:50 PM | <<<---->>> [Epoch 139/140, Batch 97/98] <<<---->>>
<<--ETA: 0:00:00		<<--LR: 1.25e-06	<<--Train Epoch Total loss:0.04369217999355526
03/13 06:49:50 PM | 
---- Evaluating Model ----
03/13 06:49:57 PM | +-------+------------+---------+
| Index | Class name | AP      |
+-------+------------+---------+
| 0     | ship       | 0.91981 |
+-------+------------+---------+
03/13 06:49:57 PM | ---- mAP 0.9198097225267363
