03/14 10:03:43 AM | <<<---->>> [Epoch 0/140, Batch 97/98] <<<---->>>
<<--ETA: 0:00:00		<<--LR: 0.000125	<<--Train Epoch Total loss:111.82963694358358
03/14 10:03:43 AM | 
---- Evaluating Model ----
03/14 10:03:56 AM | +-------+------------+---------+
| Index | Class name | AP      |
+-------+------------+---------+
| 0     | ship       | 0.00812 |
+-------+------------+---------+
03/14 10:03:56 AM | ---- mAP 0.008119406763538409
03/14 10:04:55 AM | <<<---->>> [Epoch 1/140, Batch 97/98] <<<---->>>
<<--ETA: 0:00:00		<<--LR: 0.000125	<<--Train Epoch Total loss:37.06424423139922
03/14 10:04:55 AM | 
---- Evaluating Model ----
03/14 10:05:03 AM | +-------+------------+---------+
| Index | Class name | AP      |
+-------+------------+---------+
| 0     | ship       | 0.28116 |
+-------+------------+---------+
03/14 10:05:03 AM | ---- mAP 0.28116166086545247
03/14 10:06:01 AM | <<<---->>> [Epoch 2/140, Batch 97/98] <<<---->>>
<<--ETA: 0:00:00		<<--LR: 0.000125	<<--Train Epoch Total loss:21.56126119652573
03/14 10:06:01 AM | 
---- Evaluating Model ----
03/14 10:06:08 AM | +-------+------------+---------+
| Index | Class name | AP      |
+-------+------------+---------+
| 0     | ship       | 0.57178 |
+-------+------------+---------+
03/14 10:06:08 AM | ---- mAP 0.5717780738774138
03/14 10:07:06 AM | <<<---->>> [Epoch 3/140, Batch 97/98] <<<---->>>
<<--ETA: 0:00:00		<<--LR: 0.000125	<<--Train Epoch Total loss:14.543454588675985
03/14 10:07:06 AM | 
---- Evaluating Model ----
03/14 10:07:14 AM | +-------+------------+---------+
| Index | Class name | AP      |
+-------+------------+---------+
| 0     | ship       | 0.59971 |
+-------+------------+---------+
03/14 10:07:14 AM | ---- mAP 0.5997060842975297
03/14 10:08:12 AM | <<<---->>> [Epoch 4/140, Batch 97/98] <<<---->>>
<<--ETA: 0:00:00		<<--LR: 0.000125	<<--Train Epoch Total loss:10.761329738461242
03/14 10:08:12 AM | 
---- Evaluating Model ----
03/14 10:08:19 AM | +-------+------------+---------+
| Index | Class name | AP      |
+-------+------------+---------+
| 0     | ship       | 0.67407 |
+-------+------------+---------+
03/14 10:08:19 AM | ---- mAP 0.6740701839681599
03/14 10:09:17 AM | <<<---->>> [Epoch 5/140, Batch 97/98] <<<---->>>
<<--ETA: 0:00:00		<<--LR: 0.000125	<<--Train Epoch Total loss:8.346119277331294
03/14 10:09:17 AM | 
---- Evaluating Model ----
03/14 10:09:24 AM | +-------+------------+---------+
| Index | Class name | AP      |
+-------+------------+---------+
| 0     | ship       | 0.76552 |
+-------+------------+---------+
03/14 10:09:24 AM | ---- mAP 0.7655194494477789
03/14 10:10:22 AM | <<<---->>> [Epoch 6/140, Batch 97/98] <<<---->>>
<<--ETA: 0:00:00		<<--LR: 0.000125	<<--Train Epoch Total loss:6.82444665869888
03/14 10:10:22 AM | 
---- Evaluating Model ----
03/14 10:10:29 AM | +-------+------------+---------+
| Index | Class name | AP      |
+-------+------------+---------+
| 0     | ship       | 0.72284 |
+-------+------------+---------+
03/14 10:10:29 AM | ---- mAP 0.7228404779627313
03/14 10:11:27 AM | <<<---->>> [Epoch 7/140, Batch 97/98] <<<---->>>
<<--ETA: 0:00:00		<<--LR: 0.000125	<<--Train Epoch Total loss:5.621216389597679
03/14 10:11:27 AM | 
---- Evaluating Model ----
03/14 10:11:34 AM | +-------+------------+---------+
| Index | Class name | AP      |
+-------+------------+---------+
| 0     | ship       | 0.83711 |
+-------+------------+---------+
03/14 10:11:34 AM | ---- mAP 0.8371060357619307
03/14 10:12:32 AM | <<<---->>> [Epoch 8/140, Batch 97/98] <<<---->>>
<<--ETA: 0:00:00		<<--LR: 0.000125	<<--Train Epoch Total loss:4.685896712906507
03/14 10:12:32 AM | 
---- Evaluating Model ----
03/14 10:12:39 AM | +-------+------------+---------+
| Index | Class name | AP      |
+-------+------------+---------+
| 0     | ship       | 0.83055 |
+-------+------------+---------+
03/14 10:12:39 AM | ---- mAP 0.8305504260794816
03/14 10:13:38 AM | <<<---->>> [Epoch 9/140, Batch 97/98] <<<---->>>
<<--ETA: 0:00:00		<<--LR: 0.000125	<<--Train Epoch Total loss:4.083005223955427
03/14 10:13:38 AM | 
---- Evaluating Model ----
03/14 10:13:45 AM | +-------+------------+---------+
| Index | Class name | AP      |
+-------+------------+---------+
| 0     | ship       | 0.82227 |
+-------+------------+---------+
03/14 10:13:45 AM | ---- mAP 0.8222696238098974
03/14 10:14:42 AM | <<<---->>> [Epoch 10/140, Batch 97/98] <<<---->>>
<<--ETA: 0:00:00		<<--LR: 0.000125	<<--Train Epoch Total loss:3.4855317339605216
03/14 10:14:42 AM | 
---- Evaluating Model ----
03/14 10:14:49 AM | +-------+------------+---------+
| Index | Class name | AP      |
+-------+------------+---------+
| 0     | ship       | 0.81852 |
+-------+------------+---------+
03/14 10:14:49 AM | ---- mAP 0.8185234945437876
03/14 10:15:47 AM | <<<---->>> [Epoch 11/140, Batch 97/98] <<<---->>>
<<--ETA: 0:00:00		<<--LR: 0.000125	<<--Train Epoch Total loss:3.008815582917661
03/14 10:15:47 AM | 
---- Evaluating Model ----
03/14 10:15:54 AM | +-------+------------+---------+
| Index | Class name | AP      |
+-------+------------+---------+
| 0     | ship       | 0.82756 |
+-------+------------+---------+
03/14 10:15:54 AM | ---- mAP 0.8275612095580218
03/14 10:16:52 AM | <<<---->>> [Epoch 12/140, Batch 97/98] <<<---->>>
<<--ETA: 0:00:00		<<--LR: 0.000125	<<--Train Epoch Total loss:2.66529097849009
03/14 10:16:52 AM | 
---- Evaluating Model ----
03/14 10:16:58 AM | +-------+------------+---------+
| Index | Class name | AP      |
+-------+------------+---------+
| 0     | ship       | 0.87599 |
+-------+------------+---------+
03/14 10:16:58 AM | ---- mAP 0.8759859181034702
03/14 10:17:56 AM | <<<---->>> [Epoch 13/140, Batch 97/98] <<<---->>>
<<--ETA: 0:00:00		<<--LR: 0.000125	<<--Train Epoch Total loss:2.3589241857431373
03/14 10:17:56 AM | 
---- Evaluating Model ----
03/14 10:18:03 AM | +-------+------------+---------+
| Index | Class name | AP      |
+-------+------------+---------+
| 0     | ship       | 0.86665 |
+-------+------------+---------+
03/14 10:18:03 AM | ---- mAP 0.866648709917639
03/14 10:19:01 AM | <<<---->>> [Epoch 14/140, Batch 97/98] <<<---->>>
<<--ETA: 0:00:00		<<--LR: 0.000125	<<--Train Epoch Total loss:2.1564798744357363
03/14 10:19:01 AM | 
---- Evaluating Model ----
03/14 10:19:08 AM | +-------+------------+---------+
| Index | Class name | AP      |
+-------+------------+---------+
| 0     | ship       | 0.86989 |
+-------+------------+---------+
03/14 10:19:08 AM | ---- mAP 0.8698909650007735
03/14 10:20:06 AM | <<<---->>> [Epoch 15/140, Batch 97/98] <<<---->>>
<<--ETA: 0:00:00		<<--LR: 0.000125	<<--Train Epoch Total loss:1.901894740912379
03/14 10:20:06 AM | 
---- Evaluating Model ----
03/14 10:20:13 AM | +-------+------------+---------+
| Index | Class name | AP      |
+-------+------------+---------+
| 0     | ship       | 0.88499 |
+-------+------------+---------+
03/14 10:20:13 AM | ---- mAP 0.8849935961314658
03/14 10:21:10 AM | <<<---->>> [Epoch 16/140, Batch 97/98] <<<---->>>
<<--ETA: 0:00:00		<<--LR: 0.000125	<<--Train Epoch Total loss:1.7699662836230532
03/14 10:21:10 AM | 
---- Evaluating Model ----
03/14 10:21:17 AM | +-------+------------+---------+
| Index | Class name | AP      |
+-------+------------+---------+
| 0     | ship       | 0.88040 |
+-------+------------+---------+
03/14 10:21:17 AM | ---- mAP 0.8803966094856315
03/14 10:22:15 AM | <<<---->>> [Epoch 17/140, Batch 97/98] <<<---->>>
<<--ETA: 0:00:00		<<--LR: 0.000125	<<--Train Epoch Total loss:1.5893777621035674
03/14 10:22:15 AM | 
---- Evaluating Model ----
03/14 10:22:22 AM | +-------+------------+---------+
| Index | Class name | AP      |
+-------+------------+---------+
| 0     | ship       | 0.86973 |
+-------+------------+---------+
03/14 10:22:22 AM | ---- mAP 0.8697328783987774
03/14 10:23:19 AM | <<<---->>> [Epoch 18/140, Batch 97/98] <<<---->>>
<<--ETA: 0:00:00		<<--LR: 0.000125	<<--Train Epoch Total loss:1.476688874011137
03/14 10:23:19 AM | 
---- Evaluating Model ----
03/14 10:23:26 AM | +-------+------------+---------+
| Index | Class name | AP      |
+-------+------------+---------+
| 0     | ship       | 0.85702 |
+-------+------------+---------+
03/14 10:23:26 AM | ---- mAP 0.8570193879799137
03/14 10:24:24 AM | <<<---->>> [Epoch 19/140, Batch 97/98] <<<---->>>
<<--ETA: 0:00:00		<<--LR: 0.000125	<<--Train Epoch Total loss:1.3583580292001063
03/14 10:24:24 AM | 
---- Evaluating Model ----
03/14 10:24:31 AM | +-------+------------+---------+
| Index | Class name | AP      |
+-------+------------+---------+
| 0     | ship       | 0.86945 |
+-------+------------+---------+
03/14 10:24:31 AM | ---- mAP 0.8694470307412843
03/14 10:25:29 AM | <<<---->>> [Epoch 20/140, Batch 97/98] <<<---->>>
<<--ETA: 0:00:00		<<--LR: 0.000125	<<--Train Epoch Total loss:1.216619892387974
03/14 10:25:29 AM | 
---- Evaluating Model ----
03/14 10:25:36 AM | +-------+------------+---------+
| Index | Class name | AP      |
+-------+------------+---------+
| 0     | ship       | 0.88019 |
+-------+------------+---------+
03/14 10:25:36 AM | ---- mAP 0.8801928022312976
03/14 10:26:34 AM | <<<---->>> [Epoch 21/140, Batch 97/98] <<<---->>>
<<--ETA: 0:00:00		<<--LR: 0.000125	<<--Train Epoch Total loss:1.2145778585453422
03/14 10:26:34 AM | 
---- Evaluating Model ----
03/14 10:26:41 AM | +-------+------------+---------+
| Index | Class name | AP      |
+-------+------------+---------+
| 0     | ship       | 0.87041 |
+-------+------------+---------+
03/14 10:26:41 AM | ---- mAP 0.8704129545901947
03/14 10:27:39 AM | <<<---->>> [Epoch 22/140, Batch 97/98] <<<---->>>
<<--ETA: 0:00:00		<<--LR: 0.000125	<<--Train Epoch Total loss:1.1278745252258924
03/14 10:27:39 AM | 
---- Evaluating Model ----
03/14 10:27:45 AM | +-------+------------+---------+
| Index | Class name | AP      |
+-------+------------+---------+
| 0     | ship       | 0.88100 |
+-------+------------+---------+
03/14 10:27:45 AM | ---- mAP 0.8810044734869819
03/14 10:28:44 AM | <<<---->>> [Epoch 23/140, Batch 97/98] <<<---->>>
<<--ETA: 0:00:00		<<--LR: 0.000125	<<--Train Epoch Total loss:1.085485360452107
03/14 10:28:44 AM | 
---- Evaluating Model ----
03/14 10:28:51 AM | +-------+------------+---------+
| Index | Class name | AP      |
+-------+------------+---------+
| 0     | ship       | 0.87763 |
+-------+------------+---------+
03/14 10:28:51 AM | ---- mAP 0.8776342301124656
03/14 10:29:49 AM | <<<---->>> [Epoch 24/140, Batch 97/98] <<<---->>>
<<--ETA: 0:00:00		<<--LR: 0.000125	<<--Train Epoch Total loss:0.9512717212949481
03/14 10:29:49 AM | 
---- Evaluating Model ----
03/14 10:29:55 AM | +-------+------------+---------+
| Index | Class name | AP      |
+-------+------------+---------+
| 0     | ship       | 0.85875 |
+-------+------------+---------+
03/14 10:29:55 AM | ---- mAP 0.8587486079721391
03/14 10:30:53 AM | <<<---->>> [Epoch 25/140, Batch 97/98] <<<---->>>
<<--ETA: 0:00:00		<<--LR: 0.000125	<<--Train Epoch Total loss:0.8672120108896372
03/14 10:30:53 AM | 
---- Evaluating Model ----
03/14 10:31:00 AM | +-------+------------+---------+
| Index | Class name | AP      |
+-------+------------+---------+
| 0     | ship       | 0.88055 |
+-------+------------+---------+
03/14 10:31:00 AM | ---- mAP 0.8805454204650747
03/14 10:31:58 AM | <<<---->>> [Epoch 26/140, Batch 97/98] <<<---->>>
<<--ETA: 0:00:00		<<--LR: 0.000125	<<--Train Epoch Total loss:0.7839300431767289
03/14 10:31:58 AM | 
---- Evaluating Model ----
03/14 10:32:05 AM | +-------+------------+---------+
| Index | Class name | AP      |
+-------+------------+---------+
| 0     | ship       | 0.88095 |
+-------+------------+---------+
03/14 10:32:05 AM | ---- mAP 0.8809510243323219
03/14 10:33:03 AM | <<<---->>> [Epoch 27/140, Batch 97/98] <<<---->>>
<<--ETA: 0:00:00		<<--LR: 0.000125	<<--Train Epoch Total loss:0.8481375946074116
03/14 10:33:03 AM | 
---- Evaluating Model ----
03/14 10:33:09 AM | +-------+------------+---------+
| Index | Class name | AP      |
+-------+------------+---------+
| 0     | ship       | 0.89909 |
+-------+------------+---------+
03/14 10:33:09 AM | ---- mAP 0.8990934990939639
03/14 10:34:07 AM | <<<---->>> [Epoch 28/140, Batch 97/98] <<<---->>>
<<--ETA: 0:00:00		<<--LR: 0.000125	<<--Train Epoch Total loss:0.8049953616395289
03/14 10:34:07 AM | 
---- Evaluating Model ----
03/14 10:34:14 AM | +-------+------------+---------+
| Index | Class name | AP      |
+-------+------------+---------+
| 0     | ship       | 0.89949 |
+-------+------------+---------+
03/14 10:34:14 AM | ---- mAP 0.8994866878402745
03/14 10:35:12 AM | <<<---->>> [Epoch 29/140, Batch 97/98] <<<---->>>
<<--ETA: 0:00:00		<<--LR: 0.000125	<<--Train Epoch Total loss:0.6734035550331583
03/14 10:35:12 AM | 
---- Evaluating Model ----
03/14 10:35:19 AM | +-------+------------+---------+
| Index | Class name | AP      |
+-------+------------+---------+
| 0     | ship       | 0.88569 |
+-------+------------+---------+
03/14 10:35:19 AM | ---- mAP 0.885690836955225
03/14 10:36:17 AM | <<<---->>> [Epoch 30/140, Batch 97/98] <<<---->>>
<<--ETA: 0:00:00		<<--LR: 0.000125	<<--Train Epoch Total loss:0.6342460351939104
03/14 10:36:17 AM | 
---- Evaluating Model ----
03/14 10:36:24 AM | +-------+------------+---------+
| Index | Class name | AP      |
+-------+------------+---------+
| 0     | ship       | 0.89013 |
+-------+------------+---------+
03/14 10:36:24 AM | ---- mAP 0.8901267143962972
03/14 10:37:21 AM | <<<---->>> [Epoch 31/140, Batch 97/98] <<<---->>>
<<--ETA: 0:00:00		<<--LR: 0.000125	<<--Train Epoch Total loss:0.5739238706170297
03/14 10:37:21 AM | 
---- Evaluating Model ----
03/14 10:37:28 AM | +-------+------------+---------+
| Index | Class name | AP      |
+-------+------------+---------+
| 0     | ship       | 0.88055 |
+-------+------------+---------+
03/14 10:37:28 AM | ---- mAP 0.8805507590771271
03/14 10:38:26 AM | <<<---->>> [Epoch 32/140, Batch 97/98] <<<---->>>
<<--ETA: 0:00:00		<<--LR: 0.000125	<<--Train Epoch Total loss:0.5932399469370745
03/14 10:38:26 AM | 
---- Evaluating Model ----
03/14 10:38:33 AM | +-------+------------+---------+
| Index | Class name | AP      |
+-------+------------+---------+
| 0     | ship       | 0.86668 |
+-------+------------+---------+
03/14 10:38:33 AM | ---- mAP 0.8666848709947086
03/14 10:39:31 AM | <<<---->>> [Epoch 33/140, Batch 97/98] <<<---->>>
<<--ETA: 0:00:00		<<--LR: 0.000125	<<--Train Epoch Total loss:0.5924972563373799
03/14 10:39:31 AM | 
---- Evaluating Model ----
03/14 10:39:38 AM | +-------+------------+---------+
| Index | Class name | AP      |
+-------+------------+---------+
| 0     | ship       | 0.89845 |
+-------+------------+---------+
03/14 10:39:38 AM | ---- mAP 0.8984513040120841
03/14 10:40:35 AM | <<<---->>> [Epoch 34/140, Batch 97/98] <<<---->>>
<<--ETA: 0:00:00		<<--LR: 0.000125	<<--Train Epoch Total loss:0.5276043916843376
03/14 10:40:35 AM | 
---- Evaluating Model ----
03/14 10:40:42 AM | +-------+------------+---------+
| Index | Class name | AP      |
+-------+------------+---------+
| 0     | ship       | 0.89758 |
+-------+------------+---------+
03/14 10:40:42 AM | ---- mAP 0.8975814219880855
03/14 10:41:40 AM | <<<---->>> [Epoch 35/140, Batch 97/98] <<<---->>>
<<--ETA: 0:00:00		<<--LR: 0.000125	<<--Train Epoch Total loss:0.5044509278876441
03/14 10:41:40 AM | 
---- Evaluating Model ----
03/14 10:41:47 AM | +-------+------------+---------+
| Index | Class name | AP      |
+-------+------------+---------+
| 0     | ship       | 0.88941 |
+-------+------------+---------+
03/14 10:41:47 AM | ---- mAP 0.8894113397159819
03/14 10:42:45 AM | <<<---->>> [Epoch 36/140, Batch 97/98] <<<---->>>
<<--ETA: 0:00:00		<<--LR: 0.000125	<<--Train Epoch Total loss:0.44702383541331
03/14 10:42:45 AM | 
---- Evaluating Model ----
03/14 10:42:52 AM | +-------+------------+---------+
| Index | Class name | AP      |
+-------+------------+---------+
| 0     | ship       | 0.89064 |
+-------+------------+---------+
03/14 10:42:52 AM | ---- mAP 0.890636476721474
03/14 10:43:50 AM | <<<---->>> [Epoch 37/140, Batch 97/98] <<<---->>>
<<--ETA: 0:00:00		<<--LR: 0.000125	<<--Train Epoch Total loss:0.4238127576453345
03/14 10:43:50 AM | 
---- Evaluating Model ----
03/14 10:43:57 AM | +-------+------------+---------+
| Index | Class name | AP      |
+-------+------------+---------+
| 0     | ship       | 0.90186 |
+-------+------------+---------+
03/14 10:43:57 AM | ---- mAP 0.9018634445474072
03/14 10:44:55 AM | <<<---->>> [Epoch 38/140, Batch 97/98] <<<---->>>
<<--ETA: 0:00:00		<<--LR: 0.000125	<<--Train Epoch Total loss:0.41325825179109765
03/14 10:44:55 AM | 
---- Evaluating Model ----
03/14 10:45:01 AM | +-------+------------+---------+
| Index | Class name | AP      |
+-------+------------+---------+
| 0     | ship       | 0.88386 |
+-------+------------+---------+
03/14 10:45:01 AM | ---- mAP 0.8838602428988382
03/14 10:45:59 AM | <<<---->>> [Epoch 39/140, Batch 97/98] <<<---->>>
<<--ETA: 0:00:00		<<--LR: 0.000125	<<--Train Epoch Total loss:0.36108105827351006
03/14 10:45:59 AM | 
---- Evaluating Model ----
03/14 10:46:06 AM | +-------+------------+---------+
| Index | Class name | AP      |
+-------+------------+---------+
| 0     | ship       | 0.89331 |
+-------+------------+---------+
03/14 10:46:06 AM | ---- mAP 0.8933081688919082
03/14 10:47:04 AM | <<<---->>> [Epoch 40/140, Batch 97/98] <<<---->>>
<<--ETA: 0:00:00		<<--LR: 0.000125	<<--Train Epoch Total loss:0.3655252920425668
03/14 10:47:04 AM | 
---- Evaluating Model ----
03/14 10:47:10 AM | +-------+------------+---------+
| Index | Class name | AP      |
+-------+------------+---------+
| 0     | ship       | 0.90008 |
+-------+------------+---------+
03/14 10:47:10 AM | ---- mAP 0.9000772775880388
03/14 10:48:08 AM | <<<---->>> [Epoch 41/140, Batch 97/98] <<<---->>>
<<--ETA: 0:00:00		<<--LR: 0.000125	<<--Train Epoch Total loss:0.37851388113839285
03/14 10:48:08 AM | 
---- Evaluating Model ----
03/14 10:48:15 AM | +-------+------------+---------+
| Index | Class name | AP      |
+-------+------------+---------+
| 0     | ship       | 0.88941 |
+-------+------------+---------+
03/14 10:48:15 AM | ---- mAP 0.8894094797467329
03/14 10:49:13 AM | <<<---->>> [Epoch 42/140, Batch 97/98] <<<---->>>
<<--ETA: 0:00:00		<<--LR: 0.000125	<<--Train Epoch Total loss:0.4718599848601283
03/14 10:49:13 AM | 
---- Evaluating Model ----
03/14 10:49:20 AM | +-------+------------+---------+
| Index | Class name | AP      |
+-------+------------+---------+
| 0     | ship       | 0.88997 |
+-------+------------+---------+
03/14 10:49:20 AM | ---- mAP 0.8899717007426994
03/14 10:50:18 AM | <<<---->>> [Epoch 43/140, Batch 97/98] <<<---->>>
<<--ETA: 0:00:00		<<--LR: 0.000125	<<--Train Epoch Total loss:0.3987393138968215
03/14 10:50:18 AM | 
---- Evaluating Model ----
03/14 10:50:24 AM | +-------+------------+---------+
| Index | Class name | AP      |
+-------+------------+---------+
| 0     | ship       | 0.87833 |
+-------+------------+---------+
03/14 10:50:24 AM | ---- mAP 0.8783344425392801
03/14 10:51:22 AM | <<<---->>> [Epoch 44/140, Batch 97/98] <<<---->>>
<<--ETA: 0:00:00		<<--LR: 0.000125	<<--Train Epoch Total loss:0.33951697072812487
03/14 10:51:22 AM | 
---- Evaluating Model ----
03/14 10:51:29 AM | +-------+------------+---------+
| Index | Class name | AP      |
+-------+------------+---------+
| 0     | ship       | 0.89071 |
+-------+------------+---------+
03/14 10:51:29 AM | ---- mAP 0.8907123344878927
03/14 10:52:27 AM | <<<---->>> [Epoch 45/140, Batch 97/98] <<<---->>>
<<--ETA: 0:00:00		<<--LR: 0.000125	<<--Train Epoch Total loss:0.31572324676173075
03/14 10:52:27 AM | 
---- Evaluating Model ----
03/14 10:52:33 AM | +-------+------------+---------+
| Index | Class name | AP      |
+-------+------------+---------+
| 0     | ship       | 0.90217 |
+-------+------------+---------+
03/14 10:52:33 AM | ---- mAP 0.9021719049518429
03/14 10:53:31 AM | <<<---->>> [Epoch 46/140, Batch 97/98] <<<---->>>
<<--ETA: 0:00:00		<<--LR: 0.000125	<<--Train Epoch Total loss:0.32995572123600514
03/14 10:53:31 AM | 
---- Evaluating Model ----
03/14 10:53:38 AM | +-------+------------+---------+
| Index | Class name | AP      |
+-------+------------+---------+
| 0     | ship       | 0.90338 |
+-------+------------+---------+
03/14 10:53:38 AM | ---- mAP 0.9033778755985002
03/14 10:54:36 AM | <<<---->>> [Epoch 47/140, Batch 97/98] <<<---->>>
<<--ETA: 0:00:00		<<--LR: 0.000125	<<--Train Epoch Total loss:0.34173039514191295
03/14 10:54:36 AM | 
---- Evaluating Model ----
03/14 10:54:43 AM | +-------+------------+---------+
| Index | Class name | AP      |
+-------+------------+---------+
| 0     | ship       | 0.88794 |
+-------+------------+---------+
03/14 10:54:43 AM | ---- mAP 0.887941578356767
03/14 10:55:41 AM | <<<---->>> [Epoch 48/140, Batch 97/98] <<<---->>>
<<--ETA: 0:00:00		<<--LR: 0.000125	<<--Train Epoch Total loss:0.506248914617665
03/14 10:55:41 AM | 
---- Evaluating Model ----
03/14 10:55:48 AM | +-------+------------+---------+
| Index | Class name | AP      |
+-------+------------+---------+
| 0     | ship       | 0.81872 |
+-------+------------+---------+
03/14 10:55:48 AM | ---- mAP 0.8187172808854317
03/14 10:56:46 AM | <<<---->>> [Epoch 49/140, Batch 97/98] <<<---->>>
<<--ETA: 0:00:00		<<--LR: 0.000125	<<--Train Epoch Total loss:0.9644638217833578
03/14 10:56:46 AM | 
---- Evaluating Model ----
03/14 10:56:53 AM | +-------+------------+---------+
| Index | Class name | AP      |
+-------+------------+---------+
| 0     | ship       | 0.88101 |
+-------+------------+---------+
03/14 10:56:53 AM | ---- mAP 0.8810097881325909
03/14 10:57:50 AM | <<<---->>> [Epoch 50/140, Batch 97/98] <<<---->>>
<<--ETA: 0:00:00		<<--LR: 0.000125	<<--Train Epoch Total loss:0.7706577762657282
03/14 10:57:50 AM | 
---- Evaluating Model ----
03/14 10:57:57 AM | +-------+------------+---------+
| Index | Class name | AP      |
+-------+------------+---------+
| 0     | ship       | 0.89661 |
+-------+------------+---------+
03/14 10:57:57 AM | ---- mAP 0.8966122325005852
03/14 10:58:56 AM | <<<---->>> [Epoch 51/140, Batch 97/98] <<<---->>>
<<--ETA: 0:00:00		<<--LR: 0.000125	<<--Train Epoch Total loss:0.766270576691141
03/14 10:58:56 AM | 
---- Evaluating Model ----
03/14 10:59:03 AM | +-------+------------+---------+
| Index | Class name | AP      |
+-------+------------+---------+
| 0     | ship       | 0.87561 |
+-------+------------+---------+
03/14 10:59:03 AM | ---- mAP 0.8756109048945229
03/14 11:00:01 AM | <<<---->>> [Epoch 52/140, Batch 97/98] <<<---->>>
<<--ETA: 0:00:00		<<--LR: 0.000125	<<--Train Epoch Total loss:0.6461666582190261
03/14 11:00:01 AM | 
---- Evaluating Model ----
03/14 11:00:08 AM | +-------+------------+---------+
| Index | Class name | AP      |
+-------+------------+---------+
| 0     | ship       | 0.87583 |
+-------+------------+---------+
03/14 11:00:08 AM | ---- mAP 0.8758281813820238
03/14 11:01:06 AM | <<<---->>> [Epoch 53/140, Batch 97/98] <<<---->>>
<<--ETA: 0:00:00		<<--LR: 0.000125	<<--Train Epoch Total loss:0.48446413631341895
03/14 11:01:06 AM | 
---- Evaluating Model ----
03/14 11:01:12 AM | +-------+------------+---------+
| Index | Class name | AP      |
+-------+------------+---------+
| 0     | ship       | 0.91294 |
+-------+------------+---------+
03/14 11:01:12 AM | ---- mAP 0.9129370807833536
03/14 11:02:10 AM | <<<---->>> [Epoch 54/140, Batch 97/98] <<<---->>>
<<--ETA: 0:00:00		<<--LR: 0.000125	<<--Train Epoch Total loss:0.41933775647562377
03/14 11:02:10 AM | 
---- Evaluating Model ----
03/14 11:02:17 AM | +-------+------------+---------+
| Index | Class name | AP      |
+-------+------------+---------+
| 0     | ship       | 0.88279 |
+-------+------------+---------+
03/14 11:02:17 AM | ---- mAP 0.8827897165917129
03/14 11:03:15 AM | <<<---->>> [Epoch 55/140, Batch 97/98] <<<---->>>
<<--ETA: 0:00:00		<<--LR: 0.000125	<<--Train Epoch Total loss:0.3341293745503134
03/14 11:03:15 AM | 
---- Evaluating Model ----
03/14 11:03:22 AM | +-------+------------+---------+
| Index | Class name | AP      |
+-------+------------+---------+
| 0     | ship       | 0.89407 |
+-------+------------+---------+
03/14 11:03:22 AM | ---- mAP 0.8940719895377223
03/14 11:04:20 AM | <<<---->>> [Epoch 56/140, Batch 97/98] <<<---->>>
<<--ETA: 0:00:00		<<--LR: 0.000125	<<--Train Epoch Total loss:0.2989380973942426
03/14 11:04:20 AM | 
---- Evaluating Model ----
03/14 11:04:26 AM | +-------+------------+---------+
| Index | Class name | AP      |
+-------+------------+---------+
| 0     | ship       | 0.87286 |
+-------+------------+---------+
03/14 11:04:26 AM | ---- mAP 0.8728578216422966
03/14 11:05:24 AM | <<<---->>> [Epoch 57/140, Batch 97/98] <<<---->>>
<<--ETA: 0:00:00		<<--LR: 0.000125	<<--Train Epoch Total loss:0.3116334501881989
03/14 11:05:24 AM | 
---- Evaluating Model ----
03/14 11:05:31 AM | +-------+------------+---------+
| Index | Class name | AP      |
+-------+------------+---------+
| 0     | ship       | 0.90091 |
+-------+------------+---------+
03/14 11:05:31 AM | ---- mAP 0.9009127249706598
03/14 11:06:29 AM | <<<---->>> [Epoch 58/140, Batch 97/98] <<<---->>>
<<--ETA: 0:00:00		<<--LR: 0.000125	<<--Train Epoch Total loss:0.29987569974393263
03/14 11:06:29 AM | 
---- Evaluating Model ----
03/14 11:06:36 AM | +-------+------------+---------+
| Index | Class name | AP      |
+-------+------------+---------+
| 0     | ship       | 0.90143 |
+-------+------------+---------+
03/14 11:06:36 AM | ---- mAP 0.9014297957929622
03/14 11:07:33 AM | <<<---->>> [Epoch 59/140, Batch 97/98] <<<---->>>
<<--ETA: 0:00:00		<<--LR: 0.000125	<<--Train Epoch Total loss:0.3697718100584283
03/14 11:07:33 AM | 
---- Evaluating Model ----
03/14 11:07:40 AM | +-------+------------+---------+
| Index | Class name | AP      |
+-------+------------+---------+
| 0     | ship       | 0.87646 |
+-------+------------+---------+
03/14 11:07:40 AM | ---- mAP 0.8764626619364999
03/14 11:08:38 AM | <<<---->>> [Epoch 60/140, Batch 97/98] <<<---->>>
<<--ETA: 0:00:00		<<--LR: 0.000125	<<--Train Epoch Total loss:0.31599543882267817
03/14 11:08:38 AM | 
---- Evaluating Model ----
03/14 11:08:45 AM | +-------+------------+---------+
| Index | Class name | AP      |
+-------+------------+---------+
| 0     | ship       | 0.90216 |
+-------+------------+---------+
03/14 11:08:45 AM | ---- mAP 0.902164336342197
03/14 11:09:43 AM | <<<---->>> [Epoch 61/140, Batch 97/98] <<<---->>>
<<--ETA: 0:00:00		<<--LR: 0.000125	<<--Train Epoch Total loss:0.27516815644137715
03/14 11:09:43 AM | 
---- Evaluating Model ----
03/14 11:09:49 AM | +-------+------------+---------+
| Index | Class name | AP      |
+-------+------------+---------+
| 0     | ship       | 0.89518 |
+-------+------------+---------+
03/14 11:09:49 AM | ---- mAP 0.8951772909210626
03/14 11:10:47 AM | <<<---->>> [Epoch 62/140, Batch 97/98] <<<---->>>
<<--ETA: 0:00:00		<<--LR: 0.000125	<<--Train Epoch Total loss:0.30757523525734337
03/14 11:10:47 AM | 
---- Evaluating Model ----
03/14 11:10:54 AM | +-------+------------+---------+
| Index | Class name | AP      |
+-------+------------+---------+
| 0     | ship       | 0.90804 |
+-------+------------+---------+
03/14 11:10:54 AM | ---- mAP 0.9080354851638315
03/14 11:11:52 AM | <<<---->>> [Epoch 63/140, Batch 97/98] <<<---->>>
<<--ETA: 0:00:00		<<--LR: 0.000125	<<--Train Epoch Total loss:0.23477347544869598
03/14 11:11:52 AM | 
---- Evaluating Model ----
03/14 11:11:58 AM | +-------+------------+---------+
| Index | Class name | AP      |
+-------+------------+---------+
| 0     | ship       | 0.89852 |
+-------+------------+---------+
03/14 11:11:58 AM | ---- mAP 0.8985198425146455
03/14 11:12:56 AM | <<<---->>> [Epoch 64/140, Batch 97/98] <<<---->>>
<<--ETA: 0:00:00		<<--LR: 0.000125	<<--Train Epoch Total loss:0.20446076031242097
03/14 11:12:56 AM | 
---- Evaluating Model ----
03/14 11:13:03 AM | +-------+------------+---------+
| Index | Class name | AP      |
+-------+------------+---------+
| 0     | ship       | 0.88700 |
+-------+------------+---------+
03/14 11:13:03 AM | ---- mAP 0.8870023727872858
03/14 11:14:00 AM | <<<---->>> [Epoch 65/140, Batch 97/98] <<<---->>>
<<--ETA: 0:00:00		<<--LR: 0.000125	<<--Train Epoch Total loss:0.22126670349009184
03/14 11:14:00 AM | 
---- Evaluating Model ----
03/14 11:14:07 AM | +-------+------------+---------+
| Index | Class name | AP      |
+-------+------------+---------+
| 0     | ship       | 0.88640 |
+-------+------------+---------+
03/14 11:14:07 AM | ---- mAP 0.8863977123613278
03/14 11:15:05 AM | <<<---->>> [Epoch 66/140, Batch 97/98] <<<---->>>
<<--ETA: 0:00:00		<<--LR: 0.000125	<<--Train Epoch Total loss:0.5741374988336952
03/14 11:15:05 AM | 
---- Evaluating Model ----
03/14 11:15:11 AM | +-------+------------+---------+
| Index | Class name | AP      |
+-------+------------+---------+
| 0     | ship       | 0.84981 |
+-------+------------+---------+
03/14 11:15:11 AM | ---- mAP 0.8498149436966791
03/14 11:16:09 AM | <<<---->>> [Epoch 67/140, Batch 97/98] <<<---->>>
<<--ETA: 0:00:00		<<--LR: 0.000125	<<--Train Epoch Total loss:0.34771013427145625
03/14 11:16:09 AM | 
---- Evaluating Model ----
03/14 11:16:16 AM | +-------+------------+---------+
| Index | Class name | AP      |
+-------+------------+---------+
| 0     | ship       | 0.89903 |
+-------+------------+---------+
03/14 11:16:16 AM | ---- mAP 0.8990256920419508
03/14 11:17:14 AM | <<<---->>> [Epoch 68/140, Batch 97/98] <<<---->>>
<<--ETA: 0:00:00		<<--LR: 0.000125	<<--Train Epoch Total loss:0.31403204844314225
03/14 11:17:14 AM | 
---- Evaluating Model ----
03/14 11:17:21 AM | +-------+------------+---------+
| Index | Class name | AP      |
+-------+------------+---------+
| 0     | ship       | 0.89546 |
+-------+------------+---------+
03/14 11:17:21 AM | ---- mAP 0.8954630873935685
03/14 11:18:19 AM | <<<---->>> [Epoch 69/140, Batch 97/98] <<<---->>>
<<--ETA: 0:00:00		<<--LR: 0.000125	<<--Train Epoch Total loss:0.41757484571057923
03/14 11:18:19 AM | 
---- Evaluating Model ----
03/14 11:18:25 AM | +-------+------------+---------+
| Index | Class name | AP      |
+-------+------------+---------+
| 0     | ship       | 0.89672 |
+-------+------------+---------+
03/14 11:18:25 AM | ---- mAP 0.8967202052112104
03/14 11:19:23 AM | <<<---->>> [Epoch 70/140, Batch 97/98] <<<---->>>
<<--ETA: 0:00:00		<<--LR: 0.000125	<<--Train Epoch Total loss:0.32921575709265105
03/14 11:19:23 AM | 
---- Evaluating Model ----
03/14 11:19:30 AM | +-------+------------+---------+
| Index | Class name | AP      |
+-------+------------+---------+
| 0     | ship       | 0.88120 |
+-------+------------+---------+
03/14 11:19:30 AM | ---- mAP 0.8811988963650885
03/14 11:20:28 AM | <<<---->>> [Epoch 71/140, Batch 97/98] <<<---->>>
<<--ETA: 0:00:00		<<--LR: 0.000125	<<--Train Epoch Total loss:0.26783452046160794
03/14 11:20:28 AM | 
---- Evaluating Model ----
03/14 11:20:35 AM | +-------+------------+---------+
| Index | Class name | AP      |
+-------+------------+---------+
| 0     | ship       | 0.88093 |
+-------+------------+---------+
03/14 11:20:35 AM | ---- mAP 0.8809319611015638
03/14 11:21:33 AM | <<<---->>> [Epoch 72/140, Batch 97/98] <<<---->>>
<<--ETA: 0:00:00		<<--LR: 0.000125	<<--Train Epoch Total loss:0.2129263984305518
03/14 11:21:33 AM | 
---- Evaluating Model ----
03/14 11:21:39 AM | +-------+------------+---------+
| Index | Class name | AP      |
+-------+------------+---------+
| 0     | ship       | 0.88894 |
+-------+------------+---------+
03/14 11:21:39 AM | ---- mAP 0.8889442887252587
03/14 11:22:37 AM | <<<---->>> [Epoch 73/140, Batch 97/98] <<<---->>>
<<--ETA: 0:00:00		<<--LR: 0.000125	<<--Train Epoch Total loss:0.21020841560497575
03/14 11:22:37 AM | 
---- Evaluating Model ----
03/14 11:22:44 AM | +-------+------------+---------+
| Index | Class name | AP      |
+-------+------------+---------+
| 0     | ship       | 0.90445 |
+-------+------------+---------+
03/14 11:22:44 AM | ---- mAP 0.9044464273807955
03/14 11:23:42 AM | <<<---->>> [Epoch 74/140, Batch 97/98] <<<---->>>
<<--ETA: 0:00:00		<<--LR: 0.000125	<<--Train Epoch Total loss:0.23228193028848998
03/14 11:23:42 AM | 
---- Evaluating Model ----
03/14 11:23:49 AM | +-------+------------+---------+
| Index | Class name | AP      |
+-------+------------+---------+
| 0     | ship       | 0.90223 |
+-------+------------+---------+
03/14 11:23:49 AM | ---- mAP 0.9022321107838434
03/14 11:24:47 AM | <<<---->>> [Epoch 75/140, Batch 97/98] <<<---->>>
<<--ETA: 0:00:00		<<--LR: 0.000125	<<--Train Epoch Total loss:0.23674091825983962
03/14 11:24:47 AM | 
---- Evaluating Model ----
03/14 11:24:54 AM | +-------+------------+---------+
| Index | Class name | AP      |
+-------+------------+---------+
| 0     | ship       | 0.90218 |
+-------+------------+---------+
03/14 11:24:54 AM | ---- mAP 0.902176449216163
03/14 11:25:51 AM | <<<---->>> [Epoch 76/140, Batch 97/98] <<<---->>>
<<--ETA: 0:00:00		<<--LR: 0.000125	<<--Train Epoch Total loss:0.20725613741242155
03/14 11:25:51 AM | 
---- Evaluating Model ----
03/14 11:25:58 AM | +-------+------------+---------+
| Index | Class name | AP      |
+-------+------------+---------+
| 0     | ship       | 0.90256 |
+-------+------------+---------+
03/14 11:25:58 AM | ---- mAP 0.9025645572086675
03/14 11:26:56 AM | <<<---->>> [Epoch 77/140, Batch 97/98] <<<---->>>
<<--ETA: 0:00:00		<<--LR: 0.000125	<<--Train Epoch Total loss:0.1631085281925542
03/14 11:26:56 AM | 
---- Evaluating Model ----
03/14 11:27:03 AM | +-------+------------+---------+
| Index | Class name | AP      |
+-------+------------+---------+
| 0     | ship       | 0.89866 |
+-------+------------+---------+
03/14 11:27:03 AM | ---- mAP 0.8986564975905431
03/14 11:28:01 AM | <<<---->>> [Epoch 78/140, Batch 97/98] <<<---->>>
<<--ETA: 0:00:00		<<--LR: 0.000125	<<--Train Epoch Total loss:0.16566257710967744
03/14 11:28:01 AM | 
---- Evaluating Model ----
03/14 11:28:08 AM | +-------+------------+---------+
| Index | Class name | AP      |
+-------+------------+---------+
| 0     | ship       | 0.90486 |
+-------+------------+---------+
03/14 11:28:08 AM | ---- mAP 0.9048552391665632
03/14 11:29:05 AM | <<<---->>> [Epoch 79/140, Batch 97/98] <<<---->>>
<<--ETA: 0:00:00		<<--LR: 0.000125	<<--Train Epoch Total loss:0.19426620105395512
03/14 11:29:05 AM | 
---- Evaluating Model ----
03/14 11:29:12 AM | +-------+------------+---------+
| Index | Class name | AP      |
+-------+------------+---------+
| 0     | ship       | 0.88616 |
+-------+------------+---------+
03/14 11:29:12 AM | ---- mAP 0.8861623961152332
