03/13 12:28:16 PM | <<<---->>> [Epoch 0/140, Batch 97/98] <<<---->>>
<<--ETA: 0:00:00		<<--LR: 0.000125	<<--Train Epoch Total loss:108.83624485560826
03/13 12:28:16 PM | 
---- Evaluating Model ----
03/13 12:28:26 PM | +-------+------------+---------+
| Index | Class name | AP      |
+-------+------------+---------+
| 0     | ship       | 0.08672 |
+-------+------------+---------+
03/13 12:28:26 PM | ---- mAP 0.08671630735555402
03/13 12:29:30 PM | <<<---->>> [Epoch 1/140, Batch 97/98] <<<---->>>
<<--ETA: 0:00:00		<<--LR: 0.000125	<<--Train Epoch Total loss:32.23007601134631
03/13 12:29:30 PM | 
---- Evaluating Model ----
03/13 12:29:38 PM | +-------+------------+---------+
| Index | Class name | AP      |
+-------+------------+---------+
| 0     | ship       | 0.25903 |
+-------+------------+---------+
03/13 12:29:38 PM | ---- mAP 0.2590252791113851
03/13 12:30:41 PM | <<<---->>> [Epoch 2/140, Batch 97/98] <<<---->>>
<<--ETA: 0:00:00		<<--LR: 0.000125	<<--Train Epoch Total loss:15.147446744296015
03/13 12:30:41 PM | 
---- Evaluating Model ----
03/13 12:30:49 PM | +-------+------------+---------+
| Index | Class name | AP      |
+-------+------------+---------+
| 0     | ship       | 0.56665 |
+-------+------------+---------+
03/13 12:30:49 PM | ---- mAP 0.5666469723731258
03/13 12:31:52 PM | <<<---->>> [Epoch 3/140, Batch 97/98] <<<---->>>
<<--ETA: 0:00:00		<<--LR: 0.000125	<<--Train Epoch Total loss:5.675595643569012
03/13 12:31:52 PM | 
---- Evaluating Model ----
03/13 12:32:01 PM | +-------+------------+---------+
| Index | Class name | AP      |
+-------+------------+---------+
| 0     | ship       | 0.63895 |
+-------+------------+---------+
03/13 12:32:01 PM | ---- mAP 0.6389522427058181
03/13 12:33:04 PM | <<<---->>> [Epoch 4/140, Batch 97/98] <<<---->>>
<<--ETA: 0:00:00		<<--LR: 0.000125	<<--Train Epoch Total loss:3.622335916879226
03/13 12:33:04 PM | 
---- Evaluating Model ----
03/13 12:33:11 PM | +-------+------------+---------+
| Index | Class name | AP      |
+-------+------------+---------+
| 0     | ship       | 0.65696 |
+-------+------------+---------+
03/13 12:33:11 PM | ---- mAP 0.6569551146105025
03/13 12:34:14 PM | <<<---->>> [Epoch 5/140, Batch 97/98] <<<---->>>
<<--ETA: 0:00:00		<<--LR: 0.000125	<<--Train Epoch Total loss:2.853196307104461
03/13 12:34:14 PM | 
---- Evaluating Model ----
03/13 12:34:22 PM | +-------+------------+---------+
| Index | Class name | AP      |
+-------+------------+---------+
| 0     | ship       | 0.78560 |
+-------+------------+---------+
03/13 12:34:22 PM | ---- mAP 0.7856045394862375
03/13 12:35:25 PM | <<<---->>> [Epoch 6/140, Batch 97/98] <<<---->>>
<<--ETA: 0:00:00		<<--LR: 0.000125	<<--Train Epoch Total loss:2.4597965515389735
03/13 12:35:25 PM | 
---- Evaluating Model ----
03/13 12:35:33 PM | +-------+------------+---------+
| Index | Class name | AP      |
+-------+------------+---------+
| 0     | ship       | 0.72854 |
+-------+------------+---------+
03/13 12:35:33 PM | ---- mAP 0.7285449407970486
03/13 12:36:35 PM | <<<---->>> [Epoch 7/140, Batch 97/98] <<<---->>>
<<--ETA: 0:00:00		<<--LR: 0.000125	<<--Train Epoch Total loss:2.1366018592094886
03/13 12:36:35 PM | 
---- Evaluating Model ----
03/13 12:36:43 PM | +-------+------------+---------+
| Index | Class name | AP      |
+-------+------------+---------+
| 0     | ship       | 0.68047 |
+-------+------------+---------+
03/13 12:36:43 PM | ---- mAP 0.6804707937040712
03/13 12:37:46 PM | <<<---->>> [Epoch 8/140, Batch 97/98] <<<---->>>
<<--ETA: 0:00:00		<<--LR: 0.000125	<<--Train Epoch Total loss:1.829229556784338
03/13 12:37:46 PM | 
---- Evaluating Model ----
03/13 12:37:53 PM | +-------+------------+---------+
| Index | Class name | AP      |
+-------+------------+---------+
| 0     | ship       | 0.82284 |
+-------+------------+---------+
03/13 12:37:53 PM | ---- mAP 0.8228363008866794
03/13 12:38:56 PM | <<<---->>> [Epoch 9/140, Batch 97/98] <<<---->>>
<<--ETA: 0:00:00		<<--LR: 0.000125	<<--Train Epoch Total loss:1.6372079198457756
03/13 12:38:56 PM | 
---- Evaluating Model ----
03/13 12:39:04 PM | +-------+------------+---------+
| Index | Class name | AP      |
+-------+------------+---------+
| 0     | ship       | 0.78542 |
+-------+------------+---------+
03/13 12:39:04 PM | ---- mAP 0.7854168438070637
03/13 12:40:06 PM | <<<---->>> [Epoch 10/140, Batch 97/98] <<<---->>>
<<--ETA: 0:00:00		<<--LR: 0.000125	<<--Train Epoch Total loss:1.5004724592578655
03/13 12:40:06 PM | 
---- Evaluating Model ----
03/13 12:40:14 PM | +-------+------------+---------+
| Index | Class name | AP      |
+-------+------------+---------+
| 0     | ship       | 0.78639 |
+-------+------------+---------+
03/13 12:40:14 PM | ---- mAP 0.7863888737464617
03/13 12:41:17 PM | <<<---->>> [Epoch 11/140, Batch 97/98] <<<---->>>
<<--ETA: 0:00:00		<<--LR: 0.000125	<<--Train Epoch Total loss:1.3246163026410707
03/13 12:41:17 PM | 
---- Evaluating Model ----
03/13 12:41:24 PM | +-------+------------+---------+
| Index | Class name | AP      |
+-------+------------+---------+
| 0     | ship       | 0.80002 |
+-------+------------+---------+
03/13 12:41:24 PM | ---- mAP 0.8000235410119174
03/13 12:42:27 PM | <<<---->>> [Epoch 12/140, Batch 97/98] <<<---->>>
<<--ETA: 0:00:00		<<--LR: 0.000125	<<--Train Epoch Total loss:1.1747609352578923
03/13 12:42:27 PM | 
---- Evaluating Model ----
03/13 12:42:35 PM | +-------+------------+---------+
| Index | Class name | AP      |
+-------+------------+---------+
| 0     | ship       | 0.81682 |
+-------+------------+---------+
03/13 12:42:35 PM | ---- mAP 0.8168191387393491
03/13 12:43:37 PM | <<<---->>> [Epoch 13/140, Batch 97/98] <<<---->>>
<<--ETA: 0:00:00		<<--LR: 0.000125	<<--Train Epoch Total loss:1.150351417307951
03/13 12:43:37 PM | 
---- Evaluating Model ----
03/13 12:43:45 PM | +-------+------------+---------+
| Index | Class name | AP      |
+-------+------------+---------+
| 0     | ship       | 0.83618 |
+-------+------------+---------+
03/13 12:43:45 PM | ---- mAP 0.8361847983845183
03/13 12:44:48 PM | <<<---->>> [Epoch 14/140, Batch 97/98] <<<---->>>
<<--ETA: 0:00:00		<<--LR: 0.000125	<<--Train Epoch Total loss:1.185074615843442
03/13 12:44:48 PM | 
---- Evaluating Model ----
03/13 12:44:55 PM | +-------+------------+---------+
| Index | Class name | AP      |
+-------+------------+---------+
| 0     | ship       | 0.84880 |
+-------+------------+---------+
03/13 12:44:55 PM | ---- mAP 0.8488015713829645
03/13 12:45:58 PM | <<<---->>> [Epoch 15/140, Batch 97/98] <<<---->>>
<<--ETA: 0:00:00		<<--LR: 0.000125	<<--Train Epoch Total loss:0.9666609116354767
03/13 12:45:58 PM | 
---- Evaluating Model ----
03/13 12:46:05 PM | +-------+------------+---------+
| Index | Class name | AP      |
+-------+------------+---------+
| 0     | ship       | 0.87710 |
+-------+------------+---------+
03/13 12:46:05 PM | ---- mAP 0.8770973292589395
03/13 12:47:08 PM | <<<---->>> [Epoch 16/140, Batch 97/98] <<<---->>>
<<--ETA: 0:00:00		<<--LR: 0.000125	<<--Train Epoch Total loss:0.8715197592973709
03/13 12:47:08 PM | 
---- Evaluating Model ----
03/13 12:47:15 PM | +-------+------------+---------+
| Index | Class name | AP      |
+-------+------------+---------+
| 0     | ship       | 0.86076 |
+-------+------------+---------+
03/13 12:47:15 PM | ---- mAP 0.860755064343921
03/13 12:48:18 PM | <<<---->>> [Epoch 17/140, Batch 97/98] <<<---->>>
<<--ETA: 0:00:00		<<--LR: 0.000125	<<--Train Epoch Total loss:0.8465661509912841
03/13 12:48:18 PM | 
---- Evaluating Model ----
03/13 12:48:26 PM | +-------+------------+---------+
| Index | Class name | AP      |
+-------+------------+---------+
| 0     | ship       | 0.84900 |
+-------+------------+---------+
03/13 12:48:26 PM | ---- mAP 0.8490049795641355
03/13 12:49:28 PM | <<<---->>> [Epoch 18/140, Batch 97/98] <<<---->>>
<<--ETA: 0:00:00		<<--LR: 0.000125	<<--Train Epoch Total loss:0.7730572439578115
03/13 12:49:28 PM | 
---- Evaluating Model ----
03/13 12:49:36 PM | +-------+------------+---------+
| Index | Class name | AP      |
+-------+------------+---------+
| 0     | ship       | 0.84775 |
+-------+------------+---------+
03/13 12:49:36 PM | ---- mAP 0.8477529025463506
03/13 12:50:39 PM | <<<---->>> [Epoch 19/140, Batch 97/98] <<<---->>>
<<--ETA: 0:00:00		<<--LR: 0.000125	<<--Train Epoch Total loss:0.6803979633414016
03/13 12:50:39 PM | 
---- Evaluating Model ----
03/13 12:50:46 PM | +-------+------------+---------+
| Index | Class name | AP      |
+-------+------------+---------+
| 0     | ship       | 0.85196 |
+-------+------------+---------+
03/13 12:50:46 PM | ---- mAP 0.8519601032985539
03/13 12:51:49 PM | <<<---->>> [Epoch 20/140, Batch 97/98] <<<---->>>
<<--ETA: 0:00:00		<<--LR: 0.000125	<<--Train Epoch Total loss:0.6493046058683979
03/13 12:51:49 PM | 
---- Evaluating Model ----
03/13 12:51:56 PM | +-------+------------+---------+
| Index | Class name | AP      |
+-------+------------+---------+
| 0     | ship       | 0.84995 |
+-------+------------+---------+
03/13 12:51:56 PM | ---- mAP 0.8499498514761958
03/13 12:52:59 PM | <<<---->>> [Epoch 21/140, Batch 97/98] <<<---->>>
<<--ETA: 0:00:00		<<--LR: 0.000125	<<--Train Epoch Total loss:0.6794146469661168
03/13 12:52:59 PM | 
---- Evaluating Model ----
03/13 12:53:06 PM | +-------+------------+---------+
| Index | Class name | AP      |
+-------+------------+---------+
| 0     | ship       | 0.84928 |
+-------+------------+---------+
03/13 12:53:06 PM | ---- mAP 0.8492813193093588
03/13 12:54:09 PM | <<<---->>> [Epoch 22/140, Batch 97/98] <<<---->>>
<<--ETA: 0:00:00		<<--LR: 0.000125	<<--Train Epoch Total loss:0.6729036834166975
03/13 12:54:09 PM | 
---- Evaluating Model ----
03/13 12:54:16 PM | +-------+------------+---------+
| Index | Class name | AP      |
+-------+------------+---------+
| 0     | ship       | 0.87600 |
+-------+------------+---------+
03/13 12:54:16 PM | ---- mAP 0.8760019970289021
03/13 12:55:19 PM | <<<---->>> [Epoch 23/140, Batch 97/98] <<<---->>>
<<--ETA: 0:00:00		<<--LR: 0.000125	<<--Train Epoch Total loss:0.5606334635189602
03/13 12:55:19 PM | 
---- Evaluating Model ----
03/13 12:55:27 PM | +-------+------------+---------+
| Index | Class name | AP      |
+-------+------------+---------+
| 0     | ship       | 0.85771 |
+-------+------------+---------+
03/13 12:55:27 PM | ---- mAP 0.8577077178970531
03/13 12:56:29 PM | <<<---->>> [Epoch 24/140, Batch 97/98] <<<---->>>
<<--ETA: 0:00:00		<<--LR: 0.000125	<<--Train Epoch Total loss:0.5988580432473397
03/13 12:56:29 PM | 
---- Evaluating Model ----
03/13 12:56:37 PM | +-------+------------+---------+
| Index | Class name | AP      |
+-------+------------+---------+
| 0     | ship       | 0.85480 |
+-------+------------+---------+
03/13 12:56:37 PM | ---- mAP 0.8548000759480259
03/13 12:57:39 PM | <<<---->>> [Epoch 25/140, Batch 97/98] <<<---->>>
<<--ETA: 0:00:00		<<--LR: 0.000125	<<--Train Epoch Total loss:0.4911178496419167
03/13 12:57:39 PM | 
---- Evaluating Model ----
03/13 12:57:47 PM | +-------+------------+---------+
| Index | Class name | AP      |
+-------+------------+---------+
| 0     | ship       | 0.85533 |
+-------+------------+---------+
03/13 12:57:47 PM | ---- mAP 0.8553322312395992
03/13 12:58:50 PM | <<<---->>> [Epoch 26/140, Batch 97/98] <<<---->>>
<<--ETA: 0:00:00		<<--LR: 0.000125	<<--Train Epoch Total loss:0.502180603998048
03/13 12:58:50 PM | 
---- Evaluating Model ----
03/13 12:58:57 PM | +-------+------------+---------+
| Index | Class name | AP      |
+-------+------------+---------+
| 0     | ship       | 0.86554 |
+-------+------------+---------+
03/13 12:58:57 PM | ---- mAP 0.8655368933225605
03/13 01:00:00 PM | <<<---->>> [Epoch 27/140, Batch 97/98] <<<---->>>
<<--ETA: 0:00:00		<<--LR: 0.000125	<<--Train Epoch Total loss:0.45812616938230943
03/13 01:00:00 PM | 
---- Evaluating Model ----
03/13 01:00:07 PM | +-------+------------+---------+
| Index | Class name | AP      |
+-------+------------+---------+
| 0     | ship       | 0.86473 |
+-------+------------+---------+
03/13 01:00:07 PM | ---- mAP 0.8647318321175239
03/13 01:01:10 PM | <<<---->>> [Epoch 28/140, Batch 97/98] <<<---->>>
<<--ETA: 0:00:00		<<--LR: 0.000125	<<--Train Epoch Total loss:0.43099404689000576
03/13 01:01:10 PM | 
---- Evaluating Model ----
03/13 01:01:17 PM | +-------+------------+---------+
| Index | Class name | AP      |
+-------+------------+---------+
| 0     | ship       | 0.87207 |
+-------+------------+---------+
03/13 01:01:17 PM | ---- mAP 0.872070234958486
03/13 01:02:20 PM | <<<---->>> [Epoch 29/140, Batch 97/98] <<<---->>>
<<--ETA: 0:00:00		<<--LR: 0.000125	<<--Train Epoch Total loss:0.3893399338941185
03/13 01:02:20 PM | 
---- Evaluating Model ----
03/13 01:02:27 PM | +-------+------------+---------+
| Index | Class name | AP      |
+-------+------------+---------+
| 0     | ship       | 0.88145 |
+-------+------------+---------+
03/13 01:02:27 PM | ---- mAP 0.8814548847416382
03/13 01:03:30 PM | <<<---->>> [Epoch 30/140, Batch 97/98] <<<---->>>
<<--ETA: 0:00:00		<<--LR: 0.000125	<<--Train Epoch Total loss:0.4092032234279477
03/13 01:03:30 PM | 
---- Evaluating Model ----
03/13 01:03:37 PM | +-------+------------+---------+
| Index | Class name | AP      |
+-------+------------+---------+
| 0     | ship       | 0.88631 |
+-------+------------+---------+
03/13 01:03:37 PM | ---- mAP 0.8863061948395392
03/13 01:04:40 PM | <<<---->>> [Epoch 31/140, Batch 97/98] <<<---->>>
<<--ETA: 0:00:00		<<--LR: 0.000125	<<--Train Epoch Total loss:0.4108082475710888
03/13 01:04:40 PM | 
---- Evaluating Model ----
03/13 01:04:47 PM | +-------+------------+---------+
| Index | Class name | AP      |
+-------+------------+---------+
| 0     | ship       | 0.89294 |
+-------+------------+---------+
03/13 01:04:47 PM | ---- mAP 0.8929425036229082
03/13 01:05:50 PM | <<<---->>> [Epoch 32/140, Batch 97/98] <<<---->>>
<<--ETA: 0:00:00		<<--LR: 0.000125	<<--Train Epoch Total loss:0.3157220294280928
03/13 01:05:50 PM | 
---- Evaluating Model ----
03/13 01:05:57 PM | +-------+------------+---------+
| Index | Class name | AP      |
+-------+------------+---------+
| 0     | ship       | 0.86836 |
+-------+------------+---------+
03/13 01:05:57 PM | ---- mAP 0.8683553524738664
03/13 01:07:00 PM | <<<---->>> [Epoch 33/140, Batch 97/98] <<<---->>>
<<--ETA: 0:00:00		<<--LR: 0.000125	<<--Train Epoch Total loss:0.3449976576530204
03/13 01:07:00 PM | 
---- Evaluating Model ----
03/13 01:07:08 PM | +-------+------------+---------+
| Index | Class name | AP      |
+-------+------------+---------+
| 0     | ship       | 0.89622 |
+-------+------------+---------+
03/13 01:07:08 PM | ---- mAP 0.8962158339389947
03/13 01:08:10 PM | <<<---->>> [Epoch 34/140, Batch 97/98] <<<---->>>
<<--ETA: 0:00:00		<<--LR: 0.000125	<<--Train Epoch Total loss:0.3435298773098965
03/13 01:08:10 PM | 
---- Evaluating Model ----
03/13 01:08:17 PM | +-------+------------+---------+
| Index | Class name | AP      |
+-------+------------+---------+
| 0     | ship       | 0.89080 |
+-------+------------+---------+
03/13 01:08:17 PM | ---- mAP 0.8907995105339448
03/13 01:09:20 PM | <<<---->>> [Epoch 35/140, Batch 97/98] <<<---->>>
<<--ETA: 0:00:00		<<--LR: 0.000125	<<--Train Epoch Total loss:0.3291477075949007
03/13 01:09:20 PM | 
---- Evaluating Model ----
03/13 01:09:28 PM | +-------+------------+---------+
| Index | Class name | AP      |
+-------+------------+---------+
| 0     | ship       | 0.90430 |
+-------+------------+---------+
03/13 01:09:28 PM | ---- mAP 0.9043005086682401
03/13 01:10:31 PM | <<<---->>> [Epoch 36/140, Batch 97/98] <<<---->>>
<<--ETA: 0:00:00		<<--LR: 0.000125	<<--Train Epoch Total loss:0.4123847013225361
03/13 01:10:31 PM | 
---- Evaluating Model ----
03/13 01:10:38 PM | +-------+------------+---------+
| Index | Class name | AP      |
+-------+------------+---------+
| 0     | ship       | 0.85085 |
+-------+------------+---------+
03/13 01:10:38 PM | ---- mAP 0.850853446839529
03/13 01:11:41 PM | <<<---->>> [Epoch 37/140, Batch 97/98] <<<---->>>
<<--ETA: 0:00:00		<<--LR: 0.000125	<<--Train Epoch Total loss:0.3475956117012063
03/13 01:11:41 PM | 
---- Evaluating Model ----
03/13 01:11:48 PM | +-------+------------+---------+
| Index | Class name | AP      |
+-------+------------+---------+
| 0     | ship       | 0.89689 |
+-------+------------+---------+
03/13 01:11:48 PM | ---- mAP 0.8968917021362073
03/13 01:12:51 PM | <<<---->>> [Epoch 38/140, Batch 97/98] <<<---->>>
<<--ETA: 0:00:00		<<--LR: 0.000125	<<--Train Epoch Total loss:0.290868658496409
03/13 01:12:51 PM | 
---- Evaluating Model ----
03/13 01:12:58 PM | +-------+------------+---------+
| Index | Class name | AP      |
+-------+------------+---------+
| 0     | ship       | 0.88965 |
+-------+------------+---------+
03/13 01:12:58 PM | ---- mAP 0.8896483229656864
03/13 01:14:01 PM | <<<---->>> [Epoch 39/140, Batch 97/98] <<<---->>>
<<--ETA: 0:00:00		<<--LR: 0.000125	<<--Train Epoch Total loss:0.2673064858025434
03/13 01:14:01 PM | 
---- Evaluating Model ----
03/13 01:14:08 PM | +-------+------------+---------+
| Index | Class name | AP      |
+-------+------------+---------+
| 0     | ship       | 0.89591 |
+-------+------------+---------+
03/13 01:14:08 PM | ---- mAP 0.8959052676305523
03/13 01:15:11 PM | <<<---->>> [Epoch 40/140, Batch 97/98] <<<---->>>
<<--ETA: 0:00:00		<<--LR: 0.000125	<<--Train Epoch Total loss:0.34356469645792126
03/13 01:15:11 PM | 
---- Evaluating Model ----
03/13 01:15:18 PM | +-------+------------+---------+
| Index | Class name | AP      |
+-------+------------+---------+
| 0     | ship       | 0.88706 |
+-------+------------+---------+
03/13 01:15:18 PM | ---- mAP 0.8870563043756576
03/13 01:16:21 PM | <<<---->>> [Epoch 41/140, Batch 97/98] <<<---->>>
<<--ETA: 0:00:00		<<--LR: 0.000125	<<--Train Epoch Total loss:0.3179490543445762
03/13 01:16:21 PM | 
---- Evaluating Model ----
03/13 01:16:28 PM | +-------+------------+---------+
| Index | Class name | AP      |
+-------+------------+---------+
| 0     | ship       | 0.90114 |
+-------+------------+---------+
03/13 01:16:28 PM | ---- mAP 0.9011406568646212
03/13 01:17:31 PM | <<<---->>> [Epoch 42/140, Batch 97/98] <<<---->>>
<<--ETA: 0:00:00		<<--LR: 0.000125	<<--Train Epoch Total loss:0.29877521964360254
03/13 01:17:31 PM | 
---- Evaluating Model ----
03/13 01:17:38 PM | +-------+------------+---------+
| Index | Class name | AP      |
+-------+------------+---------+
| 0     | ship       | 0.90815 |
+-------+------------+---------+
03/13 01:17:38 PM | ---- mAP 0.9081459001488819
03/13 01:18:41 PM | <<<---->>> [Epoch 43/140, Batch 97/98] <<<---->>>
<<--ETA: 0:00:00		<<--LR: 0.000125	<<--Train Epoch Total loss:0.31011029150413005
03/13 01:18:41 PM | 
---- Evaluating Model ----
03/13 01:18:48 PM | +-------+------------+---------+
| Index | Class name | AP      |
+-------+------------+---------+
| 0     | ship       | 0.89317 |
+-------+------------+---------+
03/13 01:18:48 PM | ---- mAP 0.8931700267837693
03/13 01:19:51 PM | <<<---->>> [Epoch 44/140, Batch 97/98] <<<---->>>
<<--ETA: 0:00:00		<<--LR: 0.000125	<<--Train Epoch Total loss:0.28740908023045986
03/13 01:19:51 PM | 
---- Evaluating Model ----
03/13 01:19:59 PM | +-------+------------+---------+
| Index | Class name | AP      |
+-------+------------+---------+
| 0     | ship       | 0.89948 |
+-------+------------+---------+
03/13 01:19:59 PM | ---- mAP 0.8994769681316193
03/13 01:21:01 PM | <<<---->>> [Epoch 45/140, Batch 97/98] <<<---->>>
<<--ETA: 0:00:00		<<--LR: 0.000125	<<--Train Epoch Total loss:0.3531201320643328
03/13 01:21:01 PM | 
---- Evaluating Model ----
03/13 01:21:09 PM | +-------+------------+---------+
| Index | Class name | AP      |
+-------+------------+---------+
| 0     | ship       | 0.83413 |
+-------+------------+---------+
03/13 01:21:09 PM | ---- mAP 0.8341250517394159
03/13 01:22:11 PM | <<<---->>> [Epoch 46/140, Batch 97/98] <<<---->>>
<<--ETA: 0:00:00		<<--LR: 0.000125	<<--Train Epoch Total loss:0.8438064381480217
03/13 01:22:11 PM | 
---- Evaluating Model ----
03/13 01:22:19 PM | +-------+------------+---------+
| Index | Class name | AP      |
+-------+------------+---------+
| 0     | ship       | 0.79968 |
+-------+------------+---------+
03/13 01:22:19 PM | ---- mAP 0.7996829309816584
03/13 01:23:21 PM | <<<---->>> [Epoch 47/140, Batch 97/98] <<<---->>>
<<--ETA: 0:00:00		<<--LR: 0.000125	<<--Train Epoch Total loss:0.9805910514325512
03/13 01:23:21 PM | 
---- Evaluating Model ----
03/13 01:23:29 PM | +-------+------------+---------+
| Index | Class name | AP      |
+-------+------------+---------+
| 0     | ship       | 0.86393 |
+-------+------------+---------+
03/13 01:23:29 PM | ---- mAP 0.8639326410451813
03/13 01:24:32 PM | <<<---->>> [Epoch 48/140, Batch 97/98] <<<---->>>
<<--ETA: 0:00:00		<<--LR: 0.000125	<<--Train Epoch Total loss:0.5987055979821146
03/13 01:24:32 PM | 
---- Evaluating Model ----
03/13 01:24:39 PM | +-------+------------+---------+
| Index | Class name | AP      |
+-------+------------+---------+
| 0     | ship       | 0.87749 |
+-------+------------+---------+
03/13 01:24:39 PM | ---- mAP 0.8774871265666071
03/13 01:25:42 PM | <<<---->>> [Epoch 49/140, Batch 97/98] <<<---->>>
<<--ETA: 0:00:00		<<--LR: 0.000125	<<--Train Epoch Total loss:0.44753770256529046
03/13 01:25:42 PM | 
---- Evaluating Model ----
03/13 01:25:49 PM | +-------+------------+---------+
| Index | Class name | AP      |
+-------+------------+---------+
| 0     | ship       | 0.88673 |
+-------+------------+---------+
03/13 01:25:49 PM | ---- mAP 0.8867274285736375
03/13 01:26:52 PM | <<<---->>> [Epoch 50/140, Batch 97/98] <<<---->>>
<<--ETA: 0:00:00		<<--LR: 0.000125	<<--Train Epoch Total loss:0.4533196374469874
03/13 01:26:52 PM | 
---- Evaluating Model ----
03/13 01:26:59 PM | +-------+------------+---------+
| Index | Class name | AP      |
+-------+------------+---------+
| 0     | ship       | 0.88523 |
+-------+------------+---------+
03/13 01:26:59 PM | ---- mAP 0.8852257933308332
03/13 01:28:03 PM | <<<---->>> [Epoch 51/140, Batch 97/98] <<<---->>>
<<--ETA: 0:00:00		<<--LR: 0.000125	<<--Train Epoch Total loss:0.36078907154044326
03/13 01:28:03 PM | 
---- Evaluating Model ----
03/13 01:28:11 PM | +-------+------------+---------+
| Index | Class name | AP      |
+-------+------------+---------+
| 0     | ship       | 0.88502 |
+-------+------------+---------+
03/13 01:28:11 PM | ---- mAP 0.8850217745963171
03/13 01:29:13 PM | <<<---->>> [Epoch 52/140, Batch 97/98] <<<---->>>
<<--ETA: 0:00:00		<<--LR: 0.000125	<<--Train Epoch Total loss:0.265197646709121
03/13 01:29:13 PM | 
---- Evaluating Model ----
03/13 01:29:20 PM | +-------+------------+---------+
| Index | Class name | AP      |
+-------+------------+---------+
| 0     | ship       | 0.88778 |
+-------+------------+---------+
03/13 01:29:20 PM | ---- mAP 0.8877792474402206
03/13 01:30:23 PM | <<<---->>> [Epoch 53/140, Batch 97/98] <<<---->>>
<<--ETA: 0:00:00		<<--LR: 0.000125	<<--Train Epoch Total loss:0.24821215221772389
03/13 01:30:23 PM | 
---- Evaluating Model ----
03/13 01:30:31 PM | +-------+------------+---------+
| Index | Class name | AP      |
+-------+------------+---------+
| 0     | ship       | 0.89599 |
+-------+------------+---------+
03/13 01:30:31 PM | ---- mAP 0.8959883902264427
03/13 01:31:33 PM | <<<---->>> [Epoch 54/140, Batch 97/98] <<<---->>>
<<--ETA: 0:00:00		<<--LR: 0.000125	<<--Train Epoch Total loss:0.27285039409690975
03/13 01:31:33 PM | 
---- Evaluating Model ----
03/13 01:31:41 PM | +-------+------------+---------+
| Index | Class name | AP      |
+-------+------------+---------+
| 0     | ship       | 0.86241 |
+-------+------------+---------+
03/13 01:31:41 PM | ---- mAP 0.8624136149233318
03/13 01:32:43 PM | <<<---->>> [Epoch 55/140, Batch 97/98] <<<---->>>
<<--ETA: 0:00:00		<<--LR: 0.000125	<<--Train Epoch Total loss:0.2575658139373575
03/13 01:32:43 PM | 
---- Evaluating Model ----
03/13 01:32:51 PM | +-------+------------+---------+
| Index | Class name | AP      |
+-------+------------+---------+
| 0     | ship       | 0.87628 |
+-------+------------+---------+
03/13 01:32:51 PM | ---- mAP 0.8762833327828361
03/13 01:33:54 PM | <<<---->>> [Epoch 56/140, Batch 97/98] <<<---->>>
<<--ETA: 0:00:00		<<--LR: 0.000125	<<--Train Epoch Total loss:0.21581434899446916
03/13 01:33:54 PM | 
---- Evaluating Model ----
03/13 01:34:01 PM | +-------+------------+---------+
| Index | Class name | AP      |
+-------+------------+---------+
| 0     | ship       | 0.88888 |
+-------+------------+---------+
03/13 01:34:01 PM | ---- mAP 0.8888783687202004
03/13 01:35:04 PM | <<<---->>> [Epoch 57/140, Batch 97/98] <<<---->>>
<<--ETA: 0:00:00		<<--LR: 0.000125	<<--Train Epoch Total loss:0.19843900127678502
03/13 01:35:04 PM | 
---- Evaluating Model ----
03/13 01:35:11 PM | +-------+------------+---------+
| Index | Class name | AP      |
+-------+------------+---------+
| 0     | ship       | 0.87118 |
+-------+------------+---------+
03/13 01:35:11 PM | ---- mAP 0.871177048626378
03/13 01:36:15 PM | <<<---->>> [Epoch 58/140, Batch 97/98] <<<---->>>
<<--ETA: 0:00:00		<<--LR: 0.000125	<<--Train Epoch Total loss:0.18047591739771318
03/13 01:36:15 PM | 
---- Evaluating Model ----
03/13 01:36:22 PM | +-------+------------+---------+
| Index | Class name | AP      |
+-------+------------+---------+
| 0     | ship       | 0.89181 |
+-------+------------+---------+
03/13 01:36:22 PM | ---- mAP 0.891809850796125
03/13 01:37:25 PM | <<<---->>> [Epoch 59/140, Batch 97/98] <<<---->>>
<<--ETA: 0:00:00		<<--LR: 0.000125	<<--Train Epoch Total loss:0.1548472686233569
03/13 01:37:25 PM | 
---- Evaluating Model ----
03/13 01:37:32 PM | +-------+------------+---------+
| Index | Class name | AP      |
+-------+------------+---------+
| 0     | ship       | 0.88906 |
+-------+------------+---------+
03/13 01:37:32 PM | ---- mAP 0.8890580128423748
03/13 01:38:35 PM | <<<---->>> [Epoch 60/140, Batch 97/98] <<<---->>>
<<--ETA: 0:00:00		<<--LR: 0.000125	<<--Train Epoch Total loss:0.132571741938591
03/13 01:38:35 PM | 
---- Evaluating Model ----
03/13 01:38:42 PM | +-------+------------+---------+
| Index | Class name | AP      |
+-------+------------+---------+
| 0     | ship       | 0.90046 |
+-------+------------+---------+
03/13 01:38:42 PM | ---- mAP 0.9004602692209179
03/13 01:39:45 PM | <<<---->>> [Epoch 61/140, Batch 97/98] <<<---->>>
<<--ETA: 0:00:00		<<--LR: 0.000125	<<--Train Epoch Total loss:0.1346117506678007
03/13 01:39:45 PM | 
---- Evaluating Model ----
03/13 01:39:53 PM | +-------+------------+---------+
| Index | Class name | AP      |
+-------+------------+---------+
| 0     | ship       | 0.90951 |
+-------+------------+---------+
03/13 01:39:53 PM | ---- mAP 0.9095146568696009
03/13 01:40:55 PM | <<<---->>> [Epoch 62/140, Batch 97/98] <<<---->>>
<<--ETA: 0:00:00		<<--LR: 0.000125	<<--Train Epoch Total loss:0.12367708334813313
03/13 01:40:55 PM | 
---- Evaluating Model ----
03/13 01:41:03 PM | +-------+------------+---------+
| Index | Class name | AP      |
+-------+------------+---------+
| 0     | ship       | 0.90380 |
+-------+------------+---------+
03/13 01:41:03 PM | ---- mAP 0.9037966830482294
03/13 01:42:06 PM | <<<---->>> [Epoch 63/140, Batch 97/98] <<<---->>>
<<--ETA: 0:00:00		<<--LR: 0.000125	<<--Train Epoch Total loss:0.11922067016059039
03/13 01:42:06 PM | 
---- Evaluating Model ----
03/13 01:42:13 PM | +-------+------------+---------+
| Index | Class name | AP      |
+-------+------------+---------+
| 0     | ship       | 0.88902 |
+-------+------------+---------+
03/13 01:42:13 PM | ---- mAP 0.8890185709224318
03/13 01:43:16 PM | <<<---->>> [Epoch 64/140, Batch 97/98] <<<---->>>
<<--ETA: 0:00:00		<<--LR: 0.000125	<<--Train Epoch Total loss:0.13794645218520749
03/13 01:43:16 PM | 
---- Evaluating Model ----
03/13 01:43:23 PM | +-------+------------+---------+
| Index | Class name | AP      |
+-------+------------+---------+
| 0     | ship       | 0.88920 |
+-------+------------+---------+
03/13 01:43:23 PM | ---- mAP 0.8892007501881579
03/13 01:44:26 PM | <<<---->>> [Epoch 65/140, Batch 97/98] <<<---->>>
<<--ETA: 0:00:00		<<--LR: 0.000125	<<--Train Epoch Total loss:0.14379606601230951
03/13 01:44:26 PM | 
---- Evaluating Model ----
03/13 01:44:33 PM | +-------+------------+---------+
| Index | Class name | AP      |
+-------+------------+---------+
| 0     | ship       | 0.90495 |
+-------+------------+---------+
03/13 01:44:33 PM | ---- mAP 0.9049466200969443
03/13 01:45:36 PM | <<<---->>> [Epoch 66/140, Batch 97/98] <<<---->>>
<<--ETA: 0:00:00		<<--LR: 0.000125	<<--Train Epoch Total loss:0.12884703324157365
03/13 01:45:36 PM | 
---- Evaluating Model ----
03/13 01:45:43 PM | +-------+------------+---------+
| Index | Class name | AP      |
+-------+------------+---------+
| 0     | ship       | 0.90839 |
+-------+------------+---------+
03/13 01:45:43 PM | ---- mAP 0.9083937334237107
03/13 01:46:46 PM | <<<---->>> [Epoch 67/140, Batch 97/98] <<<---->>>
<<--ETA: 0:00:00		<<--LR: 0.000125	<<--Train Epoch Total loss:0.11253626545777126
03/13 01:46:46 PM | 
---- Evaluating Model ----
03/13 01:46:53 PM | +-------+------------+---------+
| Index | Class name | AP      |
+-------+------------+---------+
| 0     | ship       | 0.90978 |
+-------+------------+---------+
03/13 01:46:53 PM | ---- mAP 0.9097835884902156
03/13 01:47:56 PM | <<<---->>> [Epoch 68/140, Batch 97/98] <<<---->>>
<<--ETA: 0:00:00		<<--LR: 0.000125	<<--Train Epoch Total loss:0.10406767459092092
03/13 01:47:56 PM | 
---- Evaluating Model ----
03/13 01:48:03 PM | +-------+------------+---------+
| Index | Class name | AP      |
+-------+------------+---------+
| 0     | ship       | 0.90999 |
+-------+------------+---------+
03/13 01:48:03 PM | ---- mAP 0.9099916137603686
03/13 01:49:06 PM | <<<---->>> [Epoch 69/140, Batch 97/98] <<<---->>>
<<--ETA: 0:00:00		<<--LR: 0.000125	<<--Train Epoch Total loss:0.10392109863460064
03/13 01:49:06 PM | 
---- Evaluating Model ----
03/13 01:49:13 PM | +-------+------------+---------+
| Index | Class name | AP      |
+-------+------------+---------+
| 0     | ship       | 0.90330 |
+-------+------------+---------+
03/13 01:49:13 PM | ---- mAP 0.9033042550492756
03/13 01:50:16 PM | <<<---->>> [Epoch 70/140, Batch 97/98] <<<---->>>
<<--ETA: 0:00:00		<<--LR: 0.000125	<<--Train Epoch Total loss:0.09792283603123256
03/13 01:50:16 PM | 
---- Evaluating Model ----
03/13 01:50:23 PM | +-------+------------+---------+
| Index | Class name | AP      |
+-------+------------+---------+
| 0     | ship       | 0.90104 |
+-------+------------+---------+
03/13 01:50:23 PM | ---- mAP 0.9010419948179023
03/13 01:51:26 PM | <<<---->>> [Epoch 71/140, Batch 97/98] <<<---->>>
<<--ETA: 0:00:00		<<--LR: 0.000125	<<--Train Epoch Total loss:0.09508496903035106
03/13 01:51:26 PM | 
---- Evaluating Model ----
03/13 01:51:33 PM | +-------+------------+---------+
| Index | Class name | AP      |
+-------+------------+---------+
| 0     | ship       | 0.89996 |
+-------+------------+---------+
03/13 01:51:33 PM | ---- mAP 0.8999563924816267
03/13 01:52:35 PM | <<<---->>> [Epoch 72/140, Batch 97/98] <<<---->>>
<<--ETA: 0:00:00		<<--LR: 0.000125	<<--Train Epoch Total loss:0.10063985252410781
03/13 01:52:35 PM | 
---- Evaluating Model ----
03/13 01:52:42 PM | +-------+------------+---------+
| Index | Class name | AP      |
+-------+------------+---------+
| 0     | ship       | 0.90510 |
+-------+------------+---------+
03/13 01:52:42 PM | ---- mAP 0.9050968489721276
03/13 01:53:45 PM | <<<---->>> [Epoch 73/140, Batch 97/98] <<<---->>>
<<--ETA: 0:00:00		<<--LR: 0.000125	<<--Train Epoch Total loss:0.09169370232492077
03/13 01:53:45 PM | 
---- Evaluating Model ----
03/13 01:53:52 PM | +-------+------------+---------+
| Index | Class name | AP      |
+-------+------------+---------+
| 0     | ship       | 0.91024 |
+-------+------------+---------+
03/13 01:53:52 PM | ---- mAP 0.9102441290872245
03/13 01:54:55 PM | <<<---->>> [Epoch 74/140, Batch 97/98] <<<---->>>
<<--ETA: 0:00:00		<<--LR: 0.000125	<<--Train Epoch Total loss:0.09227418804503217
03/13 01:54:55 PM | 
---- Evaluating Model ----
03/13 01:55:02 PM | +-------+------------+---------+
| Index | Class name | AP      |
+-------+------------+---------+
| 0     | ship       | 0.90910 |
+-------+------------+---------+
03/13 01:55:02 PM | ---- mAP 0.9090981437366237
03/13 01:56:05 PM | <<<---->>> [Epoch 75/140, Batch 97/98] <<<---->>>
<<--ETA: 0:00:00		<<--LR: 0.000125	<<--Train Epoch Total loss:0.0973519951637302
03/13 01:56:05 PM | 
---- Evaluating Model ----
03/13 01:56:12 PM | +-------+------------+---------+
| Index | Class name | AP      |
+-------+------------+---------+
| 0     | ship       | 0.89428 |
+-------+------------+---------+
03/13 01:56:12 PM | ---- mAP 0.8942791465503388
03/13 01:57:15 PM | <<<---->>> [Epoch 76/140, Batch 97/98] <<<---->>>
<<--ETA: 0:00:00		<<--LR: 0.000125	<<--Train Epoch Total loss:0.08348318432666818
03/13 01:57:15 PM | 
---- Evaluating Model ----
03/13 01:57:22 PM | +-------+------------+---------+
| Index | Class name | AP      |
+-------+------------+---------+
| 0     | ship       | 0.90086 |
+-------+------------+---------+
03/13 01:57:22 PM | ---- mAP 0.9008643147423309
03/13 01:58:25 PM | <<<---->>> [Epoch 77/140, Batch 97/98] <<<---->>>
<<--ETA: 0:00:00		<<--LR: 0.000125	<<--Train Epoch Total loss:0.1012434652645369
03/13 01:58:25 PM | 
---- Evaluating Model ----
03/13 01:58:32 PM | +-------+------------+---------+
| Index | Class name | AP      |
+-------+------------+---------+
| 0     | ship       | 0.90474 |
+-------+------------+---------+
03/13 01:58:32 PM | ---- mAP 0.9047366967086137
03/13 01:59:35 PM | <<<---->>> [Epoch 78/140, Batch 97/98] <<<---->>>
<<--ETA: 0:00:00		<<--LR: 0.000125	<<--Train Epoch Total loss:0.09425185012574099
03/13 01:59:35 PM | 
---- Evaluating Model ----
03/13 01:59:42 PM | +-------+------------+---------+
| Index | Class name | AP      |
+-------+------------+---------+
| 0     | ship       | 0.90100 |
+-------+------------+---------+
03/13 01:59:42 PM | ---- mAP 0.9009952071679468
03/13 02:00:45 PM | <<<---->>> [Epoch 79/140, Batch 97/98] <<<---->>>
<<--ETA: 0:00:00		<<--LR: 0.000125	<<--Train Epoch Total loss:0.0915420474294497
03/13 02:00:45 PM | 
---- Evaluating Model ----
03/13 02:00:52 PM | +-------+------------+---------+
| Index | Class name | AP      |
+-------+------------+---------+
| 0     | ship       | 0.90276 |
+-------+------------+---------+
03/13 02:00:52 PM | ---- mAP 0.9027620772986213
03/13 02:01:55 PM | <<<---->>> [Epoch 80/140, Batch 97/98] <<<---->>>
<<--ETA: 0:00:00		<<--LR: 0.000125	<<--Train Epoch Total loss:0.09288329269965084
03/13 02:01:55 PM | 
---- Evaluating Model ----
03/13 02:02:02 PM | +-------+------------+---------+
| Index | Class name | AP      |
+-------+------------+---------+
| 0     | ship       | 0.90017 |
+-------+------------+---------+
03/13 02:02:02 PM | ---- mAP 0.9001735292242707
03/13 02:03:05 PM | <<<---->>> [Epoch 81/140, Batch 97/98] <<<---->>>
<<--ETA: 0:00:00		<<--LR: 0.000125	<<--Train Epoch Total loss:0.10320418004934885
03/13 02:03:05 PM | 
---- Evaluating Model ----
03/13 02:03:13 PM | +-------+------------+---------+
| Index | Class name | AP      |
+-------+------------+---------+
| 0     | ship       | 0.90479 |
+-------+------------+---------+
03/13 02:03:13 PM | ---- mAP 0.9047923105339964
03/13 02:04:15 PM | <<<---->>> [Epoch 82/140, Batch 97/98] <<<---->>>
<<--ETA: 0:00:00		<<--LR: 0.000125	<<--Train Epoch Total loss:0.08272214617808255
03/13 02:04:15 PM | 
---- Evaluating Model ----
03/13 02:04:23 PM | +-------+------------+---------+
| Index | Class name | AP      |
+-------+------------+---------+
| 0     | ship       | 0.91145 |
+-------+------------+---------+
03/13 02:04:23 PM | ---- mAP 0.9114542799740878
03/13 02:05:25 PM | <<<---->>> [Epoch 83/140, Batch 97/98] <<<---->>>
<<--ETA: 0:00:00		<<--LR: 0.000125	<<--Train Epoch Total loss:0.14514915751559393
03/13 02:05:25 PM | 
---- Evaluating Model ----
03/13 02:05:33 PM | +-------+------------+---------+
| Index | Class name | AP      |
+-------+------------+---------+
| 0     | ship       | 0.91241 |
+-------+------------+---------+
03/13 02:05:33 PM | ---- mAP 0.9124122401571031
03/13 02:06:36 PM | <<<---->>> [Epoch 84/140, Batch 97/98] <<<---->>>
<<--ETA: 0:00:00		<<--LR: 0.000125	<<--Train Epoch Total loss:0.47768147251739795
03/13 02:06:36 PM | 
---- Evaluating Model ----
03/13 02:06:43 PM | +-------+------------+---------+
| Index | Class name | AP      |
+-------+------------+---------+
| 0     | ship       | 0.66256 |
+-------+------------+---------+
03/13 02:06:43 PM | ---- mAP 0.6625583974210995
03/13 02:07:46 PM | <<<---->>> [Epoch 85/140, Batch 97/98] <<<---->>>
<<--ETA: 0:00:00		<<--LR: 0.000125	<<--Train Epoch Total loss:1.300871921133022
03/13 02:07:46 PM | 
---- Evaluating Model ----
03/13 02:07:54 PM | +-------+------------+---------+
| Index | Class name | AP      |
+-------+------------+---------+
| 0     | ship       | 0.81126 |
+-------+------------+---------+
03/13 02:07:54 PM | ---- mAP 0.8112603508458898
03/13 02:08:56 PM | <<<---->>> [Epoch 86/140, Batch 97/98] <<<---->>>
<<--ETA: 0:00:00		<<--LR: 0.000125	<<--Train Epoch Total loss:1.0551992381105617
03/13 02:08:56 PM | 
---- Evaluating Model ----
03/13 02:09:04 PM | +-------+------------+---------+
| Index | Class name | AP      |
+-------+------------+---------+
| 0     | ship       | 0.89678 |
+-------+------------+---------+
03/13 02:09:04 PM | ---- mAP 0.8967835698795971
03/13 02:10:07 PM | <<<---->>> [Epoch 87/140, Batch 97/98] <<<---->>>
<<--ETA: 0:00:00		<<--LR: 0.000125	<<--Train Epoch Total loss:0.7965964988178137
03/13 02:10:07 PM | 
---- Evaluating Model ----
03/13 02:10:14 PM | +-------+------------+---------+
| Index | Class name | AP      |
+-------+------------+---------+
| 0     | ship       | 0.91536 |
+-------+------------+---------+
03/13 02:10:14 PM | ---- mAP 0.915360253112042
03/13 02:11:17 PM | <<<---->>> [Epoch 88/140, Batch 97/98] <<<---->>>
<<--ETA: 0:00:00		<<--LR: 0.000125	<<--Train Epoch Total loss:0.64028179341433
03/13 02:11:17 PM | 
---- Evaluating Model ----
03/13 02:11:24 PM | +-------+------------+---------+
| Index | Class name | AP      |
+-------+------------+---------+
| 0     | ship       | 0.90710 |
+-------+------------+---------+
03/13 02:11:24 PM | ---- mAP 0.9071039508607246
03/13 02:12:28 PM | <<<---->>> [Epoch 89/140, Batch 97/98] <<<---->>>
<<--ETA: 0:00:00		<<--LR: 0.000125	<<--Train Epoch Total loss:0.578570057847062
03/13 02:12:28 PM | 
---- Evaluating Model ----
03/13 02:12:35 PM | +-------+------------+---------+
| Index | Class name | AP      |
+-------+------------+---------+
| 0     | ship       | 0.89033 |
+-------+------------+---------+
03/13 02:12:35 PM | ---- mAP 0.8903286571628662
03/13 02:13:38 PM | <<<---->>> [Epoch 90/140, Batch 97/98] <<<---->>>
<<--ETA: 0:00:00		<<--LR: 1.25e-06	<<--Train Epoch Total loss:0.41368964755413484
03/13 02:13:38 PM | 
---- Evaluating Model ----
03/13 02:13:45 PM | +-------+------------+---------+
| Index | Class name | AP      |
+-------+------------+---------+
| 0     | ship       | 0.90024 |
+-------+------------+---------+
03/13 02:13:45 PM | ---- mAP 0.9002418193120642
03/13 02:14:48 PM | <<<---->>> [Epoch 91/140, Batch 97/98] <<<---->>>
<<--ETA: 0:00:00		<<--LR: 1.25e-05	<<--Train Epoch Total loss:0.26663752128275076
03/13 02:14:48 PM | 
---- Evaluating Model ----
03/13 02:14:56 PM | +-------+------------+---------+
| Index | Class name | AP      |
+-------+------------+---------+
| 0     | ship       | 0.90049 |
+-------+------------+---------+
03/13 02:14:56 PM | ---- mAP 0.9004908284724644
03/13 02:15:58 PM | <<<---->>> [Epoch 92/140, Batch 97/98] <<<---->>>
<<--ETA: 0:00:00		<<--LR: 1.25e-05	<<--Train Epoch Total loss:0.23394783206131994
03/13 02:15:58 PM | 
---- Evaluating Model ----
03/13 02:16:06 PM | +-------+------------+---------+
| Index | Class name | AP      |
+-------+------------+---------+
| 0     | ship       | 0.90040 |
+-------+------------+---------+
03/13 02:16:06 PM | ---- mAP 0.9003977201362505
03/13 02:17:08 PM | <<<---->>> [Epoch 93/140, Batch 97/98] <<<---->>>
<<--ETA: 0:00:00		<<--LR: 1.25e-05	<<--Train Epoch Total loss:0.21078550055318948
03/13 02:17:08 PM | 
---- Evaluating Model ----
03/13 02:17:16 PM | +-------+------------+---------+
| Index | Class name | AP      |
+-------+------------+---------+
| 0     | ship       | 0.89751 |
+-------+------------+---------+
03/13 02:17:16 PM | ---- mAP 0.8975066804405629
03/13 02:18:19 PM | <<<---->>> [Epoch 94/140, Batch 97/98] <<<---->>>
<<--ETA: 0:00:00		<<--LR: 1.25e-05	<<--Train Epoch Total loss:0.20651394007157306
03/13 02:18:19 PM | 
---- Evaluating Model ----
03/13 02:18:26 PM | +-------+------------+---------+
| Index | Class name | AP      |
+-------+------------+---------+
| 0     | ship       | 0.89972 |
+-------+------------+---------+
03/13 02:18:26 PM | ---- mAP 0.8997231621475603
03/13 02:19:28 PM | <<<---->>> [Epoch 95/140, Batch 97/98] <<<---->>>
<<--ETA: 0:00:00		<<--LR: 1.25e-05	<<--Train Epoch Total loss:0.1723917110690049
03/13 02:19:28 PM | 
---- Evaluating Model ----
03/13 02:19:36 PM | +-------+------------+---------+
| Index | Class name | AP      |
+-------+------------+---------+
| 0     | ship       | 0.89986 |
+-------+------------+---------+
03/13 02:19:36 PM | ---- mAP 0.8998610901366373
03/13 02:20:38 PM | <<<---->>> [Epoch 96/140, Batch 97/98] <<<---->>>
<<--ETA: 0:00:00		<<--LR: 1.25e-05	<<--Train Epoch Total loss:0.1619820446536249
03/13 02:20:38 PM | 
---- Evaluating Model ----
03/13 02:20:45 PM | +-------+------------+---------+
| Index | Class name | AP      |
+-------+------------+---------+
| 0     | ship       | 0.90107 |
+-------+------------+---------+
03/13 02:20:45 PM | ---- mAP 0.9010714677033786
03/13 02:21:48 PM | <<<---->>> [Epoch 97/140, Batch 97/98] <<<---->>>
<<--ETA: 0:00:00		<<--LR: 1.25e-05	<<--Train Epoch Total loss:0.16087013095313188
03/13 02:21:48 PM | 
---- Evaluating Model ----
03/13 02:21:56 PM | +-------+------------+---------+
| Index | Class name | AP      |
+-------+------------+---------+
| 0     | ship       | 0.90155 |
+-------+------------+---------+
03/13 02:21:56 PM | ---- mAP 0.9015510459424217
03/13 02:22:58 PM | <<<---->>> [Epoch 98/140, Batch 97/98] <<<---->>>
<<--ETA: 0:00:00		<<--LR: 1.25e-05	<<--Train Epoch Total loss:0.14146321107234275
03/13 02:22:58 PM | 
---- Evaluating Model ----
03/13 02:23:06 PM | +-------+------------+---------+
| Index | Class name | AP      |
+-------+------------+---------+
| 0     | ship       | 0.90228 |
+-------+------------+---------+
03/13 02:23:06 PM | ---- mAP 0.9022795429583919
03/13 02:24:08 PM | <<<---->>> [Epoch 99/140, Batch 97/98] <<<---->>>
<<--ETA: 0:00:00		<<--LR: 1.25e-05	<<--Train Epoch Total loss:0.137207671467747
03/13 02:24:08 PM | 
---- Evaluating Model ----
03/13 02:24:15 PM | +-------+------------+---------+
| Index | Class name | AP      |
+-------+------------+---------+
| 0     | ship       | 0.89450 |
+-------+------------+---------+
03/13 02:24:15 PM | ---- mAP 0.8945034227876565
03/13 02:25:18 PM | <<<---->>> [Epoch 100/140, Batch 97/98] <<<---->>>
<<--ETA: 0:00:00		<<--LR: 1.25e-05	<<--Train Epoch Total loss:0.13045197246330126
03/13 02:25:18 PM | 
---- Evaluating Model ----
03/13 02:25:26 PM | +-------+------------+---------+
| Index | Class name | AP      |
+-------+------------+---------+
| 0     | ship       | 0.89047 |
+-------+------------+---------+
03/13 02:25:26 PM | ---- mAP 0.8904664475961608
03/13 02:26:30 PM | <<<---->>> [Epoch 101/140, Batch 97/98] <<<---->>>
<<--ETA: 0:00:00		<<--LR: 1.25e-05	<<--Train Epoch Total loss:0.12060703283974103
03/13 02:26:30 PM | 
---- Evaluating Model ----
03/13 02:26:37 PM | +-------+------------+---------+
| Index | Class name | AP      |
+-------+------------+---------+
| 0     | ship       | 0.90178 |
+-------+------------+---------+
03/13 02:26:37 PM | ---- mAP 0.9017847504571106
03/13 02:27:40 PM | <<<---->>> [Epoch 102/140, Batch 97/98] <<<---->>>
<<--ETA: 0:00:00		<<--LR: 1.25e-05	<<--Train Epoch Total loss:0.11838544696113285
03/13 02:27:40 PM | 
---- Evaluating Model ----
03/13 02:27:47 PM | +-------+------------+---------+
| Index | Class name | AP      |
+-------+------------+---------+
| 0     | ship       | 0.90290 |
+-------+------------+---------+
03/13 02:27:47 PM | ---- mAP 0.9028984749590192
03/13 02:28:50 PM | <<<---->>> [Epoch 103/140, Batch 97/98] <<<---->>>
<<--ETA: 0:00:00		<<--LR: 1.25e-05	<<--Train Epoch Total loss:0.11833947170905922
03/13 02:28:50 PM | 
---- Evaluating Model ----
03/13 02:28:57 PM | +-------+------------+---------+
| Index | Class name | AP      |
+-------+------------+---------+
| 0     | ship       | 0.90616 |
+-------+------------+---------+
03/13 02:28:57 PM | ---- mAP 0.9061648707736084
03/13 02:30:00 PM | <<<---->>> [Epoch 104/140, Batch 97/98] <<<---->>>
<<--ETA: 0:00:00		<<--LR: 1.25e-05	<<--Train Epoch Total loss:0.11069058592678332
03/13 02:30:00 PM | 
---- Evaluating Model ----
03/13 02:30:07 PM | +-------+------------+---------+
| Index | Class name | AP      |
+-------+------------+---------+
| 0     | ship       | 0.90235 |
+-------+------------+---------+
03/13 02:30:07 PM | ---- mAP 0.9023508658874646
03/13 02:31:10 PM | <<<---->>> [Epoch 105/140, Batch 97/98] <<<---->>>
<<--ETA: 0:00:00		<<--LR: 1.25e-05	<<--Train Epoch Total loss:0.10958727000623333
03/13 02:31:10 PM | 
---- Evaluating Model ----
03/13 02:31:17 PM | +-------+------------+---------+
| Index | Class name | AP      |
+-------+------------+---------+
| 0     | ship       | 0.90646 |
+-------+------------+---------+
03/13 02:31:17 PM | ---- mAP 0.9064576832455682
03/13 02:32:20 PM | <<<---->>> [Epoch 106/140, Batch 97/98] <<<---->>>
<<--ETA: 0:00:00		<<--LR: 1.25e-05	<<--Train Epoch Total loss:0.1006135781276591
03/13 02:32:20 PM | 
---- Evaluating Model ----
03/13 02:32:27 PM | +-------+------------+---------+
| Index | Class name | AP      |
+-------+------------+---------+
| 0     | ship       | 0.89709 |
+-------+------------+---------+
03/13 02:32:27 PM | ---- mAP 0.8970908710839778
03/13 02:33:30 PM | <<<---->>> [Epoch 107/140, Batch 97/98] <<<---->>>
<<--ETA: 0:00:00		<<--LR: 1.25e-05	<<--Train Epoch Total loss:0.10237110562014337
03/13 02:33:30 PM | 
---- Evaluating Model ----
03/13 02:33:38 PM | +-------+------------+---------+
| Index | Class name | AP      |
+-------+------------+---------+
| 0     | ship       | 0.89954 |
+-------+------------+---------+
03/13 02:33:38 PM | ---- mAP 0.8995447791588397
03/13 02:34:40 PM | <<<---->>> [Epoch 108/140, Batch 97/98] <<<---->>>
<<--ETA: 0:00:00		<<--LR: 1.25e-05	<<--Train Epoch Total loss:0.09411956050566264
03/13 02:34:40 PM | 
---- Evaluating Model ----
03/13 02:34:48 PM | +-------+------------+---------+
| Index | Class name | AP      |
+-------+------------+---------+
| 0     | ship       | 0.89528 |
+-------+------------+---------+
03/13 02:34:48 PM | ---- mAP 0.8952823912888902
03/13 02:35:50 PM | <<<---->>> [Epoch 109/140, Batch 97/98] <<<---->>>
<<--ETA: 0:00:00		<<--LR: 1.25e-05	<<--Train Epoch Total loss:0.09225276800594767
03/13 02:35:50 PM | 
---- Evaluating Model ----
03/13 02:35:58 PM | +-------+------------+---------+
| Index | Class name | AP      |
+-------+------------+---------+
| 0     | ship       | 0.89049 |
+-------+------------+---------+
03/13 02:35:58 PM | ---- mAP 0.8904932319852711
03/13 02:37:01 PM | <<<---->>> [Epoch 110/140, Batch 97/98] <<<---->>>
<<--ETA: 0:00:00		<<--LR: 1.25e-05	<<--Train Epoch Total loss:0.09146350759024523
03/13 02:37:01 PM | 
---- Evaluating Model ----
03/13 02:37:08 PM | +-------+------------+---------+
| Index | Class name | AP      |
+-------+------------+---------+
| 0     | ship       | 0.89351 |
+-------+------------+---------+
03/13 02:37:08 PM | ---- mAP 0.8935086099832272
03/13 02:38:10 PM | <<<---->>> [Epoch 111/140, Batch 97/98] <<<---->>>
<<--ETA: 0:00:00		<<--LR: 1.25e-05	<<--Train Epoch Total loss:0.08533653259581449
03/13 02:38:10 PM | 
---- Evaluating Model ----
03/13 02:38:18 PM | +-------+------------+---------+
| Index | Class name | AP      |
+-------+------------+---------+
| 0     | ship       | 0.89583 |
+-------+------------+---------+
03/13 02:38:18 PM | ---- mAP 0.8958320171869396
03/13 02:39:20 PM | <<<---->>> [Epoch 112/140, Batch 97/98] <<<---->>>
<<--ETA: 0:00:00		<<--LR: 1.25e-05	<<--Train Epoch Total loss:0.08545019565036102
03/13 02:39:20 PM | 
---- Evaluating Model ----
03/13 02:39:28 PM | +-------+------------+---------+
| Index | Class name | AP      |
+-------+------------+---------+
| 0     | ship       | 0.89008 |
+-------+------------+---------+
03/13 02:39:28 PM | ---- mAP 0.8900781774779665
03/13 02:40:30 PM | <<<---->>> [Epoch 113/140, Batch 97/98] <<<---->>>
<<--ETA: 0:00:00		<<--LR: 1.25e-05	<<--Train Epoch Total loss:0.07909417414695633
03/13 02:40:30 PM | 
---- Evaluating Model ----
03/13 02:40:38 PM | +-------+------------+---------+
| Index | Class name | AP      |
+-------+------------+---------+
| 0     | ship       | 0.90145 |
+-------+------------+---------+
03/13 02:40:38 PM | ---- mAP 0.9014515795025673
03/13 02:41:40 PM | <<<---->>> [Epoch 114/140, Batch 97/98] <<<---->>>
<<--ETA: 0:00:00		<<--LR: 1.25e-05	<<--Train Epoch Total loss:0.08040769314583467
03/13 02:41:40 PM | 
---- Evaluating Model ----
03/13 02:41:48 PM | +-------+------------+---------+
| Index | Class name | AP      |
+-------+------------+---------+
| 0     | ship       | 0.90095 |
+-------+------------+---------+
03/13 02:41:48 PM | ---- mAP 0.9009462819027008
03/13 02:42:50 PM | <<<---->>> [Epoch 115/140, Batch 97/98] <<<---->>>
<<--ETA: 0:00:00		<<--LR: 1.25e-05	<<--Train Epoch Total loss:0.07942957050946294
03/13 02:42:50 PM | 
---- Evaluating Model ----
03/13 02:42:58 PM | +-------+------------+---------+
| Index | Class name | AP      |
+-------+------------+---------+
| 0     | ship       | 0.89752 |
+-------+------------+---------+
03/13 02:42:58 PM | ---- mAP 0.8975165281106765
03/13 02:44:00 PM | <<<---->>> [Epoch 116/140, Batch 97/98] <<<---->>>
<<--ETA: 0:00:00		<<--LR: 1.25e-05	<<--Train Epoch Total loss:0.07747131179333949
03/13 02:44:00 PM | 
---- Evaluating Model ----
03/13 02:44:08 PM | +-------+------------+---------+
| Index | Class name | AP      |
+-------+------------+---------+
| 0     | ship       | 0.89457 |
+-------+------------+---------+
03/13 02:44:08 PM | ---- mAP 0.8945707544507056
03/13 02:45:10 PM | <<<---->>> [Epoch 117/140, Batch 97/98] <<<---->>>
<<--ETA: 0:00:00		<<--LR: 1.25e-05	<<--Train Epoch Total loss:0.07509385725977469
03/13 02:45:10 PM | 
---- Evaluating Model ----
03/13 02:45:18 PM | +-------+------------+---------+
| Index | Class name | AP      |
+-------+------------+---------+
| 0     | ship       | 0.90002 |
+-------+------------+---------+
03/13 02:45:18 PM | ---- mAP 0.9000166450341692
03/13 02:46:21 PM | <<<---->>> [Epoch 118/140, Batch 97/98] <<<---->>>
<<--ETA: 0:00:00		<<--LR: 1.25e-05	<<--Train Epoch Total loss:0.0691827936668177
03/13 02:46:21 PM | 
---- Evaluating Model ----
03/13 02:46:28 PM | +-------+------------+---------+
| Index | Class name | AP      |
+-------+------------+---------+
| 0     | ship       | 0.89419 |
+-------+------------+---------+
03/13 02:46:28 PM | ---- mAP 0.8941851492239516
03/13 02:47:31 PM | <<<---->>> [Epoch 119/140, Batch 97/98] <<<---->>>
<<--ETA: 0:00:00		<<--LR: 1.25e-05	<<--Train Epoch Total loss:0.06870260416549079
03/13 02:47:31 PM | 
---- Evaluating Model ----
03/13 02:47:38 PM | +-------+------------+---------+
| Index | Class name | AP      |
+-------+------------+---------+
| 0     | ship       | 0.90372 |
+-------+------------+---------+
03/13 02:47:38 PM | ---- mAP 0.9037203735682752
03/13 02:48:41 PM | <<<---->>> [Epoch 120/140, Batch 97/98] <<<---->>>
<<--ETA: 0:00:00		<<--LR: 1.2500000000000002e-07	<<--Train Epoch Total loss:0.06462170803273211
03/13 02:48:41 PM | 
---- Evaluating Model ----
03/13 02:48:48 PM | +-------+------------+---------+
| Index | Class name | AP      |
+-------+------------+---------+
| 0     | ship       | 0.89940 |
+-------+------------+---------+
03/13 02:48:48 PM | ---- mAP 0.8994008212448665
03/13 02:49:51 PM | <<<---->>> [Epoch 121/140, Batch 97/98] <<<---->>>
<<--ETA: 0:00:00		<<--LR: 1.25e-06	<<--Train Epoch Total loss:0.06800315951054194
03/13 02:49:51 PM | 
---- Evaluating Model ----
03/13 02:49:59 PM | +-------+------------+---------+
| Index | Class name | AP      |
+-------+------------+---------+
| 0     | ship       | 0.90292 |
+-------+------------+---------+
03/13 02:49:59 PM | ---- mAP 0.9029162157596684
03/13 02:51:01 PM | <<<---->>> [Epoch 122/140, Batch 97/98] <<<---->>>
<<--ETA: 0:00:00		<<--LR: 1.25e-06	<<--Train Epoch Total loss:0.06641823661570646
03/13 02:51:01 PM | 
---- Evaluating Model ----
03/13 02:51:09 PM | +-------+------------+---------+
| Index | Class name | AP      |
+-------+------------+---------+
| 0     | ship       | 0.90287 |
+-------+------------+---------+
03/13 02:51:09 PM | ---- mAP 0.9028737521982773
03/13 02:52:11 PM | <<<---->>> [Epoch 123/140, Batch 97/98] <<<---->>>
<<--ETA: 0:00:00		<<--LR: 1.25e-06	<<--Train Epoch Total loss:0.06489997425553751
03/13 02:52:11 PM | 
---- Evaluating Model ----
03/13 02:52:19 PM | +-------+------------+---------+
| Index | Class name | AP      |
+-------+------------+---------+
| 0     | ship       | 0.90243 |
+-------+------------+---------+
03/13 02:52:19 PM | ---- mAP 0.9024277927442776
03/13 02:53:22 PM | <<<---->>> [Epoch 124/140, Batch 97/98] <<<---->>>
<<--ETA: 0:00:00		<<--LR: 1.25e-06	<<--Train Epoch Total loss:0.06469612370948402
03/13 02:53:22 PM | 
---- Evaluating Model ----
03/13 02:53:29 PM | +-------+------------+---------+
| Index | Class name | AP      |
+-------+------------+---------+
| 0     | ship       | 0.90248 |
+-------+------------+---------+
03/13 02:53:29 PM | ---- mAP 0.9024750204790414
03/13 02:54:32 PM | <<<---->>> [Epoch 125/140, Batch 97/98] <<<---->>>
<<--ETA: 0:00:00		<<--LR: 1.25e-06	<<--Train Epoch Total loss:0.064447926471428
03/13 02:54:32 PM | 
---- Evaluating Model ----
03/13 02:54:39 PM | +-------+------------+---------+
| Index | Class name | AP      |
+-------+------------+---------+
| 0     | ship       | 0.90228 |
+-------+------------+---------+
03/13 02:54:39 PM | ---- mAP 0.902281502156751
03/13 02:55:43 PM | <<<---->>> [Epoch 126/140, Batch 97/98] <<<---->>>
<<--ETA: 0:00:00		<<--LR: 1.25e-06	<<--Train Epoch Total loss:0.06620573153605266
03/13 02:55:43 PM | 
---- Evaluating Model ----
03/13 02:55:50 PM | +-------+------------+---------+
| Index | Class name | AP      |
+-------+------------+---------+
| 0     | ship       | 0.90291 |
+-------+------------+---------+
03/13 02:55:50 PM | ---- mAP 0.9029111516165451
03/13 02:56:53 PM | <<<---->>> [Epoch 127/140, Batch 97/98] <<<---->>>
<<--ETA: 0:00:00		<<--LR: 1.25e-06	<<--Train Epoch Total loss:0.06643621380231818
03/13 02:56:53 PM | 
---- Evaluating Model ----
03/13 02:57:00 PM | +-------+------------+---------+
| Index | Class name | AP      |
+-------+------------+---------+
| 0     | ship       | 0.90380 |
+-------+------------+---------+
03/13 02:57:00 PM | ---- mAP 0.9038023397449321
03/13 02:58:04 PM | <<<---->>> [Epoch 128/140, Batch 97/98] <<<---->>>
<<--ETA: 0:00:00		<<--LR: 1.25e-06	<<--Train Epoch Total loss:0.06574503549051527
03/13 02:58:04 PM | 
---- Evaluating Model ----
03/13 02:58:11 PM | +-------+------------+---------+
| Index | Class name | AP      |
+-------+------------+---------+
| 0     | ship       | 0.89979 |
+-------+------------+---------+
03/13 02:58:11 PM | ---- mAP 0.8997860902642296
03/13 02:59:14 PM | <<<---->>> [Epoch 129/140, Batch 97/98] <<<---->>>
<<--ETA: 0:00:00		<<--LR: 1.25e-06	<<--Train Epoch Total loss:0.06321986536590421
03/13 02:59:14 PM | 
---- Evaluating Model ----
03/13 02:59:21 PM | +-------+------------+---------+
| Index | Class name | AP      |
+-------+------------+---------+
| 0     | ship       | 0.90084 |
+-------+------------+---------+
03/13 02:59:21 PM | ---- mAP 0.9008436740313277
03/13 03:00:25 PM | <<<---->>> [Epoch 130/140, Batch 97/98] <<<---->>>
<<--ETA: 0:00:00		<<--LR: 1.25e-06	<<--Train Epoch Total loss:0.06379602720238725
03/13 03:00:25 PM | 
---- Evaluating Model ----
03/13 03:00:32 PM | +-------+------------+---------+
| Index | Class name | AP      |
+-------+------------+---------+
| 0     | ship       | 0.90297 |
+-------+------------+---------+
03/13 03:00:32 PM | ---- mAP 0.9029709786167163
03/13 03:01:35 PM | <<<---->>> [Epoch 131/140, Batch 97/98] <<<---->>>
<<--ETA: 0:00:00		<<--LR: 1.25e-06	<<--Train Epoch Total loss:0.06338073069951972
03/13 03:01:35 PM | 
---- Evaluating Model ----
03/13 03:01:42 PM | +-------+------------+---------+
| Index | Class name | AP      |
+-------+------------+---------+
| 0     | ship       | 0.89921 |
+-------+------------+---------+
03/13 03:01:42 PM | ---- mAP 0.8992142748297098
03/13 03:02:46 PM | <<<---->>> [Epoch 132/140, Batch 97/98] <<<---->>>
<<--ETA: 0:00:00		<<--LR: 1.25e-06	<<--Train Epoch Total loss:0.06260986751591673
03/13 03:02:46 PM | 
---- Evaluating Model ----
03/13 03:02:53 PM | +-------+------------+---------+
| Index | Class name | AP      |
+-------+------------+---------+
| 0     | ship       | 0.90120 |
+-------+------------+---------+
03/13 03:02:53 PM | ---- mAP 0.9012008168297403
03/13 03:03:56 PM | <<<---->>> [Epoch 133/140, Batch 97/98] <<<---->>>
<<--ETA: 0:00:00		<<--LR: 1.25e-06	<<--Train Epoch Total loss:0.06354139954307858
03/13 03:03:56 PM | 
---- Evaluating Model ----
03/13 03:04:03 PM | +-------+------------+---------+
| Index | Class name | AP      |
+-------+------------+---------+
| 0     | ship       | 0.90336 |
+-------+------------+---------+
03/13 03:04:03 PM | ---- mAP 0.9033623929546516
03/13 03:05:07 PM | <<<---->>> [Epoch 134/140, Batch 97/98] <<<---->>>
<<--ETA: 0:00:00		<<--LR: 1.25e-06	<<--Train Epoch Total loss:0.05939131739492319
03/13 03:05:07 PM | 
---- Evaluating Model ----
03/13 03:05:14 PM | +-------+------------+---------+
| Index | Class name | AP      |
+-------+------------+---------+
| 0     | ship       | 0.90250 |
+-------+------------+---------+
03/13 03:05:14 PM | ---- mAP 0.9024968634090622
03/13 03:06:17 PM | <<<---->>> [Epoch 135/140, Batch 97/98] <<<---->>>
<<--ETA: 0:00:00		<<--LR: 1.25e-06	<<--Train Epoch Total loss:0.06269126012921333
03/13 03:06:17 PM | 
---- Evaluating Model ----
03/13 03:06:24 PM | +-------+------------+---------+
| Index | Class name | AP      |
+-------+------------+---------+
| 0     | ship       | 0.89873 |
+-------+------------+---------+
03/13 03:06:24 PM | ---- mAP 0.8987301948986596
03/13 03:07:28 PM | <<<---->>> [Epoch 136/140, Batch 97/98] <<<---->>>
<<--ETA: 0:00:00		<<--LR: 1.25e-06	<<--Train Epoch Total loss:0.06319141836494815
03/13 03:07:28 PM | 
---- Evaluating Model ----
03/13 03:07:35 PM | +-------+------------+---------+
| Index | Class name | AP      |
+-------+------------+---------+
| 0     | ship       | 0.90345 |
+-------+------------+---------+
03/13 03:07:35 PM | ---- mAP 0.9034538793649054
03/13 03:12:20 PM | <<<---->>> [Epoch 0/140, Batch 97/98] <<<---->>>
<<--ETA: 0:00:00		<<--LR: 0.000125	<<--Train Epoch Total loss:99.35936133715572
03/13 03:12:20 PM | 
---- Evaluating Model ----
03/13 03:15:10 PM | <<<---->>> [Epoch 0/140, Batch 97/98] <<<---->>>
<<--ETA: 0:00:00		<<--LR: 0.000125	<<--Train Epoch Total loss:109.37544631958008
03/13 03:15:10 PM | 
---- Evaluating Model ----
03/13 03:15:18 PM | +-------+------------+---------+
| Index | Class name | AP      |
+-------+------------+---------+
| 0     | ship       | 0.01453 |
+-------+------------+---------+
03/13 03:15:18 PM | ---- mAP 0.014527013907067943
03/13 03:16:19 PM | <<<---->>> [Epoch 1/140, Batch 97/98] <<<---->>>
<<--ETA: 0:00:00		<<--LR: 0.000125	<<--Train Epoch Total loss:34.60783495221819
03/13 03:16:19 PM | 
---- Evaluating Model ----
03/13 03:16:28 PM | +-------+------------+---------+
| Index | Class name | AP      |
+-------+------------+---------+
| 0     | ship       | 0.10544 |
+-------+------------+---------+
03/13 03:16:28 PM | ---- mAP 0.1054417275137224
03/13 03:17:27 PM | <<<---->>> [Epoch 2/140, Batch 97/98] <<<---->>>
<<--ETA: 0:00:00		<<--LR: 0.000125	<<--Train Epoch Total loss:20.446213897393676
03/13 03:17:27 PM | 
---- Evaluating Model ----
