03/15 04:50:11 PM | <<<---->>> [Epoch 0/140, Batch 4381/4382] <<<---->>>
<<--ETA: 0:00:00		<<--LR: 0.000125	<<--Train Epoch Total loss:7.8779013674860945
03/15 04:50:11 PM | 
---- Evaluating Model ----
03/15 04:51:47 PM | +-------+------------+---------+
| Index | Class name | AP      |
+-------+------------+---------+
| 0     | ship       | 0.86762 |
+-------+------------+---------+
03/15 04:51:47 PM | ---- mAP 0.867622003544461
03/15 05:32:56 PM | <<<---->>> [Epoch 1/140, Batch 4381/4382] <<<---->>>
<<--ETA: 0:00:00		<<--LR: 0.000125	<<--Train Epoch Total loss:2.8180456008202732
03/15 05:32:56 PM | 
---- Evaluating Model ----
03/15 05:34:32 PM | +-------+------------+---------+
| Index | Class name | AP      |
+-------+------------+---------+
| 0     | ship       | 0.87095 |
+-------+------------+---------+
03/15 05:34:32 PM | ---- mAP 0.8709532993297133
03/15 06:15:38 PM | <<<---->>> [Epoch 2/140, Batch 4381/4382] <<<---->>>
<<--ETA: 0:00:00		<<--LR: 0.000125	<<--Train Epoch Total loss:2.5375822964921384
03/15 06:15:38 PM | 
---- Evaluating Model ----
03/15 06:17:14 PM | +-------+------------+---------+
| Index | Class name | AP      |
+-------+------------+---------+
| 0     | ship       | 0.87393 |
+-------+------------+---------+
03/15 06:17:14 PM | ---- mAP 0.8739344292697124
03/15 06:58:17 PM | <<<---->>> [Epoch 3/140, Batch 4381/4382] <<<---->>>
<<--ETA: 0:00:00		<<--LR: 0.000125	<<--Train Epoch Total loss:2.2774619021572406
03/15 06:58:17 PM | 
---- Evaluating Model ----
03/15 06:59:52 PM | +-------+------------+---------+
| Index | Class name | AP      |
+-------+------------+---------+
| 0     | ship       | 0.88860 |
+-------+------------+---------+
03/15 06:59:52 PM | ---- mAP 0.8886023945119046
03/15 07:40:58 PM | <<<---->>> [Epoch 4/140, Batch 4381/4382] <<<---->>>
<<--ETA: 0:00:00		<<--LR: 0.000125	<<--Train Epoch Total loss:2.055223929880689
03/15 07:40:58 PM | 
---- Evaluating Model ----
03/15 07:42:37 PM | +-------+------------+---------+
| Index | Class name | AP      |
+-------+------------+---------+
| 0     | ship       | 0.89867 |
+-------+------------+---------+
03/15 07:42:37 PM | ---- mAP 0.898667764291802
03/15 08:23:41 PM | <<<---->>> [Epoch 5/140, Batch 4381/4382] <<<---->>>
<<--ETA: 0:00:00		<<--LR: 0.000125	<<--Train Epoch Total loss:1.8448535334106342
03/15 08:23:41 PM | 
---- Evaluating Model ----
03/15 08:25:16 PM | +-------+------------+---------+
| Index | Class name | AP      |
+-------+------------+---------+
| 0     | ship       | 0.90790 |
+-------+------------+---------+
03/15 08:25:16 PM | ---- mAP 0.9078975771525821
03/15 09:06:22 PM | <<<---->>> [Epoch 6/140, Batch 4381/4382] <<<---->>>
<<--ETA: 0:00:00		<<--LR: 0.000125	<<--Train Epoch Total loss:1.6768921354980242
03/15 09:06:22 PM | 
---- Evaluating Model ----
03/15 09:07:58 PM | +-------+------------+---------+
| Index | Class name | AP      |
+-------+------------+---------+
| 0     | ship       | 0.91451 |
+-------+------------+---------+
03/15 09:07:58 PM | ---- mAP 0.914507667570796
03/15 09:49:01 PM | <<<---->>> [Epoch 7/140, Batch 4381/4382] <<<---->>>
<<--ETA: 0:00:00		<<--LR: 0.000125	<<--Train Epoch Total loss:1.535358265049106
03/15 09:49:01 PM | 
---- Evaluating Model ----
03/15 09:50:36 PM | +-------+------------+---------+
| Index | Class name | AP      |
+-------+------------+---------+
| 0     | ship       | 0.91297 |
+-------+------------+---------+
03/15 09:50:36 PM | ---- mAP 0.9129706352082169
03/15 10:31:40 PM | <<<---->>> [Epoch 8/140, Batch 4381/4382] <<<---->>>
<<--ETA: 0:00:00		<<--LR: 0.000125	<<--Train Epoch Total loss:1.425485870987517
03/15 10:31:40 PM | 
---- Evaluating Model ----
03/15 10:33:18 PM | +-------+------------+---------+
| Index | Class name | AP      |
+-------+------------+---------+
| 0     | ship       | 0.92148 |
+-------+------------+---------+
03/15 10:33:18 PM | ---- mAP 0.9214844906926378
03/15 11:14:21 PM | <<<---->>> [Epoch 9/140, Batch 4381/4382] <<<---->>>
<<--ETA: 0:00:00		<<--LR: 0.000125	<<--Train Epoch Total loss:1.339493547799597
03/15 11:14:21 PM | 
---- Evaluating Model ----
03/15 11:15:56 PM | +-------+------------+---------+
| Index | Class name | AP      |
+-------+------------+---------+
| 0     | ship       | 0.92672 |
+-------+------------+---------+
03/15 11:15:56 PM | ---- mAP 0.9267215436623999
03/15 11:56:59 PM | <<<---->>> [Epoch 10/140, Batch 4381/4382] <<<---->>>
<<--ETA: 0:00:00		<<--LR: 0.000125	<<--Train Epoch Total loss:1.2543656281593019
03/15 11:56:59 PM | 
---- Evaluating Model ----
03/15 11:58:35 PM | +-------+------------+---------+
| Index | Class name | AP      |
+-------+------------+---------+
| 0     | ship       | 0.92524 |
+-------+------------+---------+
03/15 11:58:35 PM | ---- mAP 0.9252414824110229
03/16 12:39:37 AM | <<<---->>> [Epoch 11/140, Batch 4381/4382] <<<---->>>
<<--ETA: 0:00:00		<<--LR: 0.000125	<<--Train Epoch Total loss:1.1874511677385846
03/16 12:39:37 AM | 
---- Evaluating Model ----
03/16 12:41:12 AM | +-------+------------+---------+
| Index | Class name | AP      |
+-------+------------+---------+
| 0     | ship       | 0.92809 |
+-------+------------+---------+
03/16 12:41:12 AM | ---- mAP 0.9280884204101254
03/16 01:22:16 AM | <<<---->>> [Epoch 12/140, Batch 4381/4382] <<<---->>>
<<--ETA: 0:00:00		<<--LR: 0.000125	<<--Train Epoch Total loss:1.136351444803107
03/16 01:22:16 AM | 
---- Evaluating Model ----
03/16 01:23:51 AM | +-------+------------+---------+
| Index | Class name | AP      |
+-------+------------+---------+
| 0     | ship       | 0.92897 |
+-------+------------+---------+
03/16 01:23:51 AM | ---- mAP 0.9289707666510343
03/16 02:04:55 AM | <<<---->>> [Epoch 13/140, Batch 4381/4382] <<<---->>>
<<--ETA: 0:00:00		<<--LR: 0.000125	<<--Train Epoch Total loss:1.0795051507253943
03/16 02:04:55 AM | 
---- Evaluating Model ----
03/16 02:06:33 AM | +-------+------------+---------+
| Index | Class name | AP      |
+-------+------------+---------+
| 0     | ship       | 0.93185 |
+-------+------------+---------+
03/16 02:06:33 AM | ---- mAP 0.9318477868113668
03/16 02:47:41 AM | <<<---->>> [Epoch 14/140, Batch 4381/4382] <<<---->>>
<<--ETA: 0:00:00		<<--LR: 0.000125	<<--Train Epoch Total loss:1.0523744103082615
03/16 02:47:41 AM | 
---- Evaluating Model ----
03/16 02:49:16 AM | +-------+------------+---------+
| Index | Class name | AP      |
+-------+------------+---------+
| 0     | ship       | 0.92673 |
+-------+------------+---------+
03/16 02:49:16 AM | ---- mAP 0.9267277678591742
03/16 03:30:19 AM | <<<---->>> [Epoch 15/140, Batch 4381/4382] <<<---->>>
<<--ETA: 0:00:00		<<--LR: 0.000125	<<--Train Epoch Total loss:0.9920993744374845
03/16 03:30:19 AM | 
---- Evaluating Model ----
03/16 03:31:57 AM | +-------+------------+---------+
| Index | Class name | AP      |
+-------+------------+---------+
| 0     | ship       | 0.93515 |
+-------+------------+---------+
03/16 03:31:57 AM | ---- mAP 0.9351492053227355
03/16 04:13:00 AM | <<<---->>> [Epoch 16/140, Batch 4381/4382] <<<---->>>
<<--ETA: 0:00:00		<<--LR: 0.000125	<<--Train Epoch Total loss:0.9669886004470463
03/16 04:13:00 AM | 
---- Evaluating Model ----
03/16 04:14:38 AM | +-------+------------+---------+
| Index | Class name | AP      |
+-------+------------+---------+
| 0     | ship       | 0.92706 |
+-------+------------+---------+
03/16 04:14:38 AM | ---- mAP 0.9270556139803956
03/16 04:55:42 AM | <<<---->>> [Epoch 17/140, Batch 4381/4382] <<<---->>>
<<--ETA: 0:00:00		<<--LR: 0.000125	<<--Train Epoch Total loss:0.9291783591952568
03/16 04:55:42 AM | 
---- Evaluating Model ----
03/16 04:57:20 AM | +-------+------------+---------+
| Index | Class name | AP      |
+-------+------------+---------+
| 0     | ship       | 0.92559 |
+-------+------------+---------+
03/16 04:57:20 AM | ---- mAP 0.925591969290794
03/16 05:38:21 AM | <<<---->>> [Epoch 18/140, Batch 4381/4382] <<<---->>>
<<--ETA: 0:00:00		<<--LR: 0.000125	<<--Train Epoch Total loss:0.8965825612471018
03/16 05:38:21 AM | 
---- Evaluating Model ----
03/16 05:39:59 AM | +-------+------------+---------+
| Index | Class name | AP      |
+-------+------------+---------+
| 0     | ship       | 0.94021 |
+-------+------------+---------+
03/16 05:39:59 AM | ---- mAP 0.9402100965258197
03/16 06:21:01 AM | <<<---->>> [Epoch 19/140, Batch 4381/4382] <<<---->>>
<<--ETA: 0:00:00		<<--LR: 0.000125	<<--Train Epoch Total loss:0.8736437195746227
03/16 06:21:01 AM | 
---- Evaluating Model ----
03/16 06:22:36 AM | +-------+------------+---------+
| Index | Class name | AP      |
+-------+------------+---------+
| 0     | ship       | 0.93915 |
+-------+------------+---------+
03/16 06:22:36 AM | ---- mAP 0.9391525060888619
03/16 07:03:38 AM | <<<---->>> [Epoch 20/140, Batch 4381/4382] <<<---->>>
<<--ETA: 0:00:00		<<--LR: 0.000125	<<--Train Epoch Total loss:0.8267768812759018
03/16 07:03:38 AM | 
---- Evaluating Model ----
03/16 07:05:12 AM | +-------+------------+---------+
| Index | Class name | AP      |
+-------+------------+---------+
| 0     | ship       | 0.93903 |
+-------+------------+---------+
03/16 07:05:12 AM | ---- mAP 0.9390285650864686
03/16 07:46:14 AM | <<<---->>> [Epoch 21/140, Batch 4381/4382] <<<---->>>
<<--ETA: 0:00:00		<<--LR: 0.000125	<<--Train Epoch Total loss:0.8218330784863612
03/16 07:46:14 AM | 
---- Evaluating Model ----
03/16 07:47:49 AM | +-------+------------+---------+
| Index | Class name | AP      |
+-------+------------+---------+
| 0     | ship       | 0.94341 |
+-------+------------+---------+
03/16 07:47:49 AM | ---- mAP 0.943407627295384
03/16 08:28:49 AM | <<<---->>> [Epoch 22/140, Batch 4381/4382] <<<---->>>
<<--ETA: 0:00:00		<<--LR: 0.000125	<<--Train Epoch Total loss:0.7783387716177771
03/16 08:28:49 AM | 
---- Evaluating Model ----
03/16 08:30:24 AM | +-------+------------+---------+
| Index | Class name | AP      |
+-------+------------+---------+
| 0     | ship       | 0.94032 |
+-------+------------+---------+
03/16 08:30:24 AM | ---- mAP 0.9403248492672575
03/16 09:11:22 AM | <<<---->>> [Epoch 23/140, Batch 4381/4382] <<<---->>>
<<--ETA: 0:00:00		<<--LR: 0.000125	<<--Train Epoch Total loss:0.7807959430106749
03/16 09:11:22 AM | 
---- Evaluating Model ----
03/16 09:12:57 AM | +-------+------------+---------+
| Index | Class name | AP      |
+-------+------------+---------+
| 0     | ship       | 0.94596 |
+-------+------------+---------+
03/16 09:12:57 AM | ---- mAP 0.9459564213878091
03/16 09:53:59 AM | <<<---->>> [Epoch 24/140, Batch 4381/4382] <<<---->>>
<<--ETA: 0:00:00		<<--LR: 0.000125	<<--Train Epoch Total loss:0.7529679054759072
03/16 09:53:59 AM | 
---- Evaluating Model ----
03/16 09:55:37 AM | +-------+------------+---------+
| Index | Class name | AP      |
+-------+------------+---------+
| 0     | ship       | 0.94194 |
+-------+------------+---------+
03/16 09:55:37 AM | ---- mAP 0.9419434927739097
03/16 10:36:36 AM | <<<---->>> [Epoch 25/140, Batch 4381/4382] <<<---->>>
<<--ETA: 0:00:00		<<--LR: 0.000125	<<--Train Epoch Total loss:0.7307990440892227
03/16 10:36:36 AM | 
---- Evaluating Model ----
03/16 10:38:11 AM | +-------+------------+---------+
| Index | Class name | AP      |
+-------+------------+---------+
| 0     | ship       | 0.94419 |
+-------+------------+---------+
03/16 10:38:11 AM | ---- mAP 0.9441898116688514
03/16 11:19:12 AM | <<<---->>> [Epoch 26/140, Batch 4381/4382] <<<---->>>
<<--ETA: 0:00:00		<<--LR: 0.000125	<<--Train Epoch Total loss:0.7020872327316737
03/16 11:19:12 AM | 
---- Evaluating Model ----
03/16 11:20:47 AM | +-------+------------+---------+
| Index | Class name | AP      |
+-------+------------+---------+
| 0     | ship       | 0.94405 |
+-------+------------+---------+
03/16 11:20:47 AM | ---- mAP 0.944045052574515
03/16 12:01:47 PM | <<<---->>> [Epoch 27/140, Batch 4381/4382] <<<---->>>
<<--ETA: 0:00:00		<<--LR: 0.000125	<<--Train Epoch Total loss:0.6938703127718853
03/16 12:01:47 PM | 
---- Evaluating Model ----
03/16 12:03:24 PM | +-------+------------+---------+
| Index | Class name | AP      |
+-------+------------+---------+
| 0     | ship       | 0.93812 |
+-------+------------+---------+
03/16 12:03:24 PM | ---- mAP 0.9381187998787446
03/16 12:44:25 PM | <<<---->>> [Epoch 28/140, Batch 4381/4382] <<<---->>>
<<--ETA: 0:00:00		<<--LR: 0.000125	<<--Train Epoch Total loss:0.681924435709204
03/16 12:44:25 PM | 
---- Evaluating Model ----
03/16 12:46:00 PM | +-------+------------+---------+
| Index | Class name | AP      |
+-------+------------+---------+
| 0     | ship       | 0.94094 |
+-------+------------+---------+
03/16 12:46:00 PM | ---- mAP 0.9409416444089385
03/16 01:27:01 PM | <<<---->>> [Epoch 29/140, Batch 4381/4382] <<<---->>>
<<--ETA: 0:00:00		<<--LR: 0.000125	<<--Train Epoch Total loss:0.6483483647018848
03/16 01:27:01 PM | 
---- Evaluating Model ----
03/16 01:28:38 PM | +-------+------------+---------+
| Index | Class name | AP      |
+-------+------------+---------+
| 0     | ship       | 0.93514 |
+-------+------------+---------+
03/16 01:28:38 PM | ---- mAP 0.9351433904703542
03/16 02:09:39 PM | <<<---->>> [Epoch 30/140, Batch 4381/4382] <<<---->>>
<<--ETA: 0:00:00		<<--LR: 0.000125	<<--Train Epoch Total loss:0.6395668750352536
03/16 02:09:39 PM | 
---- Evaluating Model ----
03/16 02:11:17 PM | +-------+------------+---------+
| Index | Class name | AP      |
+-------+------------+---------+
| 0     | ship       | 0.93978 |
+-------+------------+---------+
03/16 02:11:17 PM | ---- mAP 0.9397836949425156
03/16 02:52:21 PM | <<<---->>> [Epoch 31/140, Batch 4381/4382] <<<---->>>
<<--ETA: 0:00:00		<<--LR: 0.000125	<<--Train Epoch Total loss:0.6309574747441947
03/16 02:52:21 PM | 
---- Evaluating Model ----
03/16 02:53:55 PM | +-------+------------+---------+
| Index | Class name | AP      |
+-------+------------+---------+
| 0     | ship       | 0.94653 |
+-------+------------+---------+
03/16 02:53:55 PM | ---- mAP 0.9465255249691615
03/16 03:34:56 PM | <<<---->>> [Epoch 32/140, Batch 4381/4382] <<<---->>>
<<--ETA: 0:00:00		<<--LR: 0.000125	<<--Train Epoch Total loss:0.6084932268026321
03/16 03:34:56 PM | 
---- Evaluating Model ----
03/16 03:36:31 PM | +-------+------------+---------+
| Index | Class name | AP      |
+-------+------------+---------+
| 0     | ship       | 0.94161 |
+-------+------------+---------+
03/16 03:36:31 PM | ---- mAP 0.941606701072873
03/16 04:17:34 PM | <<<---->>> [Epoch 33/140, Batch 4381/4382] <<<---->>>
<<--ETA: 0:00:00		<<--LR: 0.000125	<<--Train Epoch Total loss:0.6010981768009217
03/16 04:17:34 PM | 
---- Evaluating Model ----
03/16 04:19:08 PM | +-------+------------+---------+
| Index | Class name | AP      |
+-------+------------+---------+
| 0     | ship       | 0.94015 |
+-------+------------+---------+
03/16 04:19:08 PM | ---- mAP 0.940154305918594
03/16 05:00:12 PM | <<<---->>> [Epoch 34/140, Batch 4381/4382] <<<---->>>
<<--ETA: 0:00:00		<<--LR: 0.000125	<<--Train Epoch Total loss:0.5802982232951237
03/16 05:00:12 PM | 
---- Evaluating Model ----
03/16 05:01:47 PM | +-------+------------+---------+
| Index | Class name | AP      |
+-------+------------+---------+
| 0     | ship       | 0.94243 |
+-------+------------+---------+
03/16 05:01:47 PM | ---- mAP 0.9424260741115194
03/16 05:42:52 PM | <<<---->>> [Epoch 35/140, Batch 4381/4382] <<<---->>>
<<--ETA: 0:00:00		<<--LR: 0.000125	<<--Train Epoch Total loss:0.5799857211481595
03/16 05:42:52 PM | 
---- Evaluating Model ----
03/16 05:44:27 PM | +-------+------------+---------+
| Index | Class name | AP      |
+-------+------------+---------+
| 0     | ship       | 0.94063 |
+-------+------------+---------+
03/16 05:44:27 PM | ---- mAP 0.9406289587616192
03/16 06:25:30 PM | <<<---->>> [Epoch 36/140, Batch 4381/4382] <<<---->>>
<<--ETA: 0:00:00		<<--LR: 0.000125	<<--Train Epoch Total loss:0.5583866472415105
03/16 06:25:30 PM | 
---- Evaluating Model ----
03/16 06:27:05 PM | +-------+------------+---------+
| Index | Class name | AP      |
+-------+------------+---------+
| 0     | ship       | 0.94056 |
+-------+------------+---------+
03/16 06:27:05 PM | ---- mAP 0.9405621094180117
03/16 07:08:06 PM | <<<---->>> [Epoch 37/140, Batch 4381/4382] <<<---->>>
<<--ETA: 0:00:00		<<--LR: 0.000125	<<--Train Epoch Total loss:0.5630490193249754
03/16 07:08:06 PM | 
---- Evaluating Model ----
03/16 07:09:44 PM | +-------+------------+---------+
| Index | Class name | AP      |
+-------+------------+---------+
| 0     | ship       | 0.93539 |
+-------+------------+---------+
03/16 07:09:44 PM | ---- mAP 0.9353877408511595
03/16 07:50:45 PM | <<<---->>> [Epoch 38/140, Batch 4381/4382] <<<---->>>
<<--ETA: 0:00:00		<<--LR: 0.000125	<<--Train Epoch Total loss:0.5389439533530496
03/16 07:50:45 PM | 
---- Evaluating Model ----
03/16 07:52:20 PM | +-------+------------+---------+
| Index | Class name | AP      |
+-------+------------+---------+
| 0     | ship       | 0.92647 |
+-------+------------+---------+
03/16 07:52:20 PM | ---- mAP 0.9264708542220776
03/16 08:33:22 PM | <<<---->>> [Epoch 39/140, Batch 4381/4382] <<<---->>>
<<--ETA: 0:00:00		<<--LR: 0.000125	<<--Train Epoch Total loss:0.5310966761987648
03/16 08:33:22 PM | 
---- Evaluating Model ----
03/16 08:34:56 PM | +-------+------------+---------+
| Index | Class name | AP      |
+-------+------------+---------+
| 0     | ship       | 0.94024 |
+-------+------------+---------+
03/16 08:34:56 PM | ---- mAP 0.940237747446631
03/16 09:15:57 PM | <<<---->>> [Epoch 40/140, Batch 4381/4382] <<<---->>>
<<--ETA: 0:00:00		<<--LR: 0.000125	<<--Train Epoch Total loss:0.5217472588816009
03/16 09:15:57 PM | 
---- Evaluating Model ----
03/16 09:17:32 PM | +-------+------------+---------+
| Index | Class name | AP      |
+-------+------------+---------+
| 0     | ship       | 0.93705 |
+-------+------------+---------+
03/16 09:17:32 PM | ---- mAP 0.9370479725117422
03/16 09:58:34 PM | <<<---->>> [Epoch 41/140, Batch 4381/4382] <<<---->>>
<<--ETA: 0:00:00		<<--LR: 0.000125	<<--Train Epoch Total loss:0.5169184450204652
03/16 09:58:34 PM | 
---- Evaluating Model ----
03/16 10:00:12 PM | +-------+------------+---------+
| Index | Class name | AP      |
+-------+------------+---------+
| 0     | ship       | 0.94153 |
+-------+------------+---------+
03/16 10:00:12 PM | ---- mAP 0.9415318049784325
03/16 10:41:16 PM | <<<---->>> [Epoch 42/140, Batch 4381/4382] <<<---->>>
<<--ETA: 0:00:00		<<--LR: 0.000125	<<--Train Epoch Total loss:0.503917946571604
03/16 10:41:16 PM | 
---- Evaluating Model ----
03/16 10:42:51 PM | +-------+------------+---------+
| Index | Class name | AP      |
+-------+------------+---------+
| 0     | ship       | 0.94327 |
+-------+------------+---------+
03/16 10:42:51 PM | ---- mAP 0.9432691920090086
03/16 11:23:52 PM | <<<---->>> [Epoch 43/140, Batch 4381/4382] <<<---->>>
<<--ETA: 0:00:00		<<--LR: 0.000125	<<--Train Epoch Total loss:0.49874883442641066
03/16 11:23:52 PM | 
---- Evaluating Model ----
03/16 11:25:27 PM | +-------+------------+---------+
| Index | Class name | AP      |
+-------+------------+---------+
| 0     | ship       | 0.94343 |
+-------+------------+---------+
03/16 11:25:27 PM | ---- mAP 0.9434338193274879
03/17 12:06:27 AM | <<<---->>> [Epoch 44/140, Batch 4381/4382] <<<---->>>
<<--ETA: 0:00:00		<<--LR: 0.000125	<<--Train Epoch Total loss:0.4870436510699408
03/17 12:06:27 AM | 
---- Evaluating Model ----
03/17 12:08:01 AM | +-------+------------+---------+
| Index | Class name | AP      |
+-------+------------+---------+
| 0     | ship       | 0.94411 |
+-------+------------+---------+
03/17 12:08:01 AM | ---- mAP 0.9441139752747036
03/17 12:49:01 AM | <<<---->>> [Epoch 45/140, Batch 4381/4382] <<<---->>>
<<--ETA: 0:00:00		<<--LR: 0.000125	<<--Train Epoch Total loss:0.4822478540877619
03/17 12:49:01 AM | 
---- Evaluating Model ----
03/17 12:50:35 AM | +-------+------------+---------+
| Index | Class name | AP      |
+-------+------------+---------+
| 0     | ship       | 0.93377 |
+-------+------------+---------+
03/17 12:50:35 AM | ---- mAP 0.9337728621284207
03/17 01:31:36 AM | <<<---->>> [Epoch 46/140, Batch 4381/4382] <<<---->>>
<<--ETA: 0:00:00		<<--LR: 0.000125	<<--Train Epoch Total loss:0.4789677949521107
03/17 01:31:36 AM | 
---- Evaluating Model ----
03/17 01:33:11 AM | +-------+------------+---------+
| Index | Class name | AP      |
+-------+------------+---------+
| 0     | ship       | 0.94401 |
+-------+------------+---------+
03/17 01:33:11 AM | ---- mAP 0.9440084765350849
03/17 02:14:10 AM | <<<---->>> [Epoch 47/140, Batch 4381/4382] <<<---->>>
<<--ETA: 0:00:00		<<--LR: 0.000125	<<--Train Epoch Total loss:0.48296229877274965
03/17 02:14:10 AM | 
---- Evaluating Model ----
03/17 02:15:47 AM | +-------+------------+---------+
| Index | Class name | AP      |
+-------+------------+---------+
| 0     | ship       | 0.94498 |
+-------+------------+---------+
03/17 02:15:47 AM | ---- mAP 0.9449808572580719
03/17 02:56:46 AM | <<<---->>> [Epoch 48/140, Batch 4381/4382] <<<---->>>
<<--ETA: 0:00:00		<<--LR: 0.000125	<<--Train Epoch Total loss:0.4642735177906938
03/17 02:56:46 AM | 
---- Evaluating Model ----
03/17 02:58:21 AM | +-------+------------+---------+
| Index | Class name | AP      |
+-------+------------+---------+
| 0     | ship       | 0.94533 |
+-------+------------+---------+
03/17 02:58:21 AM | ---- mAP 0.9453257571277904
03/17 03:39:20 AM | <<<---->>> [Epoch 49/140, Batch 4381/4382] <<<---->>>
<<--ETA: 0:00:00		<<--LR: 0.000125	<<--Train Epoch Total loss:0.4565835769068482
03/17 03:39:20 AM | 
---- Evaluating Model ----
03/17 03:40:58 AM | +-------+------------+---------+
| Index | Class name | AP      |
+-------+------------+---------+
| 0     | ship       | 0.94439 |
+-------+------------+---------+
03/17 03:40:58 AM | ---- mAP 0.9443904500123517
03/17 04:21:58 AM | <<<---->>> [Epoch 50/140, Batch 4381/4382] <<<---->>>
<<--ETA: 0:00:00		<<--LR: 0.000125	<<--Train Epoch Total loss:0.46262013828887727
03/17 04:21:58 AM | 
---- Evaluating Model ----
03/17 04:23:33 AM | +-------+------------+---------+
| Index | Class name | AP      |
+-------+------------+---------+
| 0     | ship       | 0.93997 |
+-------+------------+---------+
03/17 04:23:33 AM | ---- mAP 0.9399667911606
03/17 05:04:34 AM | <<<---->>> [Epoch 51/140, Batch 4381/4382] <<<---->>>
<<--ETA: 0:00:00		<<--LR: 0.000125	<<--Train Epoch Total loss:0.4475516948061738
03/17 05:04:34 AM | 
---- Evaluating Model ----
03/17 05:06:12 AM | +-------+------------+---------+
| Index | Class name | AP      |
+-------+------------+---------+
| 0     | ship       | 0.93480 |
+-------+------------+---------+
03/17 05:06:12 AM | ---- mAP 0.9348036680496675
03/17 05:47:12 AM | <<<---->>> [Epoch 52/140, Batch 4381/4382] <<<---->>>
<<--ETA: 0:00:00		<<--LR: 0.000125	<<--Train Epoch Total loss:0.4423933304618451
03/17 05:47:12 AM | 
---- Evaluating Model ----
03/17 05:48:47 AM | +-------+------------+---------+
| Index | Class name | AP      |
+-------+------------+---------+
| 0     | ship       | 0.93879 |
+-------+------------+---------+
03/17 05:48:47 AM | ---- mAP 0.9387880694773231
03/17 06:29:46 AM | <<<---->>> [Epoch 53/140, Batch 4381/4382] <<<---->>>
<<--ETA: 0:00:00		<<--LR: 0.000125	<<--Train Epoch Total loss:0.4379755460008101
03/17 06:29:46 AM | 
---- Evaluating Model ----
03/17 06:31:20 AM | +-------+------------+---------+
| Index | Class name | AP      |
+-------+------------+---------+
| 0     | ship       | 0.94155 |
+-------+------------+---------+
03/17 06:31:20 AM | ---- mAP 0.9415548910377189
03/17 07:12:21 AM | <<<---->>> [Epoch 54/140, Batch 4381/4382] <<<---->>>
<<--ETA: 0:00:00		<<--LR: 0.000125	<<--Train Epoch Total loss:0.4337402599307295
03/17 07:12:21 AM | 
---- Evaluating Model ----
03/17 07:13:55 AM | +-------+------------+---------+
| Index | Class name | AP      |
+-------+------------+---------+
| 0     | ship       | 0.94382 |
+-------+------------+---------+
03/17 07:13:55 AM | ---- mAP 0.9438165813399049
03/17 07:54:55 AM | <<<---->>> [Epoch 55/140, Batch 4381/4382] <<<---->>>
<<--ETA: 0:00:00		<<--LR: 0.000125	<<--Train Epoch Total loss:0.4369601007671674
03/17 07:54:55 AM | 
---- Evaluating Model ----
03/17 07:56:33 AM | +-------+------------+---------+
| Index | Class name | AP      |
+-------+------------+---------+
| 0     | ship       | 0.94553 |
+-------+------------+---------+
03/17 07:56:33 AM | ---- mAP 0.9455303880473294
03/17 08:37:32 AM | <<<---->>> [Epoch 56/140, Batch 4381/4382] <<<---->>>
<<--ETA: 0:00:00		<<--LR: 0.000125	<<--Train Epoch Total loss:0.4172619034007824
03/17 08:37:32 AM | 
---- Evaluating Model ----
03/17 08:39:10 AM | +-------+------------+---------+
| Index | Class name | AP      |
+-------+------------+---------+
| 0     | ship       | 0.93755 |
+-------+------------+---------+
03/17 08:39:10 AM | ---- mAP 0.9375547461791425
03/17 09:20:07 AM | <<<---->>> [Epoch 57/140, Batch 4381/4382] <<<---->>>
<<--ETA: 0:00:00		<<--LR: 0.000125	<<--Train Epoch Total loss:0.41502106985793924
03/17 09:20:07 AM | 
---- Evaluating Model ----
03/17 09:21:42 AM | +-------+------------+---------+
| Index | Class name | AP      |
+-------+------------+---------+
| 0     | ship       | 0.94619 |
+-------+------------+---------+
03/17 09:21:42 AM | ---- mAP 0.9461887390652213
03/17 10:02:41 AM | <<<---->>> [Epoch 58/140, Batch 4381/4382] <<<---->>>
<<--ETA: 0:00:00		<<--LR: 0.000125	<<--Train Epoch Total loss:0.41543860453134634
03/17 10:02:41 AM | 
---- Evaluating Model ----
03/17 10:04:16 AM | +-------+------------+---------+
| Index | Class name | AP      |
+-------+------------+---------+
| 0     | ship       | 0.94432 |
+-------+------------+---------+
03/17 10:04:16 AM | ---- mAP 0.9443238258174521
03/17 10:45:14 AM | <<<---->>> [Epoch 59/140, Batch 4381/4382] <<<---->>>
<<--ETA: 0:00:00		<<--LR: 0.000125	<<--Train Epoch Total loss:0.40657023259360786
03/17 10:45:14 AM | 
---- Evaluating Model ----
03/17 10:46:48 AM | +-------+------------+---------+
| Index | Class name | AP      |
+-------+------------+---------+
| 0     | ship       | 0.93968 |
+-------+------------+---------+
03/17 10:46:48 AM | ---- mAP 0.9396787493392823
03/17 11:27:45 AM | <<<---->>> [Epoch 60/140, Batch 4381/4382] <<<---->>>
<<--ETA: 0:00:00		<<--LR: 0.000125	<<--Train Epoch Total loss:0.4099146630504478
03/17 11:27:45 AM | 
---- Evaluating Model ----
03/17 11:29:20 AM | +-------+------------+---------+
| Index | Class name | AP      |
+-------+------------+---------+
| 0     | ship       | 0.94487 |
+-------+------------+---------+
03/17 11:29:20 AM | ---- mAP 0.9448724882843956
03/17 12:10:18 PM | <<<---->>> [Epoch 61/140, Batch 4381/4382] <<<---->>>
<<--ETA: 0:00:00		<<--LR: 0.000125	<<--Train Epoch Total loss:0.3965991976488567
03/17 12:10:18 PM | 
---- Evaluating Model ----
03/17 12:11:52 PM | +-------+------------+---------+
| Index | Class name | AP      |
+-------+------------+---------+
| 0     | ship       | 0.94030 |
+-------+------------+---------+
03/17 12:11:52 PM | ---- mAP 0.9402987563644816
03/17 12:52:51 PM | <<<---->>> [Epoch 62/140, Batch 4381/4382] <<<---->>>
<<--ETA: 0:00:00		<<--LR: 0.000125	<<--Train Epoch Total loss:0.3960410266322314
03/17 12:52:51 PM | 
---- Evaluating Model ----
03/17 12:54:28 PM | +-------+------------+---------+
| Index | Class name | AP      |
+-------+------------+---------+
| 0     | ship       | 0.94522 |
+-------+------------+---------+
03/17 12:54:28 PM | ---- mAP 0.9452152561299967
03/17 01:35:27 PM | <<<---->>> [Epoch 63/140, Batch 4381/4382] <<<---->>>
<<--ETA: 0:00:00		<<--LR: 0.000125	<<--Train Epoch Total loss:0.4005514185336669
03/17 01:35:27 PM | 
---- Evaluating Model ----
03/17 01:37:01 PM | +-------+------------+---------+
| Index | Class name | AP      |
+-------+------------+---------+
| 0     | ship       | 0.94723 |
+-------+------------+---------+
03/17 01:37:01 PM | ---- mAP 0.9472297152866922
03/17 02:18:00 PM | <<<---->>> [Epoch 64/140, Batch 4381/4382] <<<---->>>
<<--ETA: 0:00:00		<<--LR: 0.000125	<<--Train Epoch Total loss:0.3939602411654321
03/17 02:18:00 PM | 
---- Evaluating Model ----
03/17 02:19:38 PM | +-------+------------+---------+
| Index | Class name | AP      |
+-------+------------+---------+
| 0     | ship       | 0.93415 |
+-------+------------+---------+
03/17 02:19:38 PM | ---- mAP 0.9341496301051235
03/17 03:00:35 PM | <<<---->>> [Epoch 65/140, Batch 4381/4382] <<<---->>>
<<--ETA: 0:00:00		<<--LR: 0.000125	<<--Train Epoch Total loss:0.3836147237121923
03/17 03:00:35 PM | 
---- Evaluating Model ----
03/17 03:02:10 PM | +-------+------------+---------+
| Index | Class name | AP      |
+-------+------------+---------+
| 0     | ship       | 0.94264 |
+-------+------------+---------+
03/17 03:02:10 PM | ---- mAP 0.9426393782697295
03/17 03:43:09 PM | <<<---->>> [Epoch 66/140, Batch 4381/4382] <<<---->>>
<<--ETA: 0:00:00		<<--LR: 0.000125	<<--Train Epoch Total loss:0.38573578386539903
03/17 03:43:09 PM | 
---- Evaluating Model ----
03/17 03:44:46 PM | +-------+------------+---------+
| Index | Class name | AP      |
+-------+------------+---------+
| 0     | ship       | 0.94371 |
+-------+------------+---------+
03/17 03:44:46 PM | ---- mAP 0.9437088364867023
03/17 04:25:46 PM | <<<---->>> [Epoch 67/140, Batch 4381/4382] <<<---->>>
<<--ETA: 0:00:00		<<--LR: 0.000125	<<--Train Epoch Total loss:0.3750724564049272
03/17 04:25:46 PM | 
---- Evaluating Model ----
03/17 04:27:21 PM | +-------+------------+---------+
| Index | Class name | AP      |
+-------+------------+---------+
| 0     | ship       | 0.94385 |
+-------+------------+---------+
03/17 04:27:21 PM | ---- mAP 0.9438463537364614
03/17 05:08:23 PM | <<<---->>> [Epoch 68/140, Batch 4381/4382] <<<---->>>
<<--ETA: 0:00:00		<<--LR: 0.000125	<<--Train Epoch Total loss:0.3825912935151759
03/17 05:08:23 PM | 
---- Evaluating Model ----
03/17 05:09:58 PM | +-------+------------+---------+
| Index | Class name | AP      |
+-------+------------+---------+
| 0     | ship       | 0.94477 |
+-------+------------+---------+
03/17 05:09:58 PM | ---- mAP 0.9447694398753589
03/17 05:50:59 PM | <<<---->>> [Epoch 69/140, Batch 4381/4382] <<<---->>>
<<--ETA: 0:00:00		<<--LR: 0.000125	<<--Train Epoch Total loss:0.37469942463601846
03/17 05:50:59 PM | 
---- Evaluating Model ----
03/17 05:52:37 PM | +-------+------------+---------+
| Index | Class name | AP      |
+-------+------------+---------+
| 0     | ship       | 0.94080 |
+-------+------------+---------+
03/17 05:52:37 PM | ---- mAP 0.9408003520322221
03/17 06:33:36 PM | <<<---->>> [Epoch 70/140, Batch 4381/4382] <<<---->>>
<<--ETA: 0:00:00		<<--LR: 0.000125	<<--Train Epoch Total loss:0.3738214081839332
03/17 06:33:36 PM | 
---- Evaluating Model ----
03/17 06:35:11 PM | +-------+------------+---------+
| Index | Class name | AP      |
+-------+------------+---------+
| 0     | ship       | 0.94191 |
+-------+------------+---------+
03/17 06:35:11 PM | ---- mAP 0.9419145625657706
03/17 07:16:09 PM | <<<---->>> [Epoch 71/140, Batch 4381/4382] <<<---->>>
<<--ETA: 0:00:00		<<--LR: 0.000125	<<--Train Epoch Total loss:0.36657992222472613
03/17 07:16:09 PM | 
---- Evaluating Model ----
03/17 07:17:44 PM | +-------+------------+---------+
| Index | Class name | AP      |
+-------+------------+---------+
| 0     | ship       | 0.94339 |
+-------+------------+---------+
03/17 07:17:44 PM | ---- mAP 0.9433927691294757
03/17 07:58:43 PM | <<<---->>> [Epoch 72/140, Batch 4381/4382] <<<---->>>
<<--ETA: 0:00:00		<<--LR: 0.000125	<<--Train Epoch Total loss:0.35981064134063595
03/17 07:58:43 PM | 
---- Evaluating Model ----
03/17 08:00:17 PM | +-------+------------+---------+
| Index | Class name | AP      |
+-------+------------+---------+
| 0     | ship       | 0.94733 |
+-------+------------+---------+
03/17 08:00:17 PM | ---- mAP 0.9473265256013215
03/17 08:41:16 PM | <<<---->>> [Epoch 73/140, Batch 4381/4382] <<<---->>>
<<--ETA: 0:00:00		<<--LR: 0.000125	<<--Train Epoch Total loss:0.360524910421798
03/17 08:41:16 PM | 
---- Evaluating Model ----
03/17 08:42:54 PM | +-------+------------+---------+
| Index | Class name | AP      |
+-------+------------+---------+
| 0     | ship       | 0.94588 |
+-------+------------+---------+
03/17 08:42:54 PM | ---- mAP 0.9458775948123719
03/17 09:23:54 PM | <<<---->>> [Epoch 74/140, Batch 4381/4382] <<<---->>>
<<--ETA: 0:00:00		<<--LR: 0.000125	<<--Train Epoch Total loss:0.36100226123139284
03/17 09:23:54 PM | 
---- Evaluating Model ----
03/17 09:25:32 PM | +-------+------------+---------+
| Index | Class name | AP      |
+-------+------------+---------+
| 0     | ship       | 0.94364 |
+-------+------------+---------+
03/17 09:25:32 PM | ---- mAP 0.9436371479027372
03/17 10:06:31 PM | <<<---->>> [Epoch 75/140, Batch 4381/4382] <<<---->>>
<<--ETA: 0:00:00		<<--LR: 0.000125	<<--Train Epoch Total loss:0.3572254256638203
03/17 10:06:31 PM | 
---- Evaluating Model ----
03/17 10:08:06 PM | +-------+------------+---------+
| Index | Class name | AP      |
+-------+------------+---------+
| 0     | ship       | 0.94608 |
+-------+------------+---------+
03/17 10:08:06 PM | ---- mAP 0.9460807355061157
03/17 10:49:05 PM | <<<---->>> [Epoch 76/140, Batch 4381/4382] <<<---->>>
<<--ETA: 0:00:00		<<--LR: 0.000125	<<--Train Epoch Total loss:0.3639944636134158
03/17 10:49:05 PM | 
---- Evaluating Model ----
03/17 10:50:40 PM | +-------+------------+---------+
| Index | Class name | AP      |
+-------+------------+---------+
| 0     | ship       | 0.94424 |
+-------+------------+---------+
03/17 10:50:40 PM | ---- mAP 0.9442437926047165
03/17 11:31:39 PM | <<<---->>> [Epoch 77/140, Batch 4381/4382] <<<---->>>
<<--ETA: 0:00:00		<<--LR: 0.000125	<<--Train Epoch Total loss:0.3537981883320483
03/17 11:31:39 PM | 
---- Evaluating Model ----
03/17 11:33:14 PM | +-------+------------+---------+
| Index | Class name | AP      |
+-------+------------+---------+
| 0     | ship       | 0.94184 |
+-------+------------+---------+
03/17 11:33:14 PM | ---- mAP 0.941844291604859
03/18 12:14:12 AM | <<<---->>> [Epoch 78/140, Batch 4381/4382] <<<---->>>
<<--ETA: 0:00:00		<<--LR: 0.000125	<<--Train Epoch Total loss:0.34573863517443704
03/18 12:14:12 AM | 
---- Evaluating Model ----
03/18 12:15:47 AM | +-------+------------+---------+
| Index | Class name | AP      |
+-------+------------+---------+
| 0     | ship       | 0.94377 |
+-------+------------+---------+
03/18 12:15:47 AM | ---- mAP 0.9437672964216068
03/18 12:56:47 AM | <<<---->>> [Epoch 79/140, Batch 4381/4382] <<<---->>>
<<--ETA: 0:00:00		<<--LR: 0.000125	<<--Train Epoch Total loss:0.35213906334611933
03/18 12:56:47 AM | 
---- Evaluating Model ----
03/18 12:58:21 AM | +-------+------------+---------+
| Index | Class name | AP      |
+-------+------------+---------+
| 0     | ship       | 0.94513 |
+-------+------------+---------+
03/18 12:58:21 AM | ---- mAP 0.9451333896218665
03/18 01:39:19 AM | <<<---->>> [Epoch 80/140, Batch 4381/4382] <<<---->>>
<<--ETA: 0:00:00		<<--LR: 0.000125	<<--Train Epoch Total loss:0.35208241967803156
03/18 01:39:19 AM | 
---- Evaluating Model ----
03/18 01:40:57 AM | +-------+------------+---------+
| Index | Class name | AP      |
+-------+------------+---------+
| 0     | ship       | 0.94246 |
+-------+------------+---------+
03/18 01:40:57 AM | ---- mAP 0.9424609140515456
03/18 02:21:55 AM | <<<---->>> [Epoch 81/140, Batch 4381/4382] <<<---->>>
<<--ETA: 0:00:00		<<--LR: 0.000125	<<--Train Epoch Total loss:0.34956214836420724
03/18 02:21:55 AM | 
---- Evaluating Model ----
03/18 02:23:29 AM | +-------+------------+---------+
| Index | Class name | AP      |
+-------+------------+---------+
| 0     | ship       | 0.94734 |
+-------+------------+---------+
03/18 02:23:29 AM | ---- mAP 0.9473387570279572
03/18 03:04:32 AM | <<<---->>> [Epoch 82/140, Batch 4381/4382] <<<---->>>
<<--ETA: 0:00:00		<<--LR: 0.000125	<<--Train Epoch Total loss:0.33816702670699544
03/18 03:04:32 AM | 
---- Evaluating Model ----
03/18 03:06:06 AM | +-------+------------+---------+
| Index | Class name | AP      |
+-------+------------+---------+
| 0     | ship       | 0.93833 |
+-------+------------+---------+
03/18 03:06:06 AM | ---- mAP 0.9383273109387538
03/18 03:47:04 AM | <<<---->>> [Epoch 83/140, Batch 4381/4382] <<<---->>>
<<--ETA: 0:00:00		<<--LR: 0.000125	<<--Train Epoch Total loss:0.3331419982522767
03/18 03:47:04 AM | 
---- Evaluating Model ----
03/18 03:48:39 AM | +-------+------------+---------+
| Index | Class name | AP      |
+-------+------------+---------+
| 0     | ship       | 0.93989 |
+-------+------------+---------+
03/18 03:48:39 AM | ---- mAP 0.9398916013204727
03/18 04:29:37 AM | <<<---->>> [Epoch 84/140, Batch 4381/4382] <<<---->>>
<<--ETA: 0:00:00		<<--LR: 0.000125	<<--Train Epoch Total loss:0.3388774163055262
03/18 04:29:37 AM | 
---- Evaluating Model ----
03/18 04:31:12 AM | +-------+------------+---------+
| Index | Class name | AP      |
+-------+------------+---------+
| 0     | ship       | 0.93872 |
+-------+------------+---------+
03/18 04:31:12 AM | ---- mAP 0.9387203666598
03/18 05:12:09 AM | <<<---->>> [Epoch 85/140, Batch 4381/4382] <<<---->>>
<<--ETA: 0:00:00		<<--LR: 0.000125	<<--Train Epoch Total loss:0.3379570760040292
03/18 05:12:09 AM | 
---- Evaluating Model ----
03/18 05:13:44 AM | +-------+------------+---------+
| Index | Class name | AP      |
+-------+------------+---------+
| 0     | ship       | 0.94100 |
+-------+------------+---------+
03/18 05:13:44 AM | ---- mAP 0.941000917647367
03/18 05:54:41 AM | <<<---->>> [Epoch 86/140, Batch 4381/4382] <<<---->>>
<<--ETA: 0:00:00		<<--LR: 0.000125	<<--Train Epoch Total loss:0.33344005181576114
03/18 05:54:41 AM | 
---- Evaluating Model ----
03/18 05:56:16 AM | +-------+------------+---------+
| Index | Class name | AP      |
+-------+------------+---------+
| 0     | ship       | 0.94576 |
+-------+------------+---------+
03/18 05:56:16 AM | ---- mAP 0.9457593853165958
03/18 06:37:13 AM | <<<---->>> [Epoch 87/140, Batch 4381/4382] <<<---->>>
<<--ETA: 0:00:00		<<--LR: 0.000125	<<--Train Epoch Total loss:0.34043416523194814
03/18 06:37:13 AM | 
---- Evaluating Model ----
03/18 06:38:48 AM | +-------+------------+---------+
| Index | Class name | AP      |
+-------+------------+---------+
| 0     | ship       | 0.94140 |
+-------+------------+---------+
03/18 06:38:48 AM | ---- mAP 0.9413968327992865
03/18 07:19:45 AM | <<<---->>> [Epoch 88/140, Batch 4381/4382] <<<---->>>
<<--ETA: 0:00:00		<<--LR: 0.000125	<<--Train Epoch Total loss:0.3230146410505639
03/18 07:19:45 AM | 
---- Evaluating Model ----
03/18 07:21:19 AM | +-------+------------+---------+
| Index | Class name | AP      |
+-------+------------+---------+
| 0     | ship       | 0.93983 |
+-------+------------+---------+
03/18 07:21:19 AM | ---- mAP 0.9398313879150445
03/18 08:02:17 AM | <<<---->>> [Epoch 89/140, Batch 4381/4382] <<<---->>>
<<--ETA: 0:00:00		<<--LR: 0.000125	<<--Train Epoch Total loss:0.32259492381441435
03/18 08:02:17 AM | 
---- Evaluating Model ----
03/18 08:03:51 AM | +-------+------------+---------+
| Index | Class name | AP      |
+-------+------------+---------+
| 0     | ship       | 0.94351 |
+-------+------------+---------+
03/18 08:03:51 AM | ---- mAP 0.9435142710357007
03/18 08:44:51 AM | <<<---->>> [Epoch 90/140, Batch 4381/4382] <<<---->>>
<<--ETA: 0:00:00		<<--LR: 1.25e-06	<<--Train Epoch Total loss:0.22440830342189355
03/18 08:44:51 AM | 
---- Evaluating Model ----
03/18 08:46:25 AM | +-------+------------+---------+
| Index | Class name | AP      |
+-------+------------+---------+
| 0     | ship       | 0.94529 |
+-------+------------+---------+
03/18 08:46:25 AM | ---- mAP 0.9452929056436328
03/18 09:27:24 AM | <<<---->>> [Epoch 91/140, Batch 4381/4382] <<<---->>>
<<--ETA: 0:00:00		<<--LR: 1.25e-05	<<--Train Epoch Total loss:0.18151247294280476
03/18 09:27:24 AM | 
---- Evaluating Model ----
03/18 09:28:57 AM | +-------+------------+---------+
| Index | Class name | AP      |
+-------+------------+---------+
| 0     | ship       | 0.94277 |
+-------+------------+---------+
03/18 09:28:57 AM | ---- mAP 0.9427718565922684
03/18 10:10:00 AM | <<<---->>> [Epoch 92/140, Batch 4381/4382] <<<---->>>
<<--ETA: 0:00:00		<<--LR: 1.25e-05	<<--Train Epoch Total loss:0.16265734906479656
03/18 10:10:00 AM | 
---- Evaluating Model ----
03/18 10:11:35 AM | +-------+------------+---------+
| Index | Class name | AP      |
+-------+------------+---------+
| 0     | ship       | 0.94534 |
+-------+------------+---------+
03/18 10:11:35 AM | ---- mAP 0.9453441647836329
03/18 10:52:36 AM | <<<---->>> [Epoch 93/140, Batch 4381/4382] <<<---->>>
<<--ETA: 0:00:00		<<--LR: 1.25e-05	<<--Train Epoch Total loss:0.1486012089915917
03/18 10:52:36 AM | 
---- Evaluating Model ----
03/18 10:54:13 AM | +-------+------------+---------+
| Index | Class name | AP      |
+-------+------------+---------+
| 0     | ship       | 0.94368 |
+-------+------------+---------+
03/18 10:54:13 AM | ---- mAP 0.9436819740653617
03/18 11:35:12 AM | <<<---->>> [Epoch 94/140, Batch 4381/4382] <<<---->>>
<<--ETA: 0:00:00		<<--LR: 1.25e-05	<<--Train Epoch Total loss:0.14051702711943728
03/18 11:35:12 AM | 
---- Evaluating Model ----
03/18 11:36:47 AM | +-------+------------+---------+
| Index | Class name | AP      |
+-------+------------+---------+
| 0     | ship       | 0.93976 |
+-------+------------+---------+
03/18 11:36:47 AM | ---- mAP 0.9397574292065112
03/18 12:17:46 PM | <<<---->>> [Epoch 95/140, Batch 4381/4382] <<<---->>>
<<--ETA: 0:00:00		<<--LR: 1.25e-05	<<--Train Epoch Total loss:0.13245049923563157
03/18 12:17:46 PM | 
---- Evaluating Model ----
03/18 12:19:20 PM | +-------+------------+---------+
| Index | Class name | AP      |
+-------+------------+---------+
| 0     | ship       | 0.94083 |
+-------+------------+---------+
03/18 12:19:20 PM | ---- mAP 0.9408286662340279
03/18 01:00:20 PM | <<<---->>> [Epoch 96/140, Batch 4381/4382] <<<---->>>
<<--ETA: 0:00:00		<<--LR: 1.25e-05	<<--Train Epoch Total loss:0.12557171098037787
03/18 01:00:20 PM | 
---- Evaluating Model ----
03/18 01:01:57 PM | +-------+------------+---------+
| Index | Class name | AP      |
+-------+------------+---------+
| 0     | ship       | 0.94080 |
+-------+------------+---------+
03/18 01:01:57 PM | ---- mAP 0.9408002763567358
03/18 01:42:58 PM | <<<---->>> [Epoch 97/140, Batch 4381/4382] <<<---->>>
<<--ETA: 0:00:00		<<--LR: 1.25e-05	<<--Train Epoch Total loss:0.12115087484348343
03/18 01:42:58 PM | 
---- Evaluating Model ----
03/18 01:44:32 PM | +-------+------------+---------+
| Index | Class name | AP      |
+-------+------------+---------+
| 0     | ship       | 0.93931 |
+-------+------------+---------+
03/18 01:44:32 PM | ---- mAP 0.9393088421260345
03/18 02:25:30 PM | <<<---->>> [Epoch 98/140, Batch 4381/4382] <<<---->>>
<<--ETA: 0:00:00		<<--LR: 1.25e-05	<<--Train Epoch Total loss:0.11753026993595836
03/18 02:25:30 PM | 
---- Evaluating Model ----
03/18 02:27:08 PM | +-------+------------+---------+
| Index | Class name | AP      |
+-------+------------+---------+
| 0     | ship       | 0.93806 |
+-------+------------+---------+
03/18 02:27:08 PM | ---- mAP 0.9380628240155284
03/18 03:08:05 PM | <<<---->>> [Epoch 99/140, Batch 4381/4382] <<<---->>>
<<--ETA: 0:00:00		<<--LR: 1.25e-05	<<--Train Epoch Total loss:0.11186959340212853
03/18 03:08:05 PM | 
---- Evaluating Model ----
03/18 03:09:39 PM | +-------+------------+---------+
| Index | Class name | AP      |
+-------+------------+---------+
| 0     | ship       | 0.93950 |
+-------+------------+---------+
03/18 03:09:39 PM | ---- mAP 0.9395029486371552
03/18 03:50:36 PM | <<<---->>> [Epoch 100/140, Batch 4381/4382] <<<---->>>
<<--ETA: 0:00:00		<<--LR: 1.25e-05	<<--Train Epoch Total loss:0.10946649152807643
03/18 03:50:36 PM | 
---- Evaluating Model ----
03/18 03:52:10 PM | +-------+------------+---------+
| Index | Class name | AP      |
+-------+------------+---------+
| 0     | ship       | 0.93924 |
+-------+------------+---------+
03/18 03:52:10 PM | ---- mAP 0.9392352428255581
03/18 04:33:10 PM | <<<---->>> [Epoch 101/140, Batch 4381/4382] <<<---->>>
<<--ETA: 0:00:00		<<--LR: 1.25e-05	<<--Train Epoch Total loss:0.10794039054113619
03/18 04:33:10 PM | 
---- Evaluating Model ----
03/18 04:34:47 PM | +-------+------------+---------+
| Index | Class name | AP      |
+-------+------------+---------+
| 0     | ship       | 0.93709 |
+-------+------------+---------+
03/18 04:34:47 PM | ---- mAP 0.9370891577409557
03/18 05:15:46 PM | <<<---->>> [Epoch 102/140, Batch 4381/4382] <<<---->>>
<<--ETA: 0:00:00		<<--LR: 1.25e-05	<<--Train Epoch Total loss:0.10317178121893333
03/18 05:15:46 PM | 
---- Evaluating Model ----
03/18 05:17:21 PM | +-------+------------+---------+
| Index | Class name | AP      |
+-------+------------+---------+
| 0     | ship       | 0.93580 |
+-------+------------+---------+
03/18 05:17:21 PM | ---- mAP 0.9357998225810313
03/18 05:58:20 PM | <<<---->>> [Epoch 103/140, Batch 4381/4382] <<<---->>>
<<--ETA: 0:00:00		<<--LR: 1.25e-05	<<--Train Epoch Total loss:0.10086341905320469
03/18 05:58:20 PM | 
---- Evaluating Model ----
03/18 05:59:55 PM | +-------+------------+---------+
| Index | Class name | AP      |
+-------+------------+---------+
| 0     | ship       | 0.93653 |
+-------+------------+---------+
03/18 05:59:55 PM | ---- mAP 0.936528744979625
03/18 06:40:55 PM | <<<---->>> [Epoch 104/140, Batch 4381/4382] <<<---->>>
<<--ETA: 0:00:00		<<--LR: 1.25e-05	<<--Train Epoch Total loss:0.09879986967913558
03/18 06:40:55 PM | 
---- Evaluating Model ----
03/18 06:42:29 PM | +-------+------------+---------+
| Index | Class name | AP      |
+-------+------------+---------+
| 0     | ship       | 0.93520 |
+-------+------------+---------+
03/18 06:42:29 PM | ---- mAP 0.9351974014553772
03/18 07:23:30 PM | <<<---->>> [Epoch 105/140, Batch 4381/4382] <<<---->>>
<<--ETA: 0:00:00		<<--LR: 1.25e-05	<<--Train Epoch Total loss:0.0957163324216589
03/18 07:23:30 PM | 
---- Evaluating Model ----
03/18 07:25:04 PM | +-------+------------+---------+
| Index | Class name | AP      |
+-------+------------+---------+
| 0     | ship       | 0.93671 |
+-------+------------+---------+
03/18 07:25:04 PM | ---- mAP 0.9367050745725528
03/18 08:06:03 PM | <<<---->>> [Epoch 106/140, Batch 4381/4382] <<<---->>>
<<--ETA: 0:00:00		<<--LR: 1.25e-05	<<--Train Epoch Total loss:0.09289878554002899
03/18 08:06:03 PM | 
---- Evaluating Model ----
03/18 08:07:37 PM | +-------+------------+---------+
| Index | Class name | AP      |
+-------+------------+---------+
| 0     | ship       | 0.93645 |
+-------+------------+---------+
03/18 08:07:37 PM | ---- mAP 0.9364460277500604
03/18 08:48:39 PM | <<<---->>> [Epoch 107/140, Batch 4381/4382] <<<---->>>
<<--ETA: 0:00:00		<<--LR: 1.25e-05	<<--Train Epoch Total loss:0.09156734051734604
03/18 08:48:39 PM | 
---- Evaluating Model ----
03/18 08:50:13 PM | +-------+------------+---------+
| Index | Class name | AP      |
+-------+------------+---------+
| 0     | ship       | 0.93654 |
+-------+------------+---------+
03/18 08:50:13 PM | ---- mAP 0.9365437371718663
03/18 09:31:11 PM | <<<---->>> [Epoch 108/140, Batch 4381/4382] <<<---->>>
<<--ETA: 0:00:00		<<--LR: 1.25e-05	<<--Train Epoch Total loss:0.09063146535914166
03/18 09:31:11 PM | 
---- Evaluating Model ----
03/18 09:32:45 PM | +-------+------------+---------+
| Index | Class name | AP      |
+-------+------------+---------+
| 0     | ship       | 0.93643 |
+-------+------------+---------+
03/18 09:32:45 PM | ---- mAP 0.9364313926621649
03/18 10:13:44 PM | <<<---->>> [Epoch 109/140, Batch 4381/4382] <<<---->>>
<<--ETA: 0:00:00		<<--LR: 1.25e-05	<<--Train Epoch Total loss:0.08751013067124615
03/18 10:13:44 PM | 
---- Evaluating Model ----
03/18 10:15:18 PM | +-------+------------+---------+
| Index | Class name | AP      |
+-------+------------+---------+
| 0     | ship       | 0.93495 |
+-------+------------+---------+
03/18 10:15:18 PM | ---- mAP 0.934945405083998
03/18 10:56:17 PM | <<<---->>> [Epoch 110/140, Batch 4381/4382] <<<---->>>
<<--ETA: 0:00:00		<<--LR: 1.25e-05	<<--Train Epoch Total loss:0.08627118063739504
03/18 10:56:17 PM | 
---- Evaluating Model ----
03/18 10:57:51 PM | +-------+------------+---------+
| Index | Class name | AP      |
+-------+------------+---------+
| 0     | ship       | 0.93513 |
+-------+------------+---------+
03/18 10:57:51 PM | ---- mAP 0.9351290371274618
03/18 11:38:49 PM | <<<---->>> [Epoch 111/140, Batch 4381/4382] <<<---->>>
<<--ETA: 0:00:00		<<--LR: 1.25e-05	<<--Train Epoch Total loss:0.08466563115830715
03/18 11:38:49 PM | 
---- Evaluating Model ----
03/18 11:40:26 PM | +-------+------------+---------+
| Index | Class name | AP      |
+-------+------------+---------+
| 0     | ship       | 0.93457 |
+-------+------------+---------+
03/18 11:40:26 PM | ---- mAP 0.9345677691379959
03/19 12:21:24 AM | <<<---->>> [Epoch 112/140, Batch 4381/4382] <<<---->>>
<<--ETA: 0:00:00		<<--LR: 1.25e-05	<<--Train Epoch Total loss:0.08144877617817418
03/19 12:21:24 AM | 
---- Evaluating Model ----
03/19 12:22:58 AM | +-------+------------+---------+
| Index | Class name | AP      |
+-------+------------+---------+
| 0     | ship       | 0.93276 |
+-------+------------+---------+
03/19 12:22:58 AM | ---- mAP 0.9327637504469238
03/19 01:03:55 AM | <<<---->>> [Epoch 113/140, Batch 4381/4382] <<<---->>>
<<--ETA: 0:00:00		<<--LR: 1.25e-05	<<--Train Epoch Total loss:0.08228373786562901
03/19 01:03:55 AM | 
---- Evaluating Model ----
03/19 01:05:29 AM | +-------+------------+---------+
| Index | Class name | AP      |
+-------+------------+---------+
| 0     | ship       | 0.93475 |
+-------+------------+---------+
03/19 01:05:29 AM | ---- mAP 0.9347469294071468
03/19 01:46:28 AM | <<<---->>> [Epoch 114/140, Batch 4381/4382] <<<---->>>
<<--ETA: 0:00:00		<<--LR: 1.25e-05	<<--Train Epoch Total loss:0.08097363270254698
03/19 01:46:28 AM | 
---- Evaluating Model ----
03/19 01:48:05 AM | +-------+------------+---------+
| Index | Class name | AP      |
+-------+------------+---------+
| 0     | ship       | 0.93580 |
+-------+------------+---------+
03/19 01:48:05 AM | ---- mAP 0.9357960138110126
03/19 02:29:04 AM | <<<---->>> [Epoch 115/140, Batch 4381/4382] <<<---->>>
<<--ETA: 0:00:00		<<--LR: 1.25e-05	<<--Train Epoch Total loss:0.07813231251829499
03/19 02:29:04 AM | 
---- Evaluating Model ----
03/19 02:30:38 AM | +-------+------------+---------+
| Index | Class name | AP      |
+-------+------------+---------+
| 0     | ship       | 0.93537 |
+-------+------------+---------+
03/19 02:30:38 AM | ---- mAP 0.9353731606380019
03/19 03:11:35 AM | <<<---->>> [Epoch 116/140, Batch 4381/4382] <<<---->>>
<<--ETA: 0:00:00		<<--LR: 1.25e-05	<<--Train Epoch Total loss:0.0765595558107525
03/19 03:11:35 AM | 
---- Evaluating Model ----
03/19 03:13:09 AM | +-------+------------+---------+
| Index | Class name | AP      |
+-------+------------+---------+
| 0     | ship       | 0.93407 |
+-------+------------+---------+
03/19 03:13:09 AM | ---- mAP 0.9340666553362423
03/19 03:54:07 AM | <<<---->>> [Epoch 117/140, Batch 4381/4382] <<<---->>>
<<--ETA: 0:00:00		<<--LR: 1.25e-05	<<--Train Epoch Total loss:0.07523770813436159
03/19 03:54:07 AM | 
---- Evaluating Model ----
03/19 03:55:41 AM | +-------+------------+---------+
| Index | Class name | AP      |
+-------+------------+---------+
| 0     | ship       | 0.93244 |
+-------+------------+---------+
03/19 03:55:41 AM | ---- mAP 0.9324401330906775
03/19 04:36:39 AM | <<<---->>> [Epoch 118/140, Batch 4381/4382] <<<---->>>
<<--ETA: 0:00:00		<<--LR: 1.25e-05	<<--Train Epoch Total loss:0.07526929671644471
03/19 04:36:39 AM | 
---- Evaluating Model ----
03/19 04:38:13 AM | +-------+------------+---------+
| Index | Class name | AP      |
+-------+------------+---------+
| 0     | ship       | 0.93319 |
+-------+------------+---------+
03/19 04:38:13 AM | ---- mAP 0.9331947404401019
03/19 05:19:10 AM | <<<---->>> [Epoch 119/140, Batch 4381/4382] <<<---->>>
<<--ETA: 0:00:00		<<--LR: 1.25e-05	<<--Train Epoch Total loss:0.07412754755130523
03/19 05:19:10 AM | 
---- Evaluating Model ----
03/19 05:20:47 AM | +-------+------------+---------+
| Index | Class name | AP      |
+-------+------------+---------+
| 0     | ship       | 0.93275 |
+-------+------------+---------+
03/19 05:20:47 AM | ---- mAP 0.9327516962975062
03/19 06:01:45 AM | <<<---->>> [Epoch 120/140, Batch 4381/4382] <<<---->>>
<<--ETA: 0:00:00		<<--LR: 1.2500000000000002e-07	<<--Train Epoch Total loss:0.06872327760880408
03/19 06:01:45 AM | 
---- Evaluating Model ----
03/19 06:03:19 AM | +-------+------------+---------+
| Index | Class name | AP      |
+-------+------------+---------+
| 0     | ship       | 0.93110 |
+-------+------------+---------+
03/19 06:03:19 AM | ---- mAP 0.9310984334430048
03/19 06:44:18 AM | <<<---->>> [Epoch 121/140, Batch 4381/4382] <<<---->>>
<<--ETA: 0:00:00		<<--LR: 1.25e-06	<<--Train Epoch Total loss:0.06659854799024471
03/19 06:44:18 AM | 
---- Evaluating Model ----
03/19 06:45:52 AM | +-------+------------+---------+
| Index | Class name | AP      |
+-------+------------+---------+
| 0     | ship       | 0.93408 |
+-------+------------+---------+
03/19 06:45:52 AM | ---- mAP 0.9340808697336629
03/19 07:26:48 AM | <<<---->>> [Epoch 122/140, Batch 4381/4382] <<<---->>>
<<--ETA: 0:00:00		<<--LR: 1.25e-06	<<--Train Epoch Total loss:0.06498935559466107
03/19 07:26:48 AM | 
---- Evaluating Model ----
03/19 07:28:22 AM | +-------+------------+---------+
| Index | Class name | AP      |
+-------+------------+---------+
| 0     | ship       | 0.93239 |
+-------+------------+---------+
03/19 07:28:22 AM | ---- mAP 0.9323853425578887
03/19 08:09:19 AM | <<<---->>> [Epoch 123/140, Batch 4381/4382] <<<---->>>
<<--ETA: 0:00:00		<<--LR: 1.25e-06	<<--Train Epoch Total loss:0.06409600089907319
03/19 08:09:19 AM | 
---- Evaluating Model ----
03/19 08:10:53 AM | +-------+------------+---------+
| Index | Class name | AP      |
+-------+------------+---------+
| 0     | ship       | 0.93198 |
+-------+------------+---------+
03/19 08:10:53 AM | ---- mAP 0.9319807048487256
03/19 08:51:53 AM | <<<---->>> [Epoch 124/140, Batch 4381/4382] <<<---->>>
<<--ETA: 0:00:00		<<--LR: 1.25e-06	<<--Train Epoch Total loss:0.06328422418489052
03/19 08:51:53 AM | 
---- Evaluating Model ----
03/19 08:53:27 AM | +-------+------------+---------+
| Index | Class name | AP      |
+-------+------------+---------+
| 0     | ship       | 0.93301 |
+-------+------------+---------+
03/19 08:53:27 AM | ---- mAP 0.9330064333342956
03/19 09:34:24 AM | <<<---->>> [Epoch 125/140, Batch 4381/4382] <<<---->>>
<<--ETA: 0:00:00		<<--LR: 1.25e-06	<<--Train Epoch Total loss:0.06264022390503948
03/19 09:34:24 AM | 
---- Evaluating Model ----
03/19 09:36:01 AM | +-------+------------+---------+
| Index | Class name | AP      |
+-------+------------+---------+
| 0     | ship       | 0.93405 |
+-------+------------+---------+
03/19 09:36:01 AM | ---- mAP 0.9340537446587391
03/19 10:16:56 AM | <<<---->>> [Epoch 126/140, Batch 4381/4382] <<<---->>>
<<--ETA: 0:00:00		<<--LR: 1.25e-06	<<--Train Epoch Total loss:0.062108068017519426
03/19 10:16:56 AM | 
---- Evaluating Model ----
03/19 10:18:33 AM | +-------+------------+---------+
| Index | Class name | AP      |
+-------+------------+---------+
| 0     | ship       | 0.93351 |
+-------+------------+---------+
03/19 10:18:33 AM | ---- mAP 0.933508747359053
03/19 10:59:30 AM | <<<---->>> [Epoch 127/140, Batch 4381/4382] <<<---->>>
<<--ETA: 0:00:00		<<--LR: 1.25e-06	<<--Train Epoch Total loss:0.06162696908173266
03/19 10:59:30 AM | 
---- Evaluating Model ----
03/19 11:01:04 AM | +-------+------------+---------+
| Index | Class name | AP      |
+-------+------------+---------+
| 0     | ship       | 0.93180 |
+-------+------------+---------+
03/19 11:01:04 AM | ---- mAP 0.9318023868724477
03/19 11:42:00 AM | <<<---->>> [Epoch 128/140, Batch 4381/4382] <<<---->>>
<<--ETA: 0:00:00		<<--LR: 1.25e-06	<<--Train Epoch Total loss:0.061082997001853774
03/19 11:42:00 AM | 
---- Evaluating Model ----
03/19 11:43:37 AM | +-------+------------+---------+
| Index | Class name | AP      |
+-------+------------+---------+
| 0     | ship       | 0.93125 |
+-------+------------+---------+
03/19 11:43:37 AM | ---- mAP 0.9312504750835995
03/19 12:24:33 PM | <<<---->>> [Epoch 129/140, Batch 4381/4382] <<<---->>>
<<--ETA: 0:00:00		<<--LR: 1.25e-06	<<--Train Epoch Total loss:0.06091871252899802
03/19 12:24:33 PM | 
---- Evaluating Model ----
03/19 12:26:07 PM | +-------+------------+---------+
| Index | Class name | AP      |
+-------+------------+---------+
| 0     | ship       | 0.93111 |
+-------+------------+---------+
03/19 12:26:07 PM | ---- mAP 0.9311059954527097
03/19 01:07:04 PM | <<<---->>> [Epoch 130/140, Batch 4381/4382] <<<---->>>
<<--ETA: 0:00:00		<<--LR: 1.25e-06	<<--Train Epoch Total loss:0.06017375563831157
03/19 01:07:04 PM | 
---- Evaluating Model ----
03/19 01:08:38 PM | +-------+------------+---------+
| Index | Class name | AP      |
+-------+------------+---------+
| 0     | ship       | 0.93104 |
+-------+------------+---------+
03/19 01:08:38 PM | ---- mAP 0.9310372315013249
03/19 01:49:36 PM | <<<---->>> [Epoch 131/140, Batch 4381/4382] <<<---->>>
<<--ETA: 0:00:00		<<--LR: 1.25e-06	<<--Train Epoch Total loss:0.05989467009174285
03/19 01:49:36 PM | 
---- Evaluating Model ----
03/19 01:51:10 PM | +-------+------------+---------+
| Index | Class name | AP      |
+-------+------------+---------+
| 0     | ship       | 0.93015 |
+-------+------------+---------+
03/19 01:51:10 PM | ---- mAP 0.9301451843393531
03/19 02:32:07 PM | <<<---->>> [Epoch 132/140, Batch 4381/4382] <<<---->>>
<<--ETA: 0:00:00		<<--LR: 1.25e-06	<<--Train Epoch Total loss:0.05944219903041924
03/19 02:32:07 PM | 
---- Evaluating Model ----
03/19 02:33:41 PM | +-------+------------+---------+
| Index | Class name | AP      |
+-------+------------+---------+
| 0     | ship       | 0.93215 |
+-------+------------+---------+
03/19 02:33:41 PM | ---- mAP 0.9321486232716258
03/19 03:14:38 PM | <<<---->>> [Epoch 133/140, Batch 4381/4382] <<<---->>>
<<--ETA: 0:00:00		<<--LR: 1.25e-06	<<--Train Epoch Total loss:0.0589744860696594
03/19 03:14:38 PM | 
---- Evaluating Model ----
03/19 03:16:11 PM | +-------+------------+---------+
| Index | Class name | AP      |
+-------+------------+---------+
| 0     | ship       | 0.93137 |
+-------+------------+---------+
03/19 03:16:11 PM | ---- mAP 0.9313678466142853
03/19 03:57:10 PM | <<<---->>> [Epoch 134/140, Batch 4381/4382] <<<---->>>
<<--ETA: 0:00:00		<<--LR: 1.25e-06	<<--Train Epoch Total loss:0.05859501250062711
03/19 03:57:10 PM | 
---- Evaluating Model ----
03/19 03:58:44 PM | +-------+------------+---------+
| Index | Class name | AP      |
+-------+------------+---------+
| 0     | ship       | 0.93147 |
+-------+------------+---------+
03/19 03:58:44 PM | ---- mAP 0.9314654774306157
03/19 04:39:41 PM | <<<---->>> [Epoch 135/140, Batch 4381/4382] <<<---->>>
<<--ETA: 0:00:00		<<--LR: 1.25e-06	<<--Train Epoch Total loss:0.05845442672087103
03/19 04:39:41 PM | 
---- Evaluating Model ----
03/19 04:41:15 PM | +-------+------------+---------+
| Index | Class name | AP      |
+-------+------------+---------+
| 0     | ship       | 0.93163 |
+-------+------------+---------+
03/19 04:41:15 PM | ---- mAP 0.9316264141589594
03/19 05:22:12 PM | <<<---->>> [Epoch 136/140, Batch 4381/4382] <<<---->>>
<<--ETA: 0:00:00		<<--LR: 1.25e-06	<<--Train Epoch Total loss:0.05786622674657106
03/19 05:22:12 PM | 
---- Evaluating Model ----
03/19 05:23:46 PM | +-------+------------+---------+
| Index | Class name | AP      |
+-------+------------+---------+
| 0     | ship       | 0.93026 |
+-------+------------+---------+
03/19 05:23:46 PM | ---- mAP 0.9302573662997685
03/19 06:04:42 PM | <<<---->>> [Epoch 137/140, Batch 4381/4382] <<<---->>>
<<--ETA: 0:00:00		<<--LR: 1.25e-06	<<--Train Epoch Total loss:0.05781601246621499
03/19 06:04:42 PM | 
---- Evaluating Model ----
03/19 06:06:16 PM | +-------+------------+---------+
| Index | Class name | AP      |
+-------+------------+---------+
| 0     | ship       | 0.93023 |
+-------+------------+---------+
03/19 06:06:16 PM | ---- mAP 0.9302300140747729
03/19 06:47:11 PM | <<<---->>> [Epoch 138/140, Batch 4381/4382] <<<---->>>
<<--ETA: 0:00:00		<<--LR: 1.25e-06	<<--Train Epoch Total loss:0.0578405465752172
03/19 06:47:11 PM | 
---- Evaluating Model ----
03/19 06:48:44 PM | +-------+------------+---------+
| Index | Class name | AP      |
+-------+------------+---------+
| 0     | ship       | 0.93299 |
+-------+------------+---------+
03/19 06:48:44 PM | ---- mAP 0.9329900967244834
03/19 07:29:40 PM | <<<---->>> [Epoch 139/140, Batch 4381/4382] <<<---->>>
<<--ETA: 0:00:00		<<--LR: 1.25e-06	<<--Train Epoch Total loss:0.05727446978101579
03/19 07:29:40 PM | 
---- Evaluating Model ----
03/19 07:31:14 PM | +-------+------------+---------+
| Index | Class name | AP      |
+-------+------------+---------+
| 0     | ship       | 0.93267 |
+-------+------------+---------+
03/19 07:31:14 PM | ---- mAP 0.9326663407671874
